Open5GS daemon v2.4.4

01/12 12:58:03.699: [app] INFO: Configuration: '/open5gs/install/etc/open5gs/amf.yaml' (../lib/app/ogs-init.c:129)
01/12 12:58:03.700: [app] INFO: File Logging: '/open5gs/install/var/log/open5gs/amf.log' (../lib/app/ogs-init.c:132)
01/12 12:58:03.736: [sbi] INFO: nghttp2_server() [127.0.0.5]:7777 (../lib/sbi/nghttp2-server.c:144)
01/12 12:58:03.842: [sock] ERROR: socket bind(2) [192.168.0.111]:38412 failed (99:Cannot assign requested address) (../lib/core/ogs-socket.c:109)
01/12 12:58:03.854: [sock] ERROR: sctp_server() [192.168.0.111]:38412 failed (99:Cannot assign requested address) (../lib/sctp/ogs-lksctp.c:99)
01/12 12:58:03.854: [sctp] ERROR: Failed to intialize AMF (../src/amf/app.c:30)
01/12 12:58:03.854: [app] FATAL: Open5GS initialization failed. Aborted (../src/main.c:219)
Open5GS daemon v2.4.4

01/12 13:01:03.805: [app] INFO: Configuration: '/open5gs/install/etc/open5gs/amf.yaml' (../lib/app/ogs-init.c:129)
01/12 13:01:03.805: [app] INFO: File Logging: '/open5gs/install/var/log/open5gs/amf.log' (../lib/app/ogs-init.c:132)
01/12 13:01:03.811: [sbi] INFO: nghttp2_server() [127.0.0.5]:7777 (../lib/sbi/nghttp2-server.c:144)
01/12 13:01:03.813: [amf] INFO: ngap_server() [192.168.0.111]:38412 (../src/amf/ngap-sctp.c:53)
01/12 13:01:03.816: [sctp] INFO: AMF initialize...done (../src/amf/app.c:33)
01/12 13:01:03.817: [amf] INFO: [2b929002-9279-41ed-ad01-81b5ad6fcc4c] NF registred [Heartbeat:10s] (../src/amf/nf-sm.c:198)
01/12 13:01:03.911: [amf] INFO: [2b914fe4-9279-41ed-88b3-df0285d836ba] (NRF-notify) NF registered (../src/amf/nnrf-handler.c:182)
01/12 13:01:03.912: [amf] INFO: [2b914fe4-9279-41ed-88b3-df0285d836ba] (NRF-notify) NF Profile updated (../src/amf/nnrf-handler.c:201)
01/12 13:01:20.988: [amf] INFO: gNB-N2 accepted[192.168.0.131]:42209 in ng-path module (../src/amf/ngap-sctp.c:105)
01/12 13:01:20.994: [amf] INFO: gNB-N2 accepted[192.168.0.131] in master_sm module (../src/amf/amf-sm.c:619)
01/12 13:01:20.996: [amf] INFO: [GNB] max_num_of_ostreams : 30 (../src/amf/context.c:854)
01/12 13:01:20.996: [amf] INFO: [Added] Number of gNBs is now 1 (../src/amf/context.c:869)
01/12 13:01:26.359: [amf] INFO: InitialUEMessage (../src/amf/ngap-handler.c:361)
01/12 13:01:26.360: [amf] INFO: [Added] Number of gNB-UEs is now 1 (../src/amf/context.c:2064)
01/12 13:01:26.360: [amf] INFO:     RAN_UE_NGAP_ID[1] AMF_UE_NGAP_ID[1] TAC[1] CellID[0x10] (../src/amf/ngap-handler.c:497)
01/12 13:01:26.362: [amf] INFO: [suci-0-001-01-0000-0-0-1234567895] Unknown UE by SUCI (../src/amf/context.c:1390)
01/12 13:01:26.363: [amf] INFO: [Added] Number of AMF-UEs is now 1 (../src/amf/context.c:1189)
01/12 13:01:26.364: [gmm] INFO: Registration request (../src/amf/gmm-sm.c:134)
01/12 13:01:26.365: [gmm] INFO: [suci-0-001-01-0000-0-0-1234567895]    SUCI (../src/amf/gmm-handler.c:157)
01/12 13:01:26.365: [app] WARNING: Try to discover [AUSF] (../lib/sbi/path.c:110)
01/12 13:01:26.367: [amf] INFO: [2b90ca10-9279-41ed-9e17-db2e8bc1bafd] (NF-discover) NF registered (../src/amf/nnrf-handler.c:342)
01/12 13:01:26.367: [amf] INFO: [2b90ca10-9279-41ed-9e17-db2e8bc1bafd] (NF-discover) NF Profile updated (../src/amf/nnrf-handler.c:402)
01/12 13:01:26.525: [gmm] WARNING: Authentication failure(Synch failure) (../src/amf/gmm-sm.c:548)
01/12 13:01:26.827: [app] WARNING: Try to discover [UDM] (../lib/sbi/path.c:110)
01/12 13:01:26.828: [amf] INFO: [2b8e1dc4-9279-41ed-8bbd-612b3c1017f5] (NF-discover) NF registered (../src/amf/nnrf-handler.c:342)
01/12 13:01:26.829: [amf] INFO: [2b8e1dc4-9279-41ed-8bbd-612b3c1017f5] (NF-discover) NF Profile updated (../src/amf/nnrf-handler.c:402)
01/12 13:01:26.839: [app] WARNING: Try to discover [PCF] (../lib/sbi/path.c:110)
01/12 13:01:26.842: [amf] INFO: [2b8f00cc-9279-41ed-9dad-3bf7022bc5a7] (NF-discover) NF registered (../src/amf/nnrf-handler.c:342)
01/12 13:01:26.843: [amf] INFO: [2b8f00cc-9279-41ed-9dad-3bf7022bc5a7] (NF-discover) NF Profile updated (../src/amf/nnrf-handler.c:402)
01/12 13:01:27.324: [gmm] INFO: [imsi-001011234567895] Registration complete (../src/amf/gmm-sm.c:1063)
01/12 13:01:27.325: [amf] INFO: [imsi-001011234567895] Configuration update command (../src/amf/nas-path.c:389)
01/12 13:01:27.325: [gmm] INFO:     UTC [2023-01-12T13:01:27] Timezone[0]/DST[0] (../src/amf/gmm-build.c:502)
01/12 13:01:27.325: [gmm] INFO:     LOCAL [2023-01-12T13:01:27] Timezone[0]/DST[0] (../src/amf/gmm-build.c:507)
01/12 13:01:27.326: [amf] INFO: [Added] Number of AMF-Sessions is now 1 (../src/amf/context.c:2076)
01/12 13:01:27.326: [gmm] INFO: UE SUPI[imsi-001011234567895] DNN[internet] S_NSSAI[SST:1 SD:0x1] (../src/amf/gmm-handler.c:1047)
01/12 13:01:27.335: [amf] INFO: [Added] Number of AMF-Sessions is now 2 (../src/amf/context.c:2076)
01/12 13:01:27.336: [gmm] INFO: UE SUPI[imsi-001011234567895] DNN[mec] S_NSSAI[SST:2 SD:0x1] (../src/amf/gmm-handler.c:1047)
Open5GS daemon v2.4.4

01/13 13:17:37.206: [app] INFO: Configuration: '/open5gs/install/etc/open5gs/amf.yaml' (../lib/app/ogs-init.c:129)
01/13 13:17:37.206: [app] INFO: File Logging: '/open5gs/install/var/log/open5gs/amf.log' (../lib/app/ogs-init.c:132)
01/13 13:17:37.219: [sbi] INFO: nghttp2_server() [127.0.0.5]:7777 (../lib/sbi/nghttp2-server.c:144)
01/13 13:17:37.230: [sock] ERROR: socket bind(2) [192.168.0.111]:38412 failed (99:Cannot assign requested address) (../lib/core/ogs-socket.c:109)
01/13 13:17:37.236: [sock] ERROR: sctp_server() [192.168.0.111]:38412 failed (99:Cannot assign requested address) (../lib/sctp/ogs-lksctp.c:99)
01/13 13:17:37.237: [sctp] ERROR: Failed to intialize AMF (../src/amf/app.c:30)
01/13 13:17:37.237: [app] FATAL: Open5GS initialization failed. Aborted (../src/main.c:219)
Open5GS daemon v2.4.4

01/13 13:21:10.006: [app] INFO: Configuration: '/open5gs/install/etc/open5gs/amf.yaml' (../lib/app/ogs-init.c:129)
01/13 13:21:10.006: [app] INFO: File Logging: '/open5gs/install/var/log/open5gs/amf.log' (../lib/app/ogs-init.c:132)
01/13 13:21:10.010: [sbi] INFO: nghttp2_server() [127.0.0.5]:7777 (../lib/sbi/nghttp2-server.c:144)
01/13 13:21:10.018: [amf] INFO: ngap_server() [192.168.0.111]:38412 (../src/amf/ngap-sctp.c:53)
01/13 13:21:10.019: [sctp] INFO: AMF initialize...done (../src/amf/app.c:33)
01/13 13:21:10.027: [amf] INFO: [24efcf18-9345-41ed-acb8-195d7a298fba] NF registred [Heartbeat:10s] (../src/amf/nf-sm.c:198)
01/13 13:21:10.102: [amf] INFO: [24f1d3bc-9345-41ed-8ad6-79981510cba6] (NRF-notify) NF registered (../src/amf/nnrf-handler.c:182)
01/13 13:21:10.102: [amf] INFO: [24f1d3bc-9345-41ed-8ad6-79981510cba6] (NRF-notify) NF Profile updated (../src/amf/nnrf-handler.c:201)
01/13 13:21:27.625: [amf] INFO: gNB-N2 accepted[192.168.0.131]:48645 in ng-path module (../src/amf/ngap-sctp.c:105)
01/13 13:21:27.627: [amf] INFO: gNB-N2 accepted[192.168.0.131] in master_sm module (../src/amf/amf-sm.c:619)
01/13 13:21:27.629: [amf] INFO: [GNB] max_num_of_ostreams : 30 (../src/amf/context.c:854)
01/13 13:21:27.629: [amf] INFO: [Added] Number of gNBs is now 1 (../src/amf/context.c:869)
01/13 13:21:35.689: [amf] INFO: InitialUEMessage (../src/amf/ngap-handler.c:361)
01/13 13:21:35.690: [amf] INFO: [Added] Number of gNB-UEs is now 1 (../src/amf/context.c:2064)
01/13 13:21:35.690: [amf] INFO:     RAN_UE_NGAP_ID[1] AMF_UE_NGAP_ID[1] TAC[1] CellID[0x10] (../src/amf/ngap-handler.c:497)
01/13 13:21:35.695: [amf] INFO: [suci-0-001-01-0000-0-0-1234567895] Unknown UE by SUCI (../src/amf/context.c:1390)
01/13 13:21:35.698: [amf] INFO: [Added] Number of AMF-UEs is now 1 (../src/amf/context.c:1189)
01/13 13:21:35.698: [gmm] INFO: Registration request (../src/amf/gmm-sm.c:134)
01/13 13:21:35.700: [gmm] INFO: [suci-0-001-01-0000-0-0-1234567895]    SUCI (../src/amf/gmm-handler.c:157)
01/13 13:21:35.704: [app] WARNING: Try to discover [AUSF] (../lib/sbi/path.c:110)
01/13 13:21:35.714: [amf] INFO: [24ebf88e-9345-41ed-b9c2-8544a43c3e2a] (NF-discover) NF registered (../src/amf/nnrf-handler.c:342)
01/13 13:21:35.717: [amf] INFO: [24ebf88e-9345-41ed-b9c2-8544a43c3e2a] (NF-discover) NF Profile updated (../src/amf/nnrf-handler.c:402)
01/13 13:21:35.943: [gmm] WARNING: Authentication failure(Synch failure) (../src/amf/gmm-sm.c:548)
01/13 13:21:36.293: [app] WARNING: Try to discover [UDM] (../lib/sbi/path.c:110)
01/13 13:21:36.294: [amf] INFO: [24eb4222-9345-41ed-9004-8f7d1279084a] (NF-discover) NF registered (../src/amf/nnrf-handler.c:342)
01/13 13:21:36.296: [amf] INFO: [24eb4222-9345-41ed-9004-8f7d1279084a] (NF-discover) NF Profile updated (../src/amf/nnrf-handler.c:402)
01/13 13:21:36.348: [app] WARNING: Try to discover [PCF] (../lib/sbi/path.c:110)
01/13 13:21:36.350: [amf] INFO: [24eb60b8-9345-41ed-bf31-253f8ae8c3c8] (NF-discover) NF registered (../src/amf/nnrf-handler.c:342)
01/13 13:21:36.351: [amf] INFO: [24eb60b8-9345-41ed-bf31-253f8ae8c3c8] (NF-discover) NF Profile updated (../src/amf/nnrf-handler.c:402)
01/13 13:21:36.839: [gmm] INFO: [imsi-001011234567895] Registration complete (../src/amf/gmm-sm.c:1063)
01/13 13:21:36.840: [amf] INFO: [imsi-001011234567895] Configuration update command (../src/amf/nas-path.c:389)
01/13 13:21:36.840: [gmm] INFO:     UTC [2023-01-13T13:21:36] Timezone[0]/DST[0] (../src/amf/gmm-build.c:502)
01/13 13:21:36.841: [gmm] INFO:     LOCAL [2023-01-13T13:21:36] Timezone[0]/DST[0] (../src/amf/gmm-build.c:507)
01/13 13:21:36.844: [amf] INFO: [Added] Number of AMF-Sessions is now 1 (../src/amf/context.c:2076)
01/13 13:21:36.844: [gmm] INFO: UE SUPI[imsi-001011234567895] DNN[internet] S_NSSAI[SST:1 SD:0x1] (../src/amf/gmm-handler.c:1047)
01/13 13:21:36.861: [amf] INFO: [Added] Number of AMF-Sessions is now 2 (../src/amf/context.c:2076)
01/13 13:21:36.867: [gmm] INFO: UE SUPI[imsi-001011234567895] DNN[mec] S_NSSAI[SST:2 SD:0x1] (../src/amf/gmm-handler.c:1047)
Open5GS daemon v2.4.4

01/13 13:31:33.541: [app] INFO: Configuration: '/open5gs/install/etc/open5gs/amf.yaml' (../lib/app/ogs-init.c:129)
01/13 13:31:33.541: [app] INFO: File Logging: '/open5gs/install/var/log/open5gs/amf.log' (../lib/app/ogs-init.c:132)
01/13 13:31:33.547: [sbi] INFO: nghttp2_server() [127.0.0.5]:7777 (../lib/sbi/nghttp2-server.c:144)
01/13 13:31:33.552: [amf] INFO: ngap_server() [192.168.0.111]:38412 (../src/amf/ngap-sctp.c:53)
01/13 13:31:33.561: [sctp] INFO: AMF initialize...done (../src/amf/app.c:33)
01/13 13:31:33.566: [amf] INFO: [9897be2a-9346-41ed-ae81-ed1d2821a426] NF registred [Heartbeat:10s] (../src/amf/nf-sm.c:198)
01/13 13:31:33.571: [amf] INFO: [989887ba-9346-41ed-826a-4fd8bacec595] (NRF-notify) NF registered (../src/amf/nnrf-handler.c:182)
01/13 13:31:33.572: [amf] INFO: [989887ba-9346-41ed-826a-4fd8bacec595] (NRF-notify) NF Profile updated (../src/amf/nnrf-handler.c:201)
01/13 13:31:33.586: [amf] INFO: [989cd3e2-9346-41ed-9d53-d365d4f4fce7] (NRF-notify) NF registered (../src/amf/nnrf-handler.c:182)
01/13 13:31:33.587: [amf] INFO: [989cd3e2-9346-41ed-9d53-d365d4f4fce7] (NRF-notify) NF Profile updated (../src/amf/nnrf-handler.c:201)
01/13 13:31:33.593: [amf] INFO: [989e9a06-9346-41ed-80b9-77760e3ea200] (NRF-notify) NF registered (../src/amf/nnrf-handler.c:182)
01/13 13:31:33.593: [amf] INFO: [989e9a06-9346-41ed-80b9-77760e3ea200] (NRF-notify) NF Profile updated (../src/amf/nnrf-handler.c:201)
01/13 13:31:33.599: [amf] INFO: [989e0c6c-9346-41ed-bd11-6d8e6b861967] (NRF-notify) NF registered (../src/amf/nnrf-handler.c:182)
01/13 13:31:33.600: [amf] INFO: [989e0c6c-9346-41ed-bd11-6d8e6b861967] (NRF-notify) NF Profile updated (../src/amf/nnrf-handler.c:201)
01/13 13:31:33.678: [amf] INFO: [98a12384-9346-41ed-9c4e-13bada92c028] (NRF-notify) NF registered (../src/amf/nnrf-handler.c:182)
01/13 13:31:33.678: [amf] INFO: [98a12384-9346-41ed-9c4e-13bada92c028] (NRF-notify) NF Profile updated (../src/amf/nnrf-handler.c:201)
01/13 13:31:51.093: [amf] INFO: gNB-N2 accepted[192.168.0.131]:54849 in ng-path module (../src/amf/ngap-sctp.c:105)
01/13 13:31:51.094: [amf] INFO: gNB-N2 accepted[192.168.0.131] in master_sm module (../src/amf/amf-sm.c:619)
01/13 13:31:51.094: [amf] INFO: [GNB] max_num_of_ostreams : 30 (../src/amf/context.c:854)
01/13 13:31:51.095: [amf] INFO: [Added] Number of gNBs is now 1 (../src/amf/context.c:869)
01/13 13:31:58.938: [amf] INFO: InitialUEMessage (../src/amf/ngap-handler.c:361)
01/13 13:31:58.940: [amf] INFO: [Added] Number of gNB-UEs is now 1 (../src/amf/context.c:2064)
01/13 13:31:58.940: [amf] INFO:     RAN_UE_NGAP_ID[1] AMF_UE_NGAP_ID[1] TAC[1] CellID[0x10] (../src/amf/ngap-handler.c:497)
01/13 13:31:58.940: [amf] INFO: [suci-0-001-01-0000-0-0-1234567895] Unknown UE by SUCI (../src/amf/context.c:1390)
01/13 13:31:58.941: [amf] INFO: [Added] Number of AMF-UEs is now 1 (../src/amf/context.c:1189)
01/13 13:31:58.941: [gmm] INFO: Registration request (../src/amf/gmm-sm.c:134)
01/13 13:31:58.941: [gmm] INFO: [suci-0-001-01-0000-0-0-1234567895]    SUCI (../src/amf/gmm-handler.c:157)
01/13 13:31:59.095: [gmm] WARNING: Authentication failure(Synch failure) (../src/amf/gmm-sm.c:548)
01/13 13:31:59.870: [gmm] INFO: [imsi-001011234567895] Registration complete (../src/amf/gmm-sm.c:1063)
01/13 13:31:59.871: [amf] INFO: [imsi-001011234567895] Configuration update command (../src/amf/nas-path.c:389)
01/13 13:31:59.871: [gmm] INFO:     UTC [2023-01-13T13:31:59] Timezone[0]/DST[0] (../src/amf/gmm-build.c:502)
01/13 13:31:59.871: [gmm] INFO:     LOCAL [2023-01-13T13:31:59] Timezone[0]/DST[0] (../src/amf/gmm-build.c:507)
01/13 13:31:59.872: [amf] INFO: [Added] Number of AMF-Sessions is now 1 (../src/amf/context.c:2076)
01/13 13:31:59.872: [gmm] INFO: UE SUPI[imsi-001011234567895] DNN[internet] S_NSSAI[SST:1 SD:0x1] (../src/amf/gmm-handler.c:1047)
01/13 13:31:59.873: [amf] INFO: [Added] Number of AMF-Sessions is now 2 (../src/amf/context.c:2076)
01/13 13:31:59.880: [gmm] INFO: UE SUPI[imsi-001011234567895] DNN[mec] S_NSSAI[SST:2 SD:0x1] (../src/amf/gmm-handler.c:1047)
01/13 13:44:44.532: [amf] INFO: [Added] Number of AMF-Sessions is now 3 (../src/amf/context.c:2076)
01/13 13:44:44.533: [gmm] INFO: UE SUPI[imsi-001011234567895] DNN[internet] S_NSSAI[SST:1 SD:0x1] (../src/amf/gmm-handler.c:1047)
01/13 13:44:57.526: [amf] INFO: [Added] Number of AMF-Sessions is now 4 (../src/amf/context.c:2076)
01/13 13:44:57.526: [gmm] INFO: UE SUPI[imsi-001011234567895] DNN[mec] S_NSSAI[SST:2 SD:0x1] (../src/amf/gmm-handler.c:1047)
01/13 13:51:01.284: [amf] INFO: gNB-N2[192.168.0.131] connection refused!!! (../src/amf/amf-sm.c:668)
01/13 13:51:01.289: [amf] INFO: [Removed] Number of gNBs is now 0 (../src/amf/context.c:897)
01/13 13:51:01.403: [amf] INFO: [Removed] Number of gNB-UEs is now 0 (../src/amf/context.c:2070)
Open5GS daemon v2.4.4

01/31 16:42:01.355: [app] INFO: Configuration: '/open5gs/install/etc/open5gs/amf.yaml' (../lib/app/ogs-init.c:129)
01/31 16:42:01.355: [app] INFO: File Logging: '/open5gs/install/var/log/open5gs/amf.log' (../lib/app/ogs-init.c:132)
01/31 16:42:01.361: [sbi] INFO: nghttp2_server() [127.0.0.5]:7777 (../lib/sbi/nghttp2-server.c:144)
01/31 16:42:01.367: [sock] ERROR: socket bind(2) [192.168.0.111]:38412 failed (99:Cannot assign requested address) (../lib/core/ogs-socket.c:109)
01/31 16:42:01.369: [sock] ERROR: sctp_server() [192.168.0.111]:38412 failed (99:Cannot assign requested address) (../lib/sctp/ogs-lksctp.c:99)
01/31 16:42:01.369: [sctp] ERROR: Failed to intialize AMF (../src/amf/app.c:30)
01/31 16:42:01.370: [app] FATAL: Open5GS initialization failed. Aborted (../src/main.c:219)
Open5GS daemon v2.4.4

01/31 16:43:07.259: [app] INFO: Configuration: '/open5gs/install/etc/open5gs/amf.yaml' (../lib/app/ogs-init.c:129)
01/31 16:43:07.260: [app] INFO: File Logging: '/open5gs/install/var/log/open5gs/amf.log' (../lib/app/ogs-init.c:132)
01/31 16:43:07.273: [sbi] INFO: nghttp2_server() [127.0.0.5]:7777 (../lib/sbi/nghttp2-server.c:144)
01/31 16:43:07.279: [sock] ERROR: socket bind(2) [192.168.0.111]:38412 failed (99:Cannot assign requested address) (../lib/core/ogs-socket.c:109)
01/31 16:43:07.280: [sock] ERROR: sctp_server() [192.168.0.111]:38412 failed (99:Cannot assign requested address) (../lib/sctp/ogs-lksctp.c:99)
01/31 16:43:07.280: [sctp] ERROR: Failed to intialize AMF (../src/amf/app.c:30)
01/31 16:43:07.280: [app] FATAL: Open5GS initialization failed. Aborted (../src/main.c:219)
Open5GS daemon v2.4.4

01/31 16:46:46.927: [app] INFO: Configuration: '/open5gs/install/etc/open5gs/amf.yaml' (../lib/app/ogs-init.c:129)
01/31 16:46:46.928: [app] INFO: File Logging: '/open5gs/install/var/log/open5gs/amf.log' (../lib/app/ogs-init.c:132)
01/31 16:46:46.934: [sbi] INFO: nghttp2_server() [127.0.0.5]:7777 (../lib/sbi/nghttp2-server.c:144)
01/31 16:46:46.935: [sock] ERROR: socket bind(2) [192.168.0.111]:38412 failed (99:Cannot assign requested address) (../lib/core/ogs-socket.c:109)
01/31 16:46:46.935: [sock] ERROR: sctp_server() [192.168.0.111]:38412 failed (99:Cannot assign requested address) (../lib/sctp/ogs-lksctp.c:99)
01/31 16:46:46.937: [sctp] ERROR: Failed to intialize AMF (../src/amf/app.c:30)
01/31 16:46:46.938: [app] FATAL: Open5GS initialization failed. Aborted (../src/main.c:219)
Open5GS daemon v2.4.4

01/31 16:49:21.947: [app] INFO: Configuration: '/open5gs/install/etc/open5gs/amf.yaml' (../lib/app/ogs-init.c:129)
01/31 16:49:21.949: [app] INFO: File Logging: '/open5gs/install/var/log/open5gs/amf.log' (../lib/app/ogs-init.c:132)
01/31 16:49:21.956: [sbi] INFO: nghttp2_server() [127.0.0.5]:7777 (../lib/sbi/nghttp2-server.c:144)
01/31 16:49:21.959: [sock] ERROR: socket bind(2) [192.168.0.111]:38412 failed (99:Cannot assign requested address) (../lib/core/ogs-socket.c:109)
01/31 16:49:21.959: [sock] ERROR: sctp_server() [192.168.0.111]:38412 failed (99:Cannot assign requested address) (../lib/sctp/ogs-lksctp.c:99)
01/31 16:49:21.962: [sctp] ERROR: Failed to intialize AMF (../src/amf/app.c:30)
01/31 16:49:21.963: [app] FATAL: Open5GS initialization failed. Aborted (../src/main.c:219)
Open5GS daemon v2.4.4

01/31 17:01:28.270: [app] INFO: Configuration: '/open5gs/install/etc/open5gs/amf.yaml' (../lib/app/ogs-init.c:129)
01/31 17:01:28.270: [app] INFO: File Logging: '/open5gs/install/var/log/open5gs/amf.log' (../lib/app/ogs-init.c:132)
01/31 17:01:28.279: [sbi] INFO: nghttp2_server() [127.0.0.5]:7777 (../lib/sbi/nghttp2-server.c:144)
01/31 17:01:28.297: [sock] ERROR: socket bind(2) [192.168.0.111]:38412 failed (99:Cannot assign requested address) (../lib/core/ogs-socket.c:109)
01/31 17:01:28.297: [sock] ERROR: sctp_server() [192.168.0.111]:38412 failed (99:Cannot assign requested address) (../lib/sctp/ogs-lksctp.c:99)
01/31 17:01:28.298: [sctp] ERROR: Failed to intialize AMF (../src/amf/app.c:30)
01/31 17:01:28.299: [app] FATAL: Open5GS initialization failed. Aborted (../src/main.c:219)
Open5GS daemon v2.4.4

01/31 17:03:17.899: [app] INFO: Configuration: '/open5gs/install/etc/open5gs/amf.yaml' (../lib/app/ogs-init.c:129)
01/31 17:03:17.899: [app] INFO: File Logging: '/open5gs/install/var/log/open5gs/amf.log' (../lib/app/ogs-init.c:132)
01/31 17:03:17.903: [sbi] INFO: nghttp2_server() [127.0.0.5]:7777 (../lib/sbi/nghttp2-server.c:144)
01/31 17:03:17.912: [amf] INFO: ngap_server() [192.168.0.111]:38412 (../src/amf/ngap-sctp.c:53)
01/31 17:03:17.919: [sctp] INFO: AMF initialize...done (../src/amf/app.c:33)
01/31 17:03:17.921: [amf] INFO: [286a6d9a-a189-41ed-98b4-15caec288b53] NF registred [Heartbeat:10s] (../src/amf/nf-sm.c:198)
01/31 17:03:17.944: [amf] INFO: [286ce9ee-a189-41ed-a7fb-637fa83886d0] (NRF-notify) NF registered (../src/amf/nnrf-handler.c:182)
01/31 17:03:17.948: [amf] INFO: [286ce9ee-a189-41ed-a7fb-637fa83886d0] (NRF-notify) NF Profile updated (../src/amf/nnrf-handler.c:201)
01/31 17:03:18.110: [amf] INFO: [2877cdf0-a189-41ed-8ecf-512e4a03f9db] (NRF-notify) NF registered (../src/amf/nnrf-handler.c:182)
01/31 17:03:18.110: [amf] INFO: [2877cdf0-a189-41ed-8ecf-512e4a03f9db] (NRF-notify) NF Profile updated (../src/amf/nnrf-handler.c:201)
01/31 17:03:36.156: [amf] INFO: gNB-N2 accepted[192.168.0.131]:39733 in ng-path module (../src/amf/ngap-sctp.c:105)
01/31 17:03:36.158: [amf] INFO: gNB-N2 accepted[192.168.0.131] in master_sm module (../src/amf/amf-sm.c:619)
01/31 17:03:36.160: [amf] INFO: [GNB] max_num_of_ostreams : 30 (../src/amf/context.c:854)
01/31 17:03:36.161: [amf] INFO: [Added] Number of gNBs is now 1 (../src/amf/context.c:869)
01/31 17:03:44.109: [amf] INFO: InitialUEMessage (../src/amf/ngap-handler.c:361)
01/31 17:03:44.111: [amf] INFO: [Added] Number of gNB-UEs is now 1 (../src/amf/context.c:2064)
01/31 17:03:44.111: [amf] INFO:     RAN_UE_NGAP_ID[1] AMF_UE_NGAP_ID[1] TAC[1] CellID[0x10] (../src/amf/ngap-handler.c:497)
01/31 17:03:44.117: [amf] INFO: [suci-0-001-01-0000-0-0-1234567895] Unknown UE by SUCI (../src/amf/context.c:1390)
01/31 17:03:44.120: [amf] INFO: [Added] Number of AMF-UEs is now 1 (../src/amf/context.c:1189)
01/31 17:03:44.121: [gmm] INFO: Registration request (../src/amf/gmm-sm.c:134)
01/31 17:03:44.124: [gmm] INFO: [suci-0-001-01-0000-0-0-1234567895]    SUCI (../src/amf/gmm-handler.c:157)
01/31 17:03:44.129: [app] WARNING: Try to discover [AUSF] (../lib/sbi/path.c:110)
01/31 17:03:44.135: [amf] INFO: [2861c500-a189-41ed-9c85-f526bdb241c7] (NF-discover) NF registered (../src/amf/nnrf-handler.c:342)
01/31 17:03:44.138: [amf] INFO: [2861c500-a189-41ed-9c85-f526bdb241c7] (NF-discover) NF Profile updated (../src/amf/nnrf-handler.c:402)
01/31 17:03:44.340: [gmm] WARNING: Authentication failure(Synch failure) (../src/amf/gmm-sm.c:548)
01/31 17:03:44.669: [app] WARNING: Try to discover [UDM] (../lib/sbi/path.c:110)
01/31 17:03:44.671: [amf] INFO: [286421d8-a189-41ed-87c3-5d0bbc6e1c69] (NF-discover) NF registered (../src/amf/nnrf-handler.c:342)
01/31 17:03:44.673: [amf] INFO: [286421d8-a189-41ed-87c3-5d0bbc6e1c69] (NF-discover) NF Profile updated (../src/amf/nnrf-handler.c:402)
01/31 17:03:45.199: [gmm] INFO: [imsi-001011234567895] Registration complete (../src/amf/gmm-sm.c:1063)
01/31 17:03:45.200: [amf] INFO: [imsi-001011234567895] Configuration update command (../src/amf/nas-path.c:389)
01/31 17:03:45.208: [gmm] INFO:     UTC [2023-01-31T17:03:45] Timezone[0]/DST[0] (../src/amf/gmm-build.c:502)
01/31 17:03:45.209: [gmm] INFO:     LOCAL [2023-01-31T17:03:45] Timezone[0]/DST[0] (../src/amf/gmm-build.c:507)
01/31 17:03:45.215: [amf] INFO: [Added] Number of AMF-Sessions is now 1 (../src/amf/context.c:2076)
01/31 17:03:45.215: [gmm] INFO: UE SUPI[imsi-001011234567895] DNN[internet] S_NSSAI[SST:1 SD:0x1] (../src/amf/gmm-handler.c:1047)
01/31 17:03:45.234: [amf] INFO: [Added] Number of AMF-Sessions is now 2 (../src/amf/context.c:2076)
01/31 17:03:45.235: [gmm] INFO: UE SUPI[imsi-001011234567895] DNN[mec] S_NSSAI[SST:2 SD:0x1] (../src/amf/gmm-handler.c:1047)
Open5GS daemon v2.4.4

02/03 11:38:09.889: [app] INFO: Configuration: '/open5gs/install/etc/open5gs/amf.yaml' (../lib/app/ogs-init.c:129)
02/03 11:38:09.890: [app] INFO: File Logging: '/open5gs/install/var/log/open5gs/amf.log' (../lib/app/ogs-init.c:132)
02/03 11:38:09.897: [sbi] INFO: nghttp2_server() [127.0.0.5]:7777 (../lib/sbi/nghttp2-server.c:144)
02/03 11:38:09.916: [sock] ERROR: socket bind(2) [192.168.0.111]:38412 failed (99:Cannot assign requested address) (../lib/core/ogs-socket.c:109)
02/03 11:38:09.917: [sock] ERROR: sctp_server() [192.168.0.111]:38412 failed (99:Cannot assign requested address) (../lib/sctp/ogs-lksctp.c:99)
02/03 11:38:09.917: [sctp] ERROR: Failed to intialize AMF (../src/amf/app.c:30)
02/03 11:38:09.918: [app] FATAL: Open5GS initialization failed. Aborted (../src/main.c:219)
Open5GS daemon v2.4.4

02/03 11:40:08.996: [app] INFO: Configuration: '/open5gs/install/etc/open5gs/amf.yaml' (../lib/app/ogs-init.c:129)
02/03 11:40:08.996: [app] INFO: File Logging: '/open5gs/install/var/log/open5gs/amf.log' (../lib/app/ogs-init.c:132)
02/03 11:40:08.999: [sbi] INFO: nghttp2_server() [127.0.0.5]:7777 (../lib/sbi/nghttp2-server.c:144)
02/03 11:40:09.009: [amf] INFO: ngap_server() [192.168.0.111]:38412 (../src/amf/ngap-sctp.c:53)
02/03 11:40:09.022: [sctp] INFO: AMF initialize...done (../src/amf/app.c:33)
02/03 11:40:09.028: [amf] INFO: [82f7e118-a3b7-41ed-b458-539ea0a95573] NF registred [Heartbeat:10s] (../src/amf/nf-sm.c:198)
02/03 11:40:09.034: [amf] INFO: [82fb7b02-a3b7-41ed-a59c-572a9d5a0f66] (NRF-notify) NF registered (../src/amf/nnrf-handler.c:182)
02/03 11:40:09.035: [amf] INFO: [82fb7b02-a3b7-41ed-a59c-572a9d5a0f66] (NRF-notify) NF Profile updated (../src/amf/nnrf-handler.c:201)
02/03 11:40:09.072: [amf] INFO: [8300fc76-a3b7-41ed-bae7-4939a3248548] (NRF-notify) NF registered (../src/amf/nnrf-handler.c:182)
02/03 11:40:09.072: [amf] INFO: [8300fc76-a3b7-41ed-bae7-4939a3248548] (NRF-notify) NF Profile updated (../src/amf/nnrf-handler.c:201)
02/03 11:40:09.135: [amf] INFO: [830abb30-a3b7-41ed-9864-8723a9c0608c] (NRF-notify) NF registered (../src/amf/nnrf-handler.c:182)
02/03 11:40:09.135: [amf] INFO: [830abb30-a3b7-41ed-9864-8723a9c0608c] (NRF-notify) NF Profile updated (../src/amf/nnrf-handler.c:201)
02/03 11:40:09.186: [amf] INFO: [83090678-a3b7-41ed-8896-cf20f37b9dab] (NRF-notify) NF registered (../src/amf/nnrf-handler.c:182)
02/03 11:40:09.186: [amf] INFO: [83090678-a3b7-41ed-8896-cf20f37b9dab] (NRF-notify) NF Profile updated (../src/amf/nnrf-handler.c:201)
02/03 11:40:26.826: [amf] INFO: gNB-N2 accepted[192.168.0.131]:50993 in ng-path module (../src/amf/ngap-sctp.c:105)
02/03 11:40:26.832: [amf] INFO: gNB-N2 accepted[192.168.0.131] in master_sm module (../src/amf/amf-sm.c:619)
02/03 11:40:26.832: [amf] INFO: [GNB] max_num_of_ostreams : 30 (../src/amf/context.c:854)
02/03 11:40:26.833: [amf] INFO: [Added] Number of gNBs is now 1 (../src/amf/context.c:869)
02/03 11:40:32.144: [amf] INFO: InitialUEMessage (../src/amf/ngap-handler.c:361)
02/03 11:40:32.144: [amf] INFO: [Added] Number of gNB-UEs is now 1 (../src/amf/context.c:2064)
02/03 11:40:32.144: [amf] INFO:     RAN_UE_NGAP_ID[1] AMF_UE_NGAP_ID[1] TAC[1] CellID[0x10] (../src/amf/ngap-handler.c:497)
02/03 11:40:32.145: [amf] INFO: [suci-0-001-01-0000-0-0-1234567895] Unknown UE by SUCI (../src/amf/context.c:1390)
02/03 11:40:32.145: [amf] INFO: [Added] Number of AMF-UEs is now 1 (../src/amf/context.c:1189)
02/03 11:40:32.145: [gmm] INFO: Registration request (../src/amf/gmm-sm.c:134)
02/03 11:40:32.146: [gmm] INFO: [suci-0-001-01-0000-0-0-1234567895]    SUCI (../src/amf/gmm-handler.c:157)
02/03 11:40:32.148: [app] WARNING: Try to discover [AUSF] (../lib/sbi/path.c:110)
02/03 11:40:32.150: [amf] INFO: [82f8c5e2-a3b7-41ed-b161-7b7438a0a61c] (NF-discover) NF registered (../src/amf/nnrf-handler.c:342)
02/03 11:40:32.151: [amf] INFO: [82f8c5e2-a3b7-41ed-b161-7b7438a0a61c] (NF-discover) NF Profile updated (../src/amf/nnrf-handler.c:402)
02/03 11:40:32.294: [gmm] WARNING: Authentication failure(Synch failure) (../src/amf/gmm-sm.c:548)
02/03 11:40:33.095: [gmm] INFO: [imsi-001011234567895] Registration complete (../src/amf/gmm-sm.c:1063)
02/03 11:40:33.095: [amf] INFO: [imsi-001011234567895] Configuration update command (../src/amf/nas-path.c:389)
02/03 11:40:33.095: [gmm] INFO:     UTC [2023-02-03T11:40:33] Timezone[0]/DST[0] (../src/amf/gmm-build.c:502)
02/03 11:40:33.096: [gmm] INFO:     LOCAL [2023-02-03T11:40:33] Timezone[0]/DST[0] (../src/amf/gmm-build.c:507)
02/03 11:40:33.096: [amf] INFO: [Added] Number of AMF-Sessions is now 1 (../src/amf/context.c:2076)
02/03 11:40:33.097: [gmm] INFO: UE SUPI[imsi-001011234567895] DNN[internet] S_NSSAI[SST:1 SD:0x1] (../src/amf/gmm-handler.c:1047)
02/03 11:40:33.098: [amf] INFO: [Added] Number of AMF-Sessions is now 2 (../src/amf/context.c:2076)
02/03 11:40:33.099: [gmm] INFO: UE SUPI[imsi-001011234567895] DNN[mec] S_NSSAI[SST:2 SD:0x1] (../src/amf/gmm-handler.c:1047)
02/03 11:40:33.100: [amf] INFO: [Added] Number of AMF-Sessions is now 3 (../src/amf/context.c:2076)
02/03 11:40:33.100: [gmm] INFO: UE SUPI[imsi-001011234567895] DNN[test] S_NSSAI[SST:3 SD:0x1] (../src/amf/gmm-handler.c:1047)
02/03 15:56:32.340: [amf] INFO: [82f8c5e2-a3b7-41ed-b161-7b7438a0a61c] NF expired (../src/amf/nf-sm.c:303)
