Open5GS daemon v2.4.4

06/11 10:27:48.153: [app] INFO: Configuration: '/open5gs/install/etc/open5gs/nrf.yaml' (../lib/app/ogs-init.c:129)
06/11 10:27:48.153: [app] INFO: File Logging: '/open5gs/install/var/log/open5gs/nrf.log' (../lib/app/ogs-init.c:132)
06/11 10:27:48.181: [sbi] INFO: nghttp2_server() [127.0.0.10]:7777 (../lib/sbi/nghttp2-server.c:144)
06/11 10:27:48.184: [app] INFO: NRF initialize...done (../src/nrf/app.c:31)
06/11 10:27:53.137: [nrf] INFO: [9f758670-0842-41ee-8deb-b585be1e698e] NF registred [Heartbeat:10s] (../src/nrf/nf-sm.c:192)
06/11 10:27:53.139: [nrf] INFO: [9f759584-0842-41ee-bb13-fd4db4c3e380] NF registred [Heartbeat:10s] (../src/nrf/nf-sm.c:192)
06/11 10:27:53.179: [nrf] INFO: [9f77f34c-0842-41ee-b1a2-2d17075916fa] NF registred [Heartbeat:10s] (../src/nrf/nf-sm.c:192)
06/11 10:27:53.183: [nrf] INFO: [9f7c2ad4-0842-41ee-a6e1-6bed45440ead] NF registred [Heartbeat:10s] (../src/nrf/nf-sm.c:192)
Open5GS daemon v2.4.4

06/11 10:29:18.429: [app] INFO: Configuration: '/open5gs/install/etc/open5gs/nrf.yaml' (../lib/app/ogs-init.c:129)
06/11 10:29:18.430: [app] INFO: File Logging: '/open5gs/install/var/log/open5gs/nrf.log' (../lib/app/ogs-init.c:132)
06/11 10:29:18.436: [sbi] INFO: nghttp2_server() [127.0.0.10]:7777 (../lib/sbi/nghttp2-server.c:144)
06/11 10:29:18.436: [app] INFO: NRF initialize...done (../src/nrf/app.c:31)
06/11 10:29:23.437: [nrf] INFO: [d549aa6a-0842-41ee-9496-e5ff4c16584c] NF registred [Heartbeat:10s] (../src/nrf/nf-sm.c:192)
06/11 10:29:23.439: [nrf] INFO: [d549680c-0842-41ee-be3a-871c61e93114] NF registred [Heartbeat:10s] (../src/nrf/nf-sm.c:192)
06/11 10:29:23.455: [nrf] INFO: [d549950c-0842-41ee-ba63-cd476f393a0d] NF registred [Heartbeat:10s] (../src/nrf/nf-sm.c:192)
06/11 10:29:23.457: [nrf] INFO: [d549e318-0842-41ee-9fc6-3f0e4fad786e] NF registred [Heartbeat:10s] (../src/nrf/nf-sm.c:192)
Open5GS daemon v2.4.4

06/11 10:38:29.843: [app] INFO: Configuration: '/open5gs/install/etc/open5gs/nrf.yaml' (../lib/app/ogs-init.c:129)
06/11 10:38:29.845: [app] INFO: File Logging: '/open5gs/install/var/log/open5gs/nrf.log' (../lib/app/ogs-init.c:132)
06/11 10:38:29.846: [sbi] INFO: nghttp2_server() [127.0.0.10]:7777 (../lib/sbi/nghttp2-server.c:144)
06/11 10:38:29.855: [app] INFO: NRF initialize...done (../src/nrf/app.c:31)
06/11 10:38:34.856: [nrf] INFO: [1df4d98c-0844-41ee-84e0-65c05af7bdcc] NF registred [Heartbeat:10s] (../src/nrf/nf-sm.c:192)
06/11 10:38:34.866: [nrf] INFO: [1df629d6-0844-41ee-b995-a92ef4493e09] NF registred [Heartbeat:10s] (../src/nrf/nf-sm.c:192)
06/11 10:38:34.881: [nrf] INFO: [1df9bd62-0844-41ee-a8b0-d5d4e4469e4c] NF registred [Heartbeat:10s] (../src/nrf/nf-sm.c:192)
06/11 10:38:34.883: [nrf] INFO: [1df93cca-0844-41ee-8472-d96ce9d19110] NF registred [Heartbeat:10s] (../src/nrf/nf-sm.c:192)
Open5GS daemon v2.4.4

06/11 13:15:49.603: [app] INFO: Configuration: '/open5gs/install/etc/open5gs/nrf.yaml' (../lib/app/ogs-init.c:129)
06/11 13:15:49.604: [app] INFO: File Logging: '/open5gs/install/var/log/open5gs/nrf.log' (../lib/app/ogs-init.c:132)
06/11 13:15:49.616: [sbi] INFO: nghttp2_server() [127.0.0.10]:7777 (../lib/sbi/nghttp2-server.c:144)
06/11 13:15:49.618: [app] INFO: NRF initialize...done (../src/nrf/app.c:31)
06/11 13:15:54.442: [nrf] INFO: [185f078e-085a-41ee-9e2a-6fd6fad081c4] NF registred [Heartbeat:10s] (../src/nrf/nf-sm.c:192)
06/11 13:15:54.518: [nrf] INFO: [186dbf22-085a-41ee-a5af-49594c38bf39] NF registred [Heartbeat:10s] (../src/nrf/nf-sm.c:192)
06/11 13:15:54.536: [nrf] INFO: [186e07d4-085a-41ee-8381-673cf22d8a88] NF registred [Heartbeat:10s] (../src/nrf/nf-sm.c:192)
06/11 13:15:54.565: [nrf] INFO: [187104e8-085a-41ee-85c8-f5d300b23544] NF registred [Heartbeat:10s] (../src/nrf/nf-sm.c:192)
06/11 13:15:54.583: [nrf] INFO: [186ef19e-085a-41ee-ac48-4d1808ffc27a] NF registred [Heartbeat:10s] (../src/nrf/nf-sm.c:192)
06/11 13:15:54.624: [nrf] INFO: [187d0298-085a-41ee-bbf3-cf01663dd94e] NF registred [Heartbeat:10s] (../src/nrf/nf-sm.c:192)
06/11 13:15:54.628: [nrf] INFO: [18748604-085a-41ee-8c38-579654618a38] NF registred [Heartbeat:10s] (../src/nrf/nf-sm.c:192)
06/11 13:15:54.765: [nrf] INFO: [18886c5a-085a-41ee-ac56-2bb0c65d0332] NF registred [Heartbeat:10s] (../src/nrf/nf-sm.c:192)
Open5GS daemon v2.4.4

06/11 13:16:27.609: [app] INFO: Configuration: '/open5gs/install/etc/open5gs/nrf.yaml' (../lib/app/ogs-init.c:129)
06/11 13:16:27.609: [app] INFO: File Logging: '/open5gs/install/var/log/open5gs/nrf.log' (../lib/app/ogs-init.c:132)
06/11 13:16:27.611: [sbi] INFO: nghttp2_server() [127.0.0.10]:7777 (../lib/sbi/nghttp2-server.c:144)
06/11 13:16:27.612: [app] INFO: NRF initialize...done (../src/nrf/app.c:31)
06/11 13:16:32.657: [nrf] INFO: [2f2967e8-085a-41ee-a4bb-c592ad0b8c39] NF registred [Heartbeat:10s] (../src/nrf/nf-sm.c:192)
06/11 13:16:32.661: [nrf] INFO: [2f297404-085a-41ee-a8d7-67939168c35d] NF registred [Heartbeat:10s] (../src/nrf/nf-sm.c:192)
06/11 13:16:32.666: [nrf] INFO: [2f2c8310-085a-41ee-8c93-67d9e0f69872] NF registred [Heartbeat:10s] (../src/nrf/nf-sm.c:192)
06/11 13:16:32.667: [nrf] INFO: [2f2945c4-085a-41ee-86b2-2d943ec7f369] NF registred [Heartbeat:10s] (../src/nrf/nf-sm.c:192)
06/11 13:16:32.676: [nrf] INFO: [2f2c9350-085a-41ee-9c5c-41bfdb034d50] NF registred [Heartbeat:10s] (../src/nrf/nf-sm.c:192)
06/11 13:16:32.692: [nrf] INFO: [2f3043e2-085a-41ee-9d3d-e5ad24a08816] NF registred [Heartbeat:10s] (../src/nrf/nf-sm.c:192)
06/11 13:16:32.705: [nrf] INFO: [2f32d2b0-085a-41ee-bdbd-83f65937626f] NF registred [Heartbeat:10s] (../src/nrf/nf-sm.c:192)
06/11 13:16:32.745: [nrf] INFO: [2f2e62e8-085a-41ee-94ff-899cb623d16e] NF registred [Heartbeat:10s] (../src/nrf/nf-sm.c:192)
Open5GS daemon v2.4.4

06/11 13:33:13.557: [app] INFO: Configuration: '/open5gs/install/etc/open5gs/nrf.yaml' (../lib/app/ogs-init.c:129)
06/11 13:33:13.558: [app] INFO: File Logging: '/open5gs/install/var/log/open5gs/nrf.log' (../lib/app/ogs-init.c:132)
06/11 13:33:13.559: [sbi] INFO: nghttp2_server() [127.0.0.10]:7777 (../lib/sbi/nghttp2-server.c:144)
06/11 13:33:13.567: [app] INFO: NRF initialize...done (../src/nrf/app.c:31)
06/11 13:33:18.496: [nrf] INFO: [86b1a050-085c-41ee-93b0-858a5312869e] NF registred [Heartbeat:10s] (../src/nrf/nf-sm.c:192)
06/11 13:33:18.516: [nrf] INFO: [86b597e6-085c-41ee-ac61-45fab4684497] NF registred [Heartbeat:10s] (../src/nrf/nf-sm.c:192)
06/11 13:33:18.521: [nrf] INFO: [86b3e108-085c-41ee-9337-efc402e01b12] NF registred [Heartbeat:10s] (../src/nrf/nf-sm.c:192)
06/11 13:33:18.523: [nrf] INFO: [86b5e7b4-085c-41ee-a4ac-0fccdb67bb33] NF registred [Heartbeat:10s] (../src/nrf/nf-sm.c:192)
06/11 13:33:18.525: [nrf] INFO: [86b60e6a-085c-41ee-b055-d93253bf4a78] NF registred [Heartbeat:10s] (../src/nrf/nf-sm.c:192)
06/11 13:33:18.534: [nrf] INFO: [86b671e8-085c-41ee-a22c-c751938cb39d] NF registred [Heartbeat:10s] (../src/nrf/nf-sm.c:192)
06/11 13:33:18.540: [nrf] INFO: [86b7f810-085c-41ee-b396-8df93786ccab] NF registred [Heartbeat:10s] (../src/nrf/nf-sm.c:192)
06/11 13:33:18.647: [nrf] INFO: [86be5a2a-085c-41ee-8c75-a3d091520017] NF registred [Heartbeat:10s] (../src/nrf/nf-sm.c:192)
Open5GS daemon v2.4.4

06/11 13:38:51.988: [app] INFO: Configuration: '/open5gs/install/etc/open5gs/nrf.yaml' (../lib/app/ogs-init.c:129)
06/11 13:38:51.988: [app] INFO: File Logging: '/open5gs/install/var/log/open5gs/nrf.log' (../lib/app/ogs-init.c:132)
06/11 13:38:51.989: [sbi] INFO: nghttp2_server() [127.0.0.10]:7777 (../lib/sbi/nghttp2-server.c:144)
06/11 13:38:51.989: [app] INFO: NRF initialize...done (../src/nrf/app.c:31)
06/11 13:38:56.980: [nrf] INFO: [506ebe82-085d-41ee-a2b9-7daf5040f3f6] NF registred [Heartbeat:10s] (../src/nrf/nf-sm.c:192)
06/11 13:38:56.984: [nrf] INFO: [506ef820-085d-41ee-a9a9-97eb49b25bd0] NF registred [Heartbeat:10s] (../src/nrf/nf-sm.c:192)
06/11 13:38:56.987: [nrf] INFO: [5070d622-085d-41ee-b482-cd5042b85df3] NF registred [Heartbeat:10s] (../src/nrf/nf-sm.c:192)
06/11 13:38:57.008: [nrf] INFO: [5070597c-085d-41ee-8d20-b9c3781a6377] NF registred [Heartbeat:10s] (../src/nrf/nf-sm.c:192)
06/11 13:38:57.010: [nrf] INFO: [5076977e-085d-41ee-b17e-a9ba06db2f41] NF registred [Heartbeat:10s] (../src/nrf/nf-sm.c:192)
06/11 13:38:57.017: [nrf] INFO: [5078e31c-085d-41ee-82f2-0fd55c1eea2f] NF registred [Heartbeat:10s] (../src/nrf/nf-sm.c:192)
06/11 13:38:57.022: [nrf] INFO: [5077d27e-085d-41ee-b8a7-effc58b1acd4] NF registred [Heartbeat:10s] (../src/nrf/nf-sm.c:192)
06/11 13:38:57.102: [nrf] INFO: [507a2fa6-085d-41ee-9ab4-17ba1a6ca1e2] NF registred [Heartbeat:10s] (../src/nrf/nf-sm.c:192)
Open5GS daemon v2.4.4

06/11 13:46:57.664: [app] INFO: Configuration: '/open5gs/install/etc/open5gs/nrf.yaml' (../lib/app/ogs-init.c:129)
06/11 13:46:57.664: [app] INFO: File Logging: '/open5gs/install/var/log/open5gs/nrf.log' (../lib/app/ogs-init.c:132)
06/11 13:46:57.665: [sbi] INFO: nghttp2_server() [127.0.0.10]:7777 (../lib/sbi/nghttp2-server.c:144)
06/11 13:46:57.671: [app] INFO: NRF initialize...done (../src/nrf/app.c:31)
06/11 13:47:02.483: [nrf] INFO: [71ce1fc2-085e-41ee-bae4-4367fd8245be] NF registred [Heartbeat:10s] (../src/nrf/nf-sm.c:192)
06/11 13:47:02.484: [nrf] INFO: [71d1c4b0-085e-41ee-9efd-61283abf173a] NF registred [Heartbeat:10s] (../src/nrf/nf-sm.c:192)
06/11 13:47:02.489: [nrf] INFO: [71d47cfa-085e-41ee-b94e-8f53e48b0582] NF registred [Heartbeat:10s] (../src/nrf/nf-sm.c:192)
06/11 13:47:02.491: [nrf] INFO: [71d44cbc-085e-41ee-b02f-0f51b2eb0653] NF registred [Heartbeat:10s] (../src/nrf/nf-sm.c:192)
06/11 13:47:02.498: [nrf] INFO: [71d4bfa8-085e-41ee-992e-cd2353780054] NF registred [Heartbeat:10s] (../src/nrf/nf-sm.c:192)
06/11 13:47:02.504: [nrf] INFO: [71d4ea3c-085e-41ee-8427-4f92bcd3baa4] NF registred [Heartbeat:10s] (../src/nrf/nf-sm.c:192)
06/11 13:47:02.512: [nrf] INFO: [71d876de-085e-41ee-afe7-4ba3d93c5ab1] NF registred [Heartbeat:10s] (../src/nrf/nf-sm.c:192)
06/11 13:47:02.736: [nrf] INFO: [71d9e5d2-085e-41ee-a689-65283c82f751] NF registred [Heartbeat:10s] (../src/nrf/nf-sm.c:192)
Open5GS daemon v2.4.4

<<<<<<< Updated upstream
06/11 15:26:50.531: [app] INFO: Configuration: '/open5gs/install/etc/open5gs/nrf.yaml' (../lib/app/ogs-init.c:129)
06/11 15:26:50.531: [app] INFO: File Logging: '/open5gs/install/var/log/open5gs/nrf.log' (../lib/app/ogs-init.c:132)
06/11 15:26:50.535: [sbi] INFO: nghttp2_server() [127.0.0.10]:7777 (../lib/sbi/nghttp2-server.c:144)
06/11 15:26:50.535: [app] INFO: NRF initialize...done (../src/nrf/app.c:31)
06/11 15:26:55.524: [nrf] INFO: [65f38e72-086c-41ee-b6ac-8ba572fe6002] NF registred [Heartbeat:10s] (../src/nrf/nf-sm.c:192)
06/11 15:26:55.527: [nrf] INFO: [65f5c94e-086c-41ee-8e34-951c868c62ed] NF registred [Heartbeat:10s] (../src/nrf/nf-sm.c:192)
06/11 15:26:55.529: [nrf] INFO: [65f45c3a-086c-41ee-9b89-ff9976fe9b1a] NF registred [Heartbeat:10s] (../src/nrf/nf-sm.c:192)
06/11 15:26:55.539: [nrf] INFO: [65f6413a-086c-41ee-b06e-7f360edc91a2] NF registred [Heartbeat:10s] (../src/nrf/nf-sm.c:192)
06/11 15:26:55.545: [nrf] INFO: [65f8e9b2-086c-41ee-bd4e-a5088b34e002] NF registred [Heartbeat:10s] (../src/nrf/nf-sm.c:192)
06/11 15:26:55.553: [nrf] INFO: [65f9d7b4-086c-41ee-9740-a92f32d34265] NF registred [Heartbeat:10s] (../src/nrf/nf-sm.c:192)
06/11 15:26:55.559: [nrf] INFO: [65fab3b4-086c-41ee-b9fa-81d969de981b] NF registred [Heartbeat:10s] (../src/nrf/nf-sm.c:192)
06/11 15:26:55.680: [nrf] INFO: [66002a38-086c-41ee-8ea5-0bcb498225f2] NF registred [Heartbeat:10s] (../src/nrf/nf-sm.c:192)
=======
06/11 15:10:43.055: [app] INFO: Configuration: '/open5gs/install/etc/open5gs/nrf.yaml' (../lib/app/ogs-init.c:129)
06/11 15:10:43.055: [app] INFO: File Logging: '/open5gs/install/var/log/open5gs/nrf.log' (../lib/app/ogs-init.c:132)
06/11 15:10:43.056: [sbi] INFO: nghttp2_server() [127.0.0.10]:7777 (../lib/sbi/nghttp2-server.c:144)
06/11 15:10:43.064: [app] INFO: NRF initialize...done (../src/nrf/app.c:31)
06/11 15:10:48.068: [nrf] INFO: [25500050-086a-41ee-8976-513c680cb090] NF registred [Heartbeat:10s] (../src/nrf/nf-sm.c:192)
06/11 15:10:48.078: [nrf] INFO: [2551f054-086a-41ee-84c3-cf0f6675fafa] NF registred [Heartbeat:10s] (../src/nrf/nf-sm.c:192)
06/11 15:10:48.083: [nrf] INFO: [255190e6-086a-41ee-a231-b1dd8e98aff1] NF registred [Heartbeat:10s] (../src/nrf/nf-sm.c:192)
06/11 15:10:48.084: [nrf] INFO: [25509db2-086a-41ee-b12d-2121896fca1a] NF registred [Heartbeat:10s] (../src/nrf/nf-sm.c:192)
06/11 15:10:48.089: [nrf] INFO: [25515fea-086a-41ee-9cb1-6d6211407235] NF registred [Heartbeat:10s] (../src/nrf/nf-sm.c:192)
06/11 15:10:48.103: [nrf] INFO: [25551d38-086a-41ee-a347-5dce4d27c06b] NF registred [Heartbeat:10s] (../src/nrf/nf-sm.c:192)
06/11 15:10:48.106: [nrf] INFO: [2555631a-086a-41ee-8a8b-178b850a437a] NF registred [Heartbeat:10s] (../src/nrf/nf-sm.c:192)
06/11 15:10:48.187: [nrf] INFO: [25572466-086a-41ee-9915-37e95f4270ce] NF registred [Heartbeat:10s] (../src/nrf/nf-sm.c:192)
>>>>>>> Stashed changes
Open5GS daemon v2.4.4

06/11 17:36:49.714: [app] INFO: Configuration: '/open5gs/install/etc/open5gs/nrf.yaml' (../lib/app/ogs-init.c:129)
06/11 17:36:49.714: [app] INFO: File Logging: '/open5gs/install/var/log/open5gs/nrf.log' (../lib/app/ogs-init.c:132)
06/11 17:36:49.718: [sbi] INFO: nghttp2_server() [127.0.0.10]:7777 (../lib/sbi/nghttp2-server.c:144)
06/11 17:36:49.718: [app] INFO: NRF initialize...done (../src/nrf/app.c:31)
06/11 17:36:54.610: [nrf] INFO: [8e932128-087e-41ee-8c34-6b33559a15b1] NF registred [Heartbeat:10s] (../src/nrf/nf-sm.c:192)
06/11 17:36:54.614: [nrf] INFO: [8e9407be-087e-41ee-a6c9-d7414599ee87] NF registred [Heartbeat:10s] (../src/nrf/nf-sm.c:192)
06/11 17:36:54.639: [nrf] INFO: [8e97fa5e-087e-41ee-a6d5-69cf4a972622] NF registred [Heartbeat:10s] (../src/nrf/nf-sm.c:192)
06/11 17:36:54.651: [nrf] INFO: [8e991268-087e-41ee-af3a-c387d40b9382] NF registred [Heartbeat:10s] (../src/nrf/nf-sm.c:192)
06/11 17:36:54.666: [nrf] INFO: [8e97365a-087e-41ee-8553-39dd394fad11] NF registred [Heartbeat:10s] (../src/nrf/nf-sm.c:192)
06/11 17:36:54.677: [nrf] INFO: [8e9d1a66-087e-41ee-8292-fd439595c299] NF registred [Heartbeat:10s] (../src/nrf/nf-sm.c:192)
06/11 17:36:54.757: [nrf] INFO: [8ea17b92-087e-41ee-8aaa-b740ab62b978] NF registred [Heartbeat:10s] (../src/nrf/nf-sm.c:192)
Open5GS daemon v2.4.4

06/12 18:26:00.717: [app] INFO: Configuration: '/open5gs/install/etc/open5gs/nrf.yaml' (../lib/app/ogs-init.c:129)
06/12 18:26:00.717: [app] INFO: File Logging: '/open5gs/install/var/log/open5gs/nrf.log' (../lib/app/ogs-init.c:132)
06/12 18:26:00.721: [sbi] INFO: nghttp2_server() [127.0.0.10]:7777 (../lib/sbi/nghttp2-server.c:144)
06/12 18:26:00.729: [app] INFO: NRF initialize...done (../src/nrf/app.c:31)
06/12 18:26:05.737: [nrf] INFO: [97ff293e-094e-41ee-8872-231aad727e8b] NF registred [Heartbeat:10s] (../src/nrf/nf-sm.c:192)
06/12 18:26:05.746: [nrf] INFO: [98007dca-094e-41ee-a8c6-9baeaa7d2495] NF registred [Heartbeat:10s] (../src/nrf/nf-sm.c:192)
06/12 18:26:05.787: [nrf] INFO: [980708a2-094e-41ee-b08b-6d5140e1d4e4] NF registred [Heartbeat:10s] (../src/nrf/nf-sm.c:192)
06/12 18:26:05.796: [nrf] INFO: [98047e02-094e-41ee-9cad-13b3471d871e] NF registred [Heartbeat:10s] (../src/nrf/nf-sm.c:192)
06/12 18:26:05.811: [nrf] INFO: [980b0592-094e-41ee-8840-c59988993479] NF registred [Heartbeat:10s] (../src/nrf/nf-sm.c:192)
06/12 18:26:05.814: [nrf] INFO: [980b0d94-094e-41ee-9c77-ad16ab1017ad] NF registred [Heartbeat:10s] (../src/nrf/nf-sm.c:192)
06/12 18:26:05.921: [nrf] INFO: [981357c4-094e-41ee-a111-2b05a3cfb9a9] NF registred [Heartbeat:10s] (../src/nrf/nf-sm.c:192)
Open5GS daemon v2.4.4

06/12 18:26:35.465: [app] INFO: Configuration: '/open5gs/install/etc/open5gs/nrf.yaml' (../lib/app/ogs-init.c:129)
06/12 18:26:35.465: [app] INFO: File Logging: '/open5gs/install/var/log/open5gs/nrf.log' (../lib/app/ogs-init.c:132)
06/12 18:26:35.466: [sbi] INFO: nghttp2_server() [127.0.0.10]:7777 (../lib/sbi/nghttp2-server.c:144)
06/12 18:26:35.473: [app] INFO: NRF initialize...done (../src/nrf/app.c:31)
06/12 18:26:40.499: [nrf] INFO: [acb88f5a-094e-41ee-b72f-7d4e115ac23d] NF registred [Heartbeat:10s] (../src/nrf/nf-sm.c:192)
06/12 18:26:40.505: [nrf] INFO: [acb8ebb2-094e-41ee-9781-61ba5f944a96] NF registred [Heartbeat:10s] (../src/nrf/nf-sm.c:192)
06/12 18:26:40.511: [nrf] INFO: [acbac0f4-094e-41ee-9fd7-9f40d4dc265b] NF registred [Heartbeat:10s] (../src/nrf/nf-sm.c:192)
06/12 18:26:40.531: [nrf] INFO: [acbb585c-094e-41ee-beee-d30cc72fd8fd] NF registred [Heartbeat:10s] (../src/nrf/nf-sm.c:192)
06/12 18:26:40.532: [nrf] INFO: [acbc8d94-094e-41ee-ada1-7ff4f15f770a] NF registred [Heartbeat:10s] (../src/nrf/nf-sm.c:192)
06/12 18:26:40.536: [nrf] INFO: [acbdbbb0-094e-41ee-8dca-d9707e2fde2e] NF registred [Heartbeat:10s] (../src/nrf/nf-sm.c:192)
06/12 18:27:27.373: [app] INFO: SIGHUP received (../src/main.c:58)
Open5GS daemon v2.4.4

06/12 18:36:57.692: [app] INFO: Configuration: '/open5gs/install/etc/open5gs/nrf.yaml' (../lib/app/ogs-init.c:129)
06/12 18:36:57.696: [app] INFO: File Logging: '/open5gs/install/var/log/open5gs/nrf.log' (../lib/app/ogs-init.c:132)
06/12 18:36:57.702: [sbi] INFO: nghttp2_server() [127.0.0.10]:7777 (../lib/sbi/nghttp2-server.c:144)
06/12 18:36:57.707: [app] INFO: NRF initialize...done (../src/nrf/app.c:31)
06/12 18:37:02.672: [nrf] INFO: [1f90a688-0950-41ee-abad-915fe1bc8940] NF registred [Heartbeat:10s] (../src/nrf/nf-sm.c:192)
06/12 18:37:02.680: [nrf] INFO: [1f903630-0950-41ee-b308-a7af9112a1f1] NF registred [Heartbeat:10s] (../src/nrf/nf-sm.c:192)
06/12 18:37:02.689: [nrf] INFO: [1f92adde-0950-41ee-af70-a96035c0431e] NF registred [Heartbeat:10s] (../src/nrf/nf-sm.c:192)
06/12 18:37:02.690: [nrf] INFO: [1f938ee8-0950-41ee-8ac5-1b7b647e9b9c] NF registred [Heartbeat:10s] (../src/nrf/nf-sm.c:192)
06/12 18:37:02.696: [nrf] INFO: [1f93b4a4-0950-41ee-9d81-7f811332f6ef] NF registred [Heartbeat:10s] (../src/nrf/nf-sm.c:192)
06/12 18:37:02.701: [nrf] INFO: [1f938cfe-0950-41ee-b7ba-bd0ce76439dd] NF registred [Heartbeat:10s] (../src/nrf/nf-sm.c:192)
06/12 18:37:02.800: [nrf] INFO: [1f96db16-0950-41ee-80cd-cd41ee30ee8f] NF registred [Heartbeat:10s] (../src/nrf/nf-sm.c:192)
Open5GS daemon v2.4.4

06/12 18:48:04.857: [app] INFO: Configuration: '/open5gs/install/etc/open5gs/nrf.yaml' (../lib/app/ogs-init.c:129)
06/12 18:48:04.857: [app] INFO: File Logging: '/open5gs/install/var/log/open5gs/nrf.log' (../lib/app/ogs-init.c:132)
06/12 18:48:04.861: [sbi] INFO: nghttp2_server() [127.0.0.10]:7777 (../lib/sbi/nghttp2-server.c:144)
06/12 18:48:04.869: [app] INFO: NRF initialize...done (../src/nrf/app.c:31)
06/12 18:48:09.820: [nrf] INFO: [ad378334-0951-41ee-a5e5-d7db13ca74d8] NF registred [Heartbeat:10s] (../src/nrf/nf-sm.c:192)
06/12 18:48:09.837: [nrf] INFO: [ad391938-0951-41ee-8e98-271d857ce11b] NF registred [Heartbeat:10s] (../src/nrf/nf-sm.c:192)
06/12 18:48:09.839: [nrf] INFO: [ad390bd2-0951-41ee-a817-6fbd2c6f5a4a] NF registred [Heartbeat:10s] (../src/nrf/nf-sm.c:192)
06/12 18:48:09.851: [nrf] INFO: [ad392b6c-0951-41ee-9f98-3956f2857387] NF registred [Heartbeat:10s] (../src/nrf/nf-sm.c:192)
06/12 18:48:09.853: [nrf] INFO: [ad3c7b78-0951-41ee-939b-add3ba999a10] NF registred [Heartbeat:10s] (../src/nrf/nf-sm.c:192)
06/12 18:48:09.857: [nrf] INFO: [ad3c919e-0951-41ee-a5a7-3d002ec95a6c] NF registred [Heartbeat:10s] (../src/nrf/nf-sm.c:192)
Open5GS daemon v2.4.4

06/12 19:06:42.449: [app] INFO: Configuration: '/open5gs/install/etc/open5gs/nrf.yaml' (../lib/app/ogs-init.c:129)
06/12 19:06:42.450: [app] INFO: File Logging: '/open5gs/install/var/log/open5gs/nrf.log' (../lib/app/ogs-init.c:132)
06/12 19:06:42.452: [sbi] INFO: nghttp2_server() [127.0.0.10]:7777 (../lib/sbi/nghttp2-server.c:144)
06/12 19:06:42.454: [app] INFO: NRF initialize...done (../src/nrf/app.c:31)
06/12 19:06:47.468: [nrf] INFO: [47630ef4-0954-41ee-8edc-9b119afe0411] NF registred [Heartbeat:10s] (../src/nrf/nf-sm.c:192)
06/12 19:06:47.470: [nrf] INFO: [47626314-0954-41ee-b9b3-1bb418d021fc] NF registred [Heartbeat:10s] (../src/nrf/nf-sm.c:192)
06/12 19:06:47.473: [nrf] INFO: [4763fc1a-0954-41ee-8a6e-9ba66aa34265] NF registred [Heartbeat:10s] (../src/nrf/nf-sm.c:192)
06/12 19:06:47.495: [nrf] INFO: [476517f8-0954-41ee-9e5c-456424cb9436] NF registred [Heartbeat:10s] (../src/nrf/nf-sm.c:192)
06/12 19:06:47.498: [nrf] INFO: [476539d6-0954-41ee-92fa-c192829f7321] NF registred [Heartbeat:10s] (../src/nrf/nf-sm.c:192)
06/12 19:06:47.499: [nrf] INFO: [476798b6-0954-41ee-9ba2-7fa5a21f12d1] NF registred [Heartbeat:10s] (../src/nrf/nf-sm.c:192)
Open5GS daemon v2.4.4

06/12 19:17:04.652: [app] INFO: Configuration: '/open5gs/install/etc/open5gs/nrf.yaml' (../lib/app/ogs-init.c:129)
06/12 19:17:04.652: [app] INFO: File Logging: '/open5gs/install/var/log/open5gs/nrf.log' (../lib/app/ogs-init.c:132)
06/12 19:17:04.654: [sbi] INFO: nghttp2_server() [127.0.0.10]:7777 (../lib/sbi/nghttp2-server.c:144)
06/12 19:17:04.654: [app] INFO: NRF initialize...done (../src/nrf/app.c:31)
06/12 19:17:09.650: [nrf] INFO: [ba3b438c-0955-41ee-ab13-0bf14d2401c5] NF registred [Heartbeat:10s] (../src/nrf/nf-sm.c:192)
06/12 19:17:09.667: [nrf] INFO: [ba3f2506-0955-41ee-a723-8709633aff51] NF registred [Heartbeat:10s] (../src/nrf/nf-sm.c:192)
06/12 19:17:09.669: [nrf] INFO: [ba3e4de8-0955-41ee-8345-0565145400d4] NF registred [Heartbeat:10s] (../src/nrf/nf-sm.c:192)
06/12 19:17:09.671: [nrf] INFO: [ba3ed6c8-0955-41ee-9fba-7fb78ef7f44a] NF registred [Heartbeat:10s] (../src/nrf/nf-sm.c:192)
06/12 19:17:09.673: [nrf] INFO: [ba3f892e-0955-41ee-96c8-5f009894eb34] NF registred [Heartbeat:10s] (../src/nrf/nf-sm.c:192)
06/12 19:17:09.692: [nrf] INFO: [ba4245d8-0955-41ee-9228-634b3fae32a6] NF registred [Heartbeat:10s] (../src/nrf/nf-sm.c:192)
Open5GS daemon v2.4.4

06/12 20:45:15.686: [app] INFO: Configuration: '/open5gs/install/etc/open5gs/nrf.yaml' (../lib/app/ogs-init.c:129)
06/12 20:45:15.687: [app] INFO: File Logging: '/open5gs/install/var/log/open5gs/nrf.log' (../lib/app/ogs-init.c:132)
06/12 20:45:15.691: [sbi] INFO: nghttp2_server() [127.0.0.10]:7777 (../lib/sbi/nghttp2-server.c:144)
06/12 20:45:15.696: [app] INFO: NRF initialize...done (../src/nrf/app.c:31)
06/12 20:45:20.703: [nrf] INFO: [0bf19aee-0962-41ee-a327-bbdd3e5e525b] NF registred [Heartbeat:10s] (../src/nrf/nf-sm.c:192)
06/12 20:45:20.725: [nrf] INFO: [0bf55ddc-0962-41ee-9d83-a9aaf98eb432] NF registred [Heartbeat:10s] (../src/nrf/nf-sm.c:192)
06/12 20:45:20.727: [nrf] INFO: [0bf61bdc-0962-41ee-bf66-d9dd683c59df] NF registred [Heartbeat:10s] (../src/nrf/nf-sm.c:192)
06/12 20:45:20.750: [nrf] INFO: [0bf97f98-0962-41ee-a822-4b86180800bf] NF registred [Heartbeat:10s] (../src/nrf/nf-sm.c:192)
06/12 20:45:20.757: [nrf] INFO: [0bfa22fe-0962-41ee-8652-339e52622aee] NF registred [Heartbeat:10s] (../src/nrf/nf-sm.c:192)
06/12 20:45:20.761: [nrf] INFO: [0bf9a18a-0962-41ee-98e8-eb555b8f30cf] NF registred [Heartbeat:10s] (../src/nrf/nf-sm.c:192)
06/12 20:57:31.829: [app] INFO: SIGHUP received (../src/main.c:58)
Open5GS daemon v2.4.4

06/12 20:57:36.204: [app] INFO: Configuration: '/open5gs/install/etc/open5gs/nrf.yaml' (../lib/app/ogs-init.c:129)
06/12 20:57:36.205: [app] INFO: File Logging: '/open5gs/install/var/log/open5gs/nrf.log' (../lib/app/ogs-init.c:132)
06/12 20:57:36.207: [sbi] INFO: nghttp2_server() [127.0.0.10]:7777 (../lib/sbi/nghttp2-server.c:144)
06/12 20:57:36.208: [app] INFO: NRF initialize...done (../src/nrf/app.c:31)
06/12 20:57:41.244: [nrf] INFO: [c5558f4e-0963-41ee-9294-c19a2292aef6] NF registred [Heartbeat:10s] (../src/nrf/nf-sm.c:192)
06/12 20:57:41.248: [nrf] INFO: [c555d4e0-0963-41ee-b7ff-b78c9d208b84] NF registred [Heartbeat:10s] (../src/nrf/nf-sm.c:192)
06/12 20:57:41.250: [nrf] INFO: [c5555fc4-0963-41ee-a1a8-8d7a365f8dd6] NF registred [Heartbeat:10s] (../src/nrf/nf-sm.c:192)
06/12 20:57:41.257: [nrf] INFO: [c559170e-0963-41ee-a34e-7555937fb9d3] NF registred [Heartbeat:10s] (../src/nrf/nf-sm.c:192)
06/12 20:57:41.265: [nrf] INFO: [c559019c-0963-41ee-a1cd-a1bf4f99b830] NF registred [Heartbeat:10s] (../src/nrf/nf-sm.c:192)
06/12 20:57:41.268: [nrf] INFO: [c55b6356-0963-41ee-bbc3-4d658a30f614] NF registred [Heartbeat:10s] (../src/nrf/nf-sm.c:192)
Open5GS daemon v2.4.4

06/12 21:03:44.077: [app] INFO: Configuration: '/open5gs/install/etc/open5gs/nrf.yaml' (../lib/app/ogs-init.c:129)
06/12 21:03:44.077: [app] INFO: File Logging: '/open5gs/install/var/log/open5gs/nrf.log' (../lib/app/ogs-init.c:132)
06/12 21:03:44.080: [sbi] INFO: nghttp2_server() [127.0.0.10]:7777 (../lib/sbi/nghttp2-server.c:144)
06/12 21:03:44.083: [app] INFO: NRF initialize...done (../src/nrf/app.c:31)
06/12 21:03:49.035: [nrf] INFO: [a090eec8-0964-41ee-aefe-f70811cdebbf] NF registred [Heartbeat:10s] (../src/nrf/nf-sm.c:192)
06/12 21:03:49.061: [nrf] INFO: [a0940c0c-0964-41ee-82bf-0d8b331428a1] NF registred [Heartbeat:10s] (../src/nrf/nf-sm.c:192)
06/12 21:03:49.072: [nrf] INFO: [a093d9f8-0964-41ee-a1b7-2b8833ba5d8a] NF registred [Heartbeat:10s] (../src/nrf/nf-sm.c:192)
06/12 21:03:49.076: [nrf] INFO: [a095693a-0964-41ee-80b0-93ec13102bde] NF registred [Heartbeat:10s] (../src/nrf/nf-sm.c:192)
06/12 21:03:49.081: [nrf] INFO: [a0988ac0-0964-41ee-93b2-21593b7f7e82] NF registred [Heartbeat:10s] (../src/nrf/nf-sm.c:192)
06/12 21:03:49.083: [nrf] INFO: [a0966ac4-0964-41ee-9285-0d54ad7e4826] NF registred [Heartbeat:10s] (../src/nrf/nf-sm.c:192)
Open5GS daemon v2.4.4

06/12 21:05:10.229: [app] INFO: Configuration: '/open5gs/install/etc/open5gs/nrf.yaml' (../lib/app/ogs-init.c:129)
06/12 21:05:10.229: [app] INFO: File Logging: '/open5gs/install/var/log/open5gs/nrf.log' (../lib/app/ogs-init.c:132)
06/12 21:05:10.233: [sbi] INFO: nghttp2_server() [127.0.0.10]:7777 (../lib/sbi/nghttp2-server.c:144)
06/12 21:05:10.234: [app] INFO: NRF initialize...done (../src/nrf/app.c:31)
06/12 21:05:15.247: [nrf] INFO: [d3f2f3ce-0964-41ee-a1b3-8dac89a3a679] NF registred [Heartbeat:10s] (../src/nrf/nf-sm.c:192)
06/12 21:05:15.251: [nrf] INFO: [d3f43d56-0964-41ee-9b19-936053283098] NF registred [Heartbeat:10s] (../src/nrf/nf-sm.c:192)
06/12 21:05:15.273: [nrf] INFO: [d3f62daa-0964-41ee-8fd2-f533c72ef77b] NF registred [Heartbeat:10s] (../src/nrf/nf-sm.c:192)
06/12 21:05:15.277: [nrf] INFO: [d3f7081a-0964-41ee-bc68-9104feeff56e] NF registred [Heartbeat:10s] (../src/nrf/nf-sm.c:192)
06/12 21:05:15.285: [nrf] INFO: [d3f6fc1c-0964-41ee-af0a-a3b26e0e01e8] NF registred [Heartbeat:10s] (../src/nrf/nf-sm.c:192)
06/12 21:05:15.290: [nrf] INFO: [d3f75e82-0964-41ee-baa6-870087919280] NF registred [Heartbeat:10s] (../src/nrf/nf-sm.c:192)
06/12 21:05:15.405: [nrf] INFO: [d3fd7844-0964-41ee-9c24-59c3f5a1f36f] NF registred [Heartbeat:10s] (../src/nrf/nf-sm.c:192)
Open5GS daemon v2.4.4

06/26 17:15:46.071: [app] INFO: Configuration: '/open5gs/install/etc/open5gs/nrf.yaml' (../lib/app/ogs-init.c:129)
06/26 17:15:46.072: [app] INFO: File Logging: '/open5gs/install/var/log/open5gs/nrf.log' (../lib/app/ogs-init.c:132)
06/26 17:15:46.091: [sbi] INFO: nghttp2_server() [127.0.0.10]:7777 (../lib/sbi/nghttp2-server.c:144)
06/26 17:15:46.092: [app] INFO: NRF initialize...done (../src/nrf/app.c:31)
06/26 17:15:51.120: [nrf] INFO: [19a98000-1445-41ee-8592-73bcae2af417] NF registred [Heartbeat:10s] (../src/nrf/nf-sm.c:192)
06/26 17:15:51.198: [nrf] INFO: [19a9b0fc-1445-41ee-b109-7f7cddf82c19] NF registred [Heartbeat:10s] (../src/nrf/nf-sm.c:192)
06/26 17:15:51.203: [nrf] INFO: [19a4bc8c-1445-41ee-a587-9f12f70e2669] NF registred [Heartbeat:10s] (../src/nrf/nf-sm.c:192)
06/26 17:15:51.244: [nrf] INFO: [19bc6bf2-1445-41ee-a1fa-5164ab2559e2] NF registred [Heartbeat:10s] (../src/nrf/nf-sm.c:192)
06/26 17:15:51.278: [nrf] INFO: [19bf9552-1445-41ee-8985-dd53db383605] NF registred [Heartbeat:10s] (../src/nrf/nf-sm.c:192)
06/26 17:15:51.288: [nrf] INFO: [19bf114a-1445-41ee-bbbf-9d468f409ebe] NF registred [Heartbeat:10s] (../src/nrf/nf-sm.c:192)
06/26 17:15:51.782: [nrf] INFO: [19d75f7a-1445-41ee-ac82-3d171c1ea276] NF registred [Heartbeat:10s] (../src/nrf/nf-sm.c:192)
Open5GS daemon v2.4.4

06/26 17:16:40.980: [app] INFO: Configuration: '/open5gs/install/etc/open5gs/nrf.yaml' (../lib/app/ogs-init.c:129)
06/26 17:16:40.980: [app] INFO: File Logging: '/open5gs/install/var/log/open5gs/nrf.log' (../lib/app/ogs-init.c:132)
06/26 17:16:40.982: [sbi] INFO: nghttp2_server() [127.0.0.10]:7777 (../lib/sbi/nghttp2-server.c:144)
06/26 17:16:40.983: [app] INFO: NRF initialize...done (../src/nrf/app.c:31)
06/26 17:16:45.964: [nrf] INFO: [3a5ce6a2-1445-41ee-9678-df67329fcf12] NF registred [Heartbeat:10s] (../src/nrf/nf-sm.c:192)
06/26 17:16:45.989: [nrf] INFO: [3a611b0a-1445-41ee-8482-5bd8d974ab32] NF registred [Heartbeat:10s] (../src/nrf/nf-sm.c:192)
06/26 17:16:45.991: [nrf] INFO: [3a621dd4-1445-41ee-95a0-d9db9078700e] NF registred [Heartbeat:10s] (../src/nrf/nf-sm.c:192)
06/26 17:16:45.992: [nrf] INFO: [3a5f0068-1445-41ee-81e1-418c0b886855] NF registred [Heartbeat:10s] (../src/nrf/nf-sm.c:192)
06/26 17:16:45.994: [nrf] INFO: [3a61ccc6-1445-41ee-aacb-8faac5d9d368] NF registred [Heartbeat:10s] (../src/nrf/nf-sm.c:192)
06/26 17:16:45.996: [nrf] INFO: [3a60cace-1445-41ee-a826-bbcc093bd64c] NF registred [Heartbeat:10s] (../src/nrf/nf-sm.c:192)
Open5GS daemon v2.4.4

06/26 17:27:40.736: [app] INFO: Configuration: '/open5gs/install/etc/open5gs/nrf.yaml' (../lib/app/ogs-init.c:129)
06/26 17:27:40.742: [app] INFO: File Logging: '/open5gs/install/var/log/open5gs/nrf.log' (../lib/app/ogs-init.c:132)
06/26 17:27:40.743: [sbi] INFO: nghttp2_server() [127.0.0.10]:7777 (../lib/sbi/nghttp2-server.c:144)
06/26 17:27:40.743: [app] INFO: NRF initialize...done (../src/nrf/app.c:31)
06/26 17:27:45.758: [nrf] INFO: [c3a26026-1446-41ee-9f26-9f1891bd7378] NF registred [Heartbeat:10s] (../src/nrf/nf-sm.c:192)
06/26 17:27:45.759: [nrf] INFO: [c3a1cf12-1446-41ee-a36c-936b869cc745] NF registred [Heartbeat:10s] (../src/nrf/nf-sm.c:192)
06/26 17:27:45.766: [nrf] INFO: [c3a246e0-1446-41ee-b07f-c388551cdf5a] NF registred [Heartbeat:10s] (../src/nrf/nf-sm.c:192)
06/26 17:27:45.773: [nrf] INFO: [c3a22764-1446-41ee-a476-4da24ab0e65e] NF registred [Heartbeat:10s] (../src/nrf/nf-sm.c:192)
06/26 17:27:45.790: [nrf] INFO: [c3a5a5c4-1446-41ee-a022-5f80c78fbd6c] NF registred [Heartbeat:10s] (../src/nrf/nf-sm.c:192)
06/26 17:27:45.800: [nrf] INFO: [c3a8b066-1446-41ee-8480-db9bd1d26601] NF registred [Heartbeat:10s] (../src/nrf/nf-sm.c:192)
Open5GS daemon v2.4.4

06/26 17:53:51.191: [app] INFO: Configuration: '/open5gs/install/etc/open5gs/nrf.yaml' (../lib/app/ogs-init.c:129)
06/26 17:53:51.192: [app] INFO: File Logging: '/open5gs/install/var/log/open5gs/nrf.log' (../lib/app/ogs-init.c:132)
06/26 17:53:51.196: [sbi] INFO: nghttp2_server() [127.0.0.10]:7777 (../lib/sbi/nghttp2-server.c:144)
06/26 17:53:51.197: [app] INFO: NRF initialize...done (../src/nrf/app.c:31)
06/26 17:53:56.212: [nrf] INFO: [6bb253c2-144a-41ee-836d-97cf3524de9e] NF registred [Heartbeat:10s] (../src/nrf/nf-sm.c:192)
06/26 17:53:56.231: [nrf] INFO: [6bb488cc-144a-41ee-a7bb-8b7d88880372] NF registred [Heartbeat:10s] (../src/nrf/nf-sm.c:192)
06/26 17:53:56.237: [nrf] INFO: [6bb3c7a2-144a-41ee-9112-ad013f8cfb3d] NF registred [Heartbeat:10s] (../src/nrf/nf-sm.c:192)
06/26 17:53:56.247: [nrf] INFO: [6bb3c81a-144a-41ee-9a74-19faa989bbb5] NF registred [Heartbeat:10s] (../src/nrf/nf-sm.c:192)
06/26 17:53:56.255: [nrf] INFO: [6bb69cb6-144a-41ee-9a5a-cffcbb61f804] NF registred [Heartbeat:10s] (../src/nrf/nf-sm.c:192)
06/26 17:53:56.256: [nrf] INFO: [6bb99e70-144a-41ee-b7d1-91eb7a040745] NF registred [Heartbeat:10s] (../src/nrf/nf-sm.c:192)
Open5GS daemon v2.4.4

06/26 17:55:30.147: [app] INFO: Configuration: '/open5gs/install/etc/open5gs/nrf.yaml' (../lib/app/ogs-init.c:129)
06/26 17:55:30.148: [app] INFO: File Logging: '/open5gs/install/var/log/open5gs/nrf.log' (../lib/app/ogs-init.c:132)
06/26 17:55:30.155: [sbi] INFO: nghttp2_server() [127.0.0.10]:7777 (../lib/sbi/nghttp2-server.c:144)
06/26 17:55:30.159: [app] INFO: NRF initialize...done (../src/nrf/app.c:31)
06/26 17:55:35.178: [nrf] INFO: [a6aeffc0-144a-41ee-a39a-3799d3cea1fd] NF registred [Heartbeat:10s] (../src/nrf/nf-sm.c:192)
06/26 17:55:35.179: [nrf] INFO: [a6af8e40-144a-41ee-ae48-754164a53e2c] NF registred [Heartbeat:10s] (../src/nrf/nf-sm.c:192)
06/26 17:55:35.186: [nrf] INFO: [a6ae1010-144a-41ee-80e0-a51cdeba14a9] NF registred [Heartbeat:10s] (../src/nrf/nf-sm.c:192)
06/26 17:55:35.193: [nrf] INFO: [a6b0c7b0-144a-41ee-bda7-836083ef6aea] NF registred [Heartbeat:10s] (../src/nrf/nf-sm.c:192)
06/26 17:55:35.204: [nrf] INFO: [a6b3c780-144a-41ee-8f91-dd341ee15303] NF registred [Heartbeat:10s] (../src/nrf/nf-sm.c:192)
06/26 17:55:35.209: [nrf] INFO: [a6b3edbe-144a-41ee-85f4-bb9b7675bde3] NF registred [Heartbeat:10s] (../src/nrf/nf-sm.c:192)
Open5GS daemon v2.4.4

06/26 18:12:59.052: [app] INFO: Configuration: '/open5gs/install/etc/open5gs/nrf.yaml' (../lib/app/ogs-init.c:129)
06/26 18:12:59.053: [app] INFO: File Logging: '/open5gs/install/var/log/open5gs/nrf.log' (../lib/app/ogs-init.c:132)
06/26 18:12:59.057: [sbi] INFO: nghttp2_server() [127.0.0.10]:7777 (../lib/sbi/nghttp2-server.c:144)
06/26 18:12:59.068: [app] INFO: NRF initialize...done (../src/nrf/app.c:31)
06/26 18:13:04.078: [nrf] INFO: [17e10c22-144d-41ee-a1ef-35e6c63ecefc] NF registred [Heartbeat:10s] (../src/nrf/nf-sm.c:192)
06/26 18:13:04.082: [nrf] INFO: [17e0b2d6-144d-41ee-8860-33d98a665bcd] NF registred [Heartbeat:10s] (../src/nrf/nf-sm.c:192)
06/26 18:13:04.083: [nrf] INFO: [17e179c8-144d-41ee-a0f1-79511b215a08] NF registred [Heartbeat:10s] (../src/nrf/nf-sm.c:192)
06/26 18:13:04.096: [nrf] INFO: [17e1b776-144d-41ee-8f54-e97d02f3ebc1] NF registred [Heartbeat:10s] (../src/nrf/nf-sm.c:192)
06/26 18:13:04.098: [nrf] INFO: [17e46214-144d-41ee-a6cb-69cb766d26ef] NF registred [Heartbeat:10s] (../src/nrf/nf-sm.c:192)
06/26 18:13:04.106: [nrf] INFO: [17e45c42-144d-41ee-a117-8dfdb84f2482] NF registred [Heartbeat:10s] (../src/nrf/nf-sm.c:192)
Open5GS daemon v2.4.4

06/30 09:19:13.495: [app] INFO: Configuration: '/open5gs/install/etc/open5gs/nrf.yaml' (../lib/app/ogs-init.c:129)
06/30 09:19:13.495: [app] INFO: File Logging: '/open5gs/install/var/log/open5gs/nrf.log' (../lib/app/ogs-init.c:132)
06/30 09:19:13.538: [sbi] INFO: nghttp2_server() [127.0.0.10]:7777 (../lib/sbi/nghttp2-server.c:144)
06/30 09:19:13.548: [app] INFO: NRF initialize...done (../src/nrf/app.c:31)
06/30 09:19:18.107: [nrf] INFO: [30822202-1727-41ee-ad27-6565e316b54a] NF registred [Heartbeat:10s] (../src/nrf/nf-sm.c:192)
06/30 09:19:18.269: [nrf] INFO: [30a28fa6-1727-41ee-97b8-a1b28c31407b] NF registred [Heartbeat:10s] (../src/nrf/nf-sm.c:192)
06/30 09:19:18.282: [nrf] INFO: [30a12e22-1727-41ee-8618-f9129f9a4e0b] NF registred [Heartbeat:10s] (../src/nrf/nf-sm.c:192)
06/30 09:19:18.294: [nrf] INFO: [30aa18e8-1727-41ee-994b-331634669209] NF registred [Heartbeat:10s] (../src/nrf/nf-sm.c:192)
06/30 09:19:18.335: [nrf] INFO: [30a5a86c-1727-41ee-b155-2d7bfe6935a2] NF registred [Heartbeat:10s] (../src/nrf/nf-sm.c:192)
06/30 09:19:18.369: [nrf] INFO: [30a3b084-1727-41ee-83fa-e1da0eeda824] NF registred [Heartbeat:10s] (../src/nrf/nf-sm.c:192)
Open5GS daemon v2.4.4

06/30 09:20:40.429: [app] INFO: Configuration: '/open5gs/install/etc/open5gs/nrf.yaml' (../lib/app/ogs-init.c:129)
06/30 09:20:40.432: [app] INFO: File Logging: '/open5gs/install/var/log/open5gs/nrf.log' (../lib/app/ogs-init.c:132)
06/30 09:20:40.435: [sbi] INFO: nghttp2_server() [127.0.0.10]:7777 (../lib/sbi/nghttp2-server.c:144)
06/30 09:20:40.436: [app] INFO: NRF initialize...done (../src/nrf/app.c:31)
06/30 09:20:45.377: [nrf] INFO: [6492f486-1727-41ee-abde-9b5e5db21072] NF registred [Heartbeat:10s] (../src/nrf/nf-sm.c:192)
06/30 09:20:45.379: [nrf] INFO: [64934ea4-1727-41ee-bc42-2fd3a7ba9dda] NF registred [Heartbeat:10s] (../src/nrf/nf-sm.c:192)
06/30 09:20:45.422: [nrf] INFO: [649aa8ca-1727-41ee-bec9-c749f52532c6] NF registred [Heartbeat:10s] (../src/nrf/nf-sm.c:192)
06/30 09:20:45.425: [nrf] INFO: [649980a8-1727-41ee-adb9-c3a3e9716389] NF registred [Heartbeat:10s] (../src/nrf/nf-sm.c:192)
06/30 09:20:45.427: [nrf] INFO: [649b5a18-1727-41ee-b67a-07cc772439df] NF registred [Heartbeat:10s] (../src/nrf/nf-sm.c:192)
06/30 09:20:45.436: [nrf] INFO: [649a8336-1727-41ee-b0f8-9dafbe2bbc89] NF registred [Heartbeat:10s] (../src/nrf/nf-sm.c:192)
Open5GS daemon v2.4.4

06/30 09:55:40.842: [app] INFO: Configuration: '/open5gs/install/etc/open5gs/nrf.yaml' (../lib/app/ogs-init.c:129)
06/30 09:55:40.843: [app] INFO: File Logging: '/open5gs/install/var/log/open5gs/nrf.log' (../lib/app/ogs-init.c:132)
06/30 09:55:40.845: [sbi] INFO: nghttp2_server() [127.0.0.10]:7777 (../lib/sbi/nghttp2-server.c:144)
06/30 09:55:40.866: [app] INFO: NRF initialize...done (../src/nrf/app.c:31)
06/30 09:55:45.805: [nrf] INFO: [4887520a-172c-41ee-81ec-79cbcb06fb46] NF registred [Heartbeat:10s] (../src/nrf/nf-sm.c:192)
06/30 09:55:45.812: [nrf] INFO: [4889da34-172c-41ee-b50d-df2461ea2e5d] NF registred [Heartbeat:10s] (../src/nrf/nf-sm.c:192)
06/30 09:55:45.840: [nrf] INFO: [488d7766-172c-41ee-b224-21c8ea89b692] NF registred [Heartbeat:10s] (../src/nrf/nf-sm.c:192)
06/30 09:55:45.845: [nrf] INFO: [488e4268-172c-41ee-b941-a3be079012b3] NF registred [Heartbeat:10s] (../src/nrf/nf-sm.c:192)
06/30 09:55:45.863: [nrf] INFO: [488e9f24-172c-41ee-8395-2f7e212d898b] NF registred [Heartbeat:10s] (../src/nrf/nf-sm.c:192)
06/30 09:55:45.869: [nrf] INFO: [48904770-172c-41ee-876e-212a0dc8effe] NF registred [Heartbeat:10s] (../src/nrf/nf-sm.c:192)
Open5GS daemon v2.4.4

06/30 10:05:57.743: [app] INFO: Configuration: '/open5gs/install/etc/open5gs/nrf.yaml' (../lib/app/ogs-init.c:129)
06/30 10:05:57.743: [app] INFO: File Logging: '/open5gs/install/var/log/open5gs/nrf.log' (../lib/app/ogs-init.c:132)
06/30 10:05:57.747: [sbi] INFO: nghttp2_server() [127.0.0.10]:7777 (../lib/sbi/nghttp2-server.c:144)
06/30 10:05:57.751: [app] INFO: NRF initialize...done (../src/nrf/app.c:31)
06/30 10:06:02.814: [nrf] INFO: [b84843dc-172d-41ee-af29-6b039a6501b7] NF registred [Heartbeat:10s] (../src/nrf/nf-sm.c:192)
06/30 10:06:02.815: [nrf] INFO: [b84cbbec-172d-41ee-b505-d7123a76dbfb] NF registred [Heartbeat:10s] (../src/nrf/nf-sm.c:192)
06/30 10:06:02.887: [nrf] INFO: [b857b77c-172d-41ee-95a9-6f7a264ef8f2] NF registred [Heartbeat:10s] (../src/nrf/nf-sm.c:192)
06/30 10:06:02.930: [nrf] INFO: [b858b0dc-172d-41ee-8f7b-e15cd84c3e7a] NF registred [Heartbeat:10s] (../src/nrf/nf-sm.c:192)
06/30 10:06:02.987: [nrf] INFO: [b866d9aa-172d-41ee-89a9-2f8f29bf9499] NF registred [Heartbeat:10s] (../src/nrf/nf-sm.c:192)
06/30 10:06:02.995: [nrf] INFO: [b86628b6-172d-41ee-a777-d5730671cf38] NF registred [Heartbeat:10s] (../src/nrf/nf-sm.c:192)
06/30 10:06:04.139: [nrf] INFO: [b86a89d8-172d-41ee-8205-63e995f1b285] NF registred [Heartbeat:10s] (../src/nrf/nf-sm.c:192)
Open5GS daemon v2.4.4

06/30 10:15:15.359: [app] INFO: Configuration: '/open5gs/install/etc/open5gs/nrf.yaml' (../lib/app/ogs-init.c:129)
06/30 10:15:15.359: [app] INFO: File Logging: '/open5gs/install/var/log/open5gs/nrf.log' (../lib/app/ogs-init.c:132)
06/30 10:15:15.362: [sbi] INFO: nghttp2_server() [127.0.0.10]:7777 (../lib/sbi/nghttp2-server.c:144)
06/30 10:15:15.362: [app] INFO: NRF initialize...done (../src/nrf/app.c:31)
06/30 10:15:20.388: [nrf] INFO: [04a33c68-172f-41ee-a321-39ef37e4d292] NF registred [Heartbeat:10s] (../src/nrf/nf-sm.c:192)
06/30 10:15:20.389: [nrf] INFO: [04a482bc-172f-41ee-902f-0bf2e5fb8e73] NF registred [Heartbeat:10s] (../src/nrf/nf-sm.c:192)
06/30 10:15:20.402: [nrf] INFO: [04a31b84-172f-41ee-a351-d1874cd93fbd] NF registred [Heartbeat:10s] (../src/nrf/nf-sm.c:192)
06/30 10:15:20.404: [nrf] INFO: [04a4bb06-172f-41ee-9203-f717ce0aa87c] NF registred [Heartbeat:10s] (../src/nrf/nf-sm.c:192)
06/30 10:15:20.468: [nrf] INFO: [04ac817e-172f-41ee-aac0-37b8017ad302] NF registred [Heartbeat:10s] (../src/nrf/nf-sm.c:192)
06/30 10:15:20.500: [nrf] INFO: [04aeec8e-172f-41ee-a29b-35c92d1c330b] NF registred [Heartbeat:10s] (../src/nrf/nf-sm.c:192)
06/30 12:11:34.261: [nrf] WARNING: [04a31b84-172f-41ee-a351-d1874cd93fbd] No heartbeat (../src/nrf/nrf-sm.c:228)
06/30 12:11:34.277: [nrf] INFO: [04a31b84-172f-41ee-a351-d1874cd93fbd] NF de-registered (../src/nrf/nf-sm.c:207)
06/30 12:11:34.456: [nrf] INFO: [04aeec8e-172f-41ee-a29b-35c92d1c330b] NF de-registered (../src/nrf/nf-sm.c:207)
06/30 12:11:34.464: [nrf] INFO: [04aeec8e-172f-41ee-a29b-35c92d1c330b] NF registred [Heartbeat:10s] (../src/nrf/nf-sm.c:192)
06/30 12:11:34.470: [nrf] INFO: [04a33c68-172f-41ee-a321-39ef37e4d292] NF de-registered (../src/nrf/nf-sm.c:207)
06/30 12:11:34.484: [nrf] INFO: [04a33c68-172f-41ee-a321-39ef37e4d292] NF registred [Heartbeat:10s] (../src/nrf/nf-sm.c:192)
06/30 12:11:34.484: [nrf] INFO: [04a482bc-172f-41ee-902f-0bf2e5fb8e73] NF de-registered (../src/nrf/nf-sm.c:207)
06/30 12:11:34.487: [nrf] INFO: [04a482bc-172f-41ee-902f-0bf2e5fb8e73] NF registred [Heartbeat:10s] (../src/nrf/nf-sm.c:192)
06/30 12:11:34.489: [nrf] INFO: [04ac817e-172f-41ee-aac0-37b8017ad302] NF de-registered (../src/nrf/nf-sm.c:207)
06/30 12:11:34.490: [nrf] INFO: [04ac817e-172f-41ee-aac0-37b8017ad302] NF registred [Heartbeat:10s] (../src/nrf/nf-sm.c:192)
06/30 12:11:34.491: [nrf] WARNING: Not found [04a31b84-172f-41ee-a351-d1874cd93fbd] (../src/nrf/nrf-sm.c:114)
06/30 12:11:34.494: [nrf] INFO: [04a31b84-172f-41ee-a351-d1874cd93fbd] NF registred [Heartbeat:10s] (../src/nrf/nf-sm.c:192)
Open5GS daemon v2.4.4

06/30 12:19:34.035: [app] INFO: Configuration: '/open5gs/install/etc/open5gs/nrf.yaml' (../lib/app/ogs-init.c:129)
06/30 12:19:34.038: [app] INFO: File Logging: '/open5gs/install/var/log/open5gs/nrf.log' (../lib/app/ogs-init.c:132)
06/30 12:19:34.043: [sbi] INFO: nghttp2_server() [127.0.0.10]:7777 (../lib/sbi/nghttp2-server.c:144)
06/30 12:19:34.047: [app] INFO: NRF initialize...done (../src/nrf/app.c:31)
06/30 12:19:39.116: [nrf] INFO: [626273e4-1740-41ee-8629-5d3117c78060] NF registred [Heartbeat:10s] (../src/nrf/nf-sm.c:192)
06/30 12:19:39.161: [nrf] INFO: [626677fa-1740-41ee-9f57-e38aa54eb842] NF registred [Heartbeat:10s] (../src/nrf/nf-sm.c:192)
06/30 12:19:39.181: [nrf] INFO: [626b9abe-1740-41ee-8267-c190541e58ff] NF registred [Heartbeat:10s] (../src/nrf/nf-sm.c:192)
06/30 12:19:39.218: [nrf] INFO: [627160de-1740-41ee-afac-9d642d36a60f] NF registred [Heartbeat:10s] (../src/nrf/nf-sm.c:192)
06/30 12:19:39.613: [nrf] INFO: [62728e50-1740-41ee-9284-3b01f7b293cf] NF registred [Heartbeat:10s] (../src/nrf/nf-sm.c:192)
06/30 12:19:39.632: [nrf] INFO: [62aff452-1740-41ee-9b10-13c1e8bc8e1a] NF registred [Heartbeat:10s] (../src/nrf/nf-sm.c:192)
Open5GS daemon v2.4.4

06/30 12:30:27.159: [app] INFO: Configuration: '/open5gs/install/etc/open5gs/nrf.yaml' (../lib/app/ogs-init.c:129)
06/30 12:30:27.160: [app] INFO: File Logging: '/open5gs/install/var/log/open5gs/nrf.log' (../lib/app/ogs-init.c:132)
06/30 12:30:27.165: [sbi] INFO: nghttp2_server() [127.0.0.10]:7777 (../lib/sbi/nghttp2-server.c:144)
06/30 12:30:27.167: [app] INFO: NRF initialize...done (../src/nrf/app.c:31)
06/30 12:30:32.197: [nrf] INFO: [e7a258f2-1741-41ee-b667-f341599e603f] NF registred [Heartbeat:10s] (../src/nrf/nf-sm.c:192)
06/30 12:30:32.231: [nrf] INFO: [e7a92182-1741-41ee-af50-5116c7bcde51] NF registred [Heartbeat:10s] (../src/nrf/nf-sm.c:192)
06/30 12:30:32.349: [nrf] INFO: [e7ba9796-1741-41ee-a14c-99f30f486f66] NF registred [Heartbeat:10s] (../src/nrf/nf-sm.c:192)
06/30 12:30:32.365: [nrf] INFO: [e7b8987e-1741-41ee-99a8-9d15c382eeb5] NF registred [Heartbeat:10s] (../src/nrf/nf-sm.c:192)
06/30 12:30:32.449: [nrf] INFO: [e7c5b7f2-1741-41ee-be3b-4736a23fe677] NF registred [Heartbeat:10s] (../src/nrf/nf-sm.c:192)
06/30 12:30:32.466: [nrf] INFO: [e7c3390a-1741-41ee-8600-415771823c12] NF registred [Heartbeat:10s] (../src/nrf/nf-sm.c:192)
Open5GS daemon v2.4.4

06/30 12:34:14.621: [app] INFO: Configuration: '/open5gs/install/etc/open5gs/nrf.yaml' (../lib/app/ogs-init.c:129)
06/30 12:34:14.621: [app] INFO: File Logging: '/open5gs/install/var/log/open5gs/nrf.log' (../lib/app/ogs-init.c:132)
06/30 12:34:14.631: [sbi] INFO: nghttp2_server() [127.0.0.10]:7777 (../lib/sbi/nghttp2-server.c:144)
06/30 12:34:14.648: [app] INFO: NRF initialize...done (../src/nrf/app.c:31)
06/30 12:34:19.744: [nrf] INFO: [6f446c82-1742-41ee-a616-8bed94977e5b] NF registred [Heartbeat:10s] (../src/nrf/nf-sm.c:192)
06/30 12:34:19.775: [nrf] INFO: [6f4b1384-1742-41ee-ad66-5574de4b22df] NF registred [Heartbeat:10s] (../src/nrf/nf-sm.c:192)
06/30 12:34:19.781: [nrf] INFO: [6f4e16ba-1742-41ee-9a8e-39c78f123662] NF registred [Heartbeat:10s] (../src/nrf/nf-sm.c:192)
06/30 12:34:19.803: [nrf] INFO: [6f4efbd4-1742-41ee-befa-1180b24a8ac9] NF registred [Heartbeat:10s] (../src/nrf/nf-sm.c:192)
06/30 12:34:19.821: [nrf] INFO: [6f500b3c-1742-41ee-bdd0-2dcf11a0fc74] NF registred [Heartbeat:10s] (../src/nrf/nf-sm.c:192)
06/30 12:34:19.850: [nrf] INFO: [6f5604b0-1742-41ee-ba2c-af3e76da95fd] NF registred [Heartbeat:10s] (../src/nrf/nf-sm.c:192)
Open5GS daemon v2.4.4

06/30 12:47:11.625: [app] INFO: Configuration: '/open5gs/install/etc/open5gs/nrf.yaml' (../lib/app/ogs-init.c:129)
06/30 12:47:11.626: [app] INFO: File Logging: '/open5gs/install/var/log/open5gs/nrf.log' (../lib/app/ogs-init.c:132)
06/30 12:47:11.633: [sbi] INFO: nghttp2_server() [127.0.0.10]:7777 (../lib/sbi/nghttp2-server.c:144)
06/30 12:47:11.646: [app] INFO: NRF initialize...done (../src/nrf/app.c:31)
06/30 12:47:16.680: [nrf] INFO: [3e5d36e2-1744-41ee-bf94-55abcff89c5e] NF registred [Heartbeat:10s] (../src/nrf/nf-sm.c:192)
06/30 12:47:16.686: [nrf] INFO: [3e613a4e-1744-41ee-8120-91f01a6d160a] NF registred [Heartbeat:10s] (../src/nrf/nf-sm.c:192)
06/30 12:47:16.712: [nrf] INFO: [3e5f72b8-1744-41ee-aa95-adc73acd34fc] NF registred [Heartbeat:10s] (../src/nrf/nf-sm.c:192)
06/30 12:47:16.722: [nrf] INFO: [3e60e31e-1744-41ee-b6a3-81ff999eadc9] NF registred [Heartbeat:10s] (../src/nrf/nf-sm.c:192)
06/30 12:47:16.762: [nrf] INFO: [3e679696-1744-41ee-88c4-39532783e3eb] NF registred [Heartbeat:10s] (../src/nrf/nf-sm.c:192)
06/30 12:47:16.781: [nrf] INFO: [3e65c816-1744-41ee-bb9d-4b49b4308bae] NF registred [Heartbeat:10s] (../src/nrf/nf-sm.c:192)
Open5GS daemon v2.4.4

06/30 12:50:13.434: [app] INFO: Configuration: '/open5gs/install/etc/open5gs/nrf.yaml' (../lib/app/ogs-init.c:129)
06/30 12:50:13.437: [app] INFO: File Logging: '/open5gs/install/var/log/open5gs/nrf.log' (../lib/app/ogs-init.c:132)
06/30 12:50:13.440: [sbi] INFO: nghttp2_server() [127.0.0.10]:7777 (../lib/sbi/nghttp2-server.c:144)
06/30 12:50:13.441: [app] INFO: NRF initialize...done (../src/nrf/app.c:31)
06/30 12:50:18.456: [nrf] INFO: [aab8a4fc-1744-41ee-abb1-2df4d03f56a3] NF registred [Heartbeat:10s] (../src/nrf/nf-sm.c:192)
06/30 12:50:18.513: [nrf] INFO: [aabde2e6-1744-41ee-9617-435edddf8622] NF registred [Heartbeat:10s] (../src/nrf/nf-sm.c:192)
06/30 12:50:18.545: [nrf] INFO: [aac0de9c-1744-41ee-ab82-59d35b3febbd] NF registred [Heartbeat:10s] (../src/nrf/nf-sm.c:192)
06/30 12:50:18.550: [nrf] INFO: [aac279e6-1744-41ee-a12c-417284b32285] NF registred [Heartbeat:10s] (../src/nrf/nf-sm.c:192)
06/30 12:50:18.596: [nrf] INFO: [aac5b62e-1744-41ee-b408-4142f139db01] NF registred [Heartbeat:10s] (../src/nrf/nf-sm.c:192)
06/30 12:50:18.601: [nrf] INFO: [aac96a6c-1744-41ee-92bd-4d069bcc982f] NF registred [Heartbeat:10s] (../src/nrf/nf-sm.c:192)
Open5GS daemon v2.4.4

06/30 13:05:16.271: [app] INFO: Configuration: '/open5gs/install/etc/open5gs/nrf.yaml' (../lib/app/ogs-init.c:129)
06/30 13:05:16.272: [app] INFO: File Logging: '/open5gs/install/var/log/open5gs/nrf.log' (../lib/app/ogs-init.c:132)
06/30 13:05:16.293: [sbi] INFO: nghttp2_server() [127.0.0.10]:7777 (../lib/sbi/nghttp2-server.c:144)
06/30 13:05:16.295: [app] INFO: NRF initialize...done (../src/nrf/app.c:31)
06/30 13:05:21.321: [nrf] INFO: [c4dab440-1746-41ee-9256-ad653ef031bb] NF registred [Heartbeat:10s] (../src/nrf/nf-sm.c:192)
06/30 13:05:21.326: [nrf] INFO: [c4d86596-1746-41ee-a6a0-533f9ea9ebd7] NF registred [Heartbeat:10s] (../src/nrf/nf-sm.c:192)
06/30 13:05:21.356: [nrf] INFO: [c4d9b112-1746-41ee-b58e-5fdeae32d9e6] NF registred [Heartbeat:10s] (../src/nrf/nf-sm.c:192)
06/30 13:05:21.360: [nrf] INFO: [c4da9c12-1746-41ee-a786-d781c49190e1] NF registred [Heartbeat:10s] (../src/nrf/nf-sm.c:192)
06/30 13:05:21.376: [nrf] INFO: [c4d8d72e-1746-41ee-bd4b-e556386dc8c4] NF registred [Heartbeat:10s] (../src/nrf/nf-sm.c:192)
06/30 13:05:21.384: [nrf] INFO: [c4e27ac2-1746-41ee-8564-19827234cb04] NF registred [Heartbeat:10s] (../src/nrf/nf-sm.c:192)
06/30 13:07:47.619: [app] INFO: SIGHUP received (../src/main.c:58)
Open5GS daemon v2.4.4

06/30 13:08:41.904: [app] INFO: Configuration: '/open5gs/install/etc/open5gs/nrf.yaml' (../lib/app/ogs-init.c:129)
06/30 13:08:41.905: [app] INFO: File Logging: '/open5gs/install/var/log/open5gs/nrf.log' (../lib/app/ogs-init.c:132)
06/30 13:08:41.911: [sbi] INFO: nghttp2_server() [127.0.0.10]:7777 (../lib/sbi/nghttp2-server.c:144)
06/30 13:08:41.915: [app] INFO: NRF initialize...done (../src/nrf/app.c:31)
06/30 13:08:47.073: [nrf] INFO: [3f8030ee-1747-41ee-9b02-e74d98f0fd35] NF registred [Heartbeat:10s] (../src/nrf/nf-sm.c:192)
06/30 13:08:47.191: [nrf] INFO: [3f8ec56e-1747-41ee-93cf-45575895e737] NF registred [Heartbeat:10s] (../src/nrf/nf-sm.c:192)
06/30 13:08:47.254: [nrf] INFO: [3f9df0a2-1747-41ee-b4d0-71aba7ba2ace] NF registred [Heartbeat:10s] (../src/nrf/nf-sm.c:192)
06/30 13:08:47.300: [nrf] INFO: [3f9b5338-1747-41ee-9689-a345591940c8] NF registred [Heartbeat:10s] (../src/nrf/nf-sm.c:192)
06/30 13:08:47.332: [nrf] INFO: [3fa3dad0-1747-41ee-90b0-03ea6c152541] NF registred [Heartbeat:10s] (../src/nrf/nf-sm.c:192)
06/30 13:08:47.438: [nrf] INFO: [3faf5a36-1747-41ee-b920-e1d66c2418f8] NF registred [Heartbeat:10s] (../src/nrf/nf-sm.c:192)
Open5GS daemon v2.4.4

07/04 17:28:41.582: [app] INFO: Configuration: '/open5gs/install/etc/open5gs/nrf.yaml' (../lib/app/ogs-init.c:129)
07/04 17:28:41.583: [app] INFO: File Logging: '/open5gs/install/var/log/open5gs/nrf.log' (../lib/app/ogs-init.c:132)
07/04 17:28:41.585: [sbi] INFO: nghttp2_server() [127.0.0.10]:7777 (../lib/sbi/nghttp2-server.c:144)
07/04 17:28:41.586: [app] INFO: NRF initialize...done (../src/nrf/app.c:31)
07/04 17:28:46.695: [nrf] INFO: [3b3fbc06-1a90-41ee-bdde-c9bfb4ce6d71] NF registred [Heartbeat:10s] (../src/nrf/nf-sm.c:192)
07/04 17:28:46.707: [nrf] INFO: [3b42e0f2-1a90-41ee-89a2-8b2ebfb0b1e2] NF registred [Heartbeat:10s] (../src/nrf/nf-sm.c:192)
07/04 17:28:46.708: [nrf] INFO: [3b422838-1a90-41ee-afa7-4f10f05c8779] NF registred [Heartbeat:10s] (../src/nrf/nf-sm.c:192)
07/04 17:28:46.731: [nrf] INFO: [3b42a5ec-1a90-41ee-8c92-510bf4b81630] NF registred [Heartbeat:10s] (../src/nrf/nf-sm.c:192)
07/04 17:28:46.781: [nrf] INFO: [3b4e2a02-1a90-41ee-8c12-ab34e44ee670] NF registred [Heartbeat:10s] (../src/nrf/nf-sm.c:192)
07/04 17:28:46.791: [nrf] INFO: [3b4ef28e-1a90-41ee-ad7c-1969682610e7] NF registred [Heartbeat:10s] (../src/nrf/nf-sm.c:192)
07/04 17:28:46.795: [nrf] INFO: [3b4ca7fe-1a90-41ee-b6ec-f32c729aebc0] NF registred [Heartbeat:10s] (../src/nrf/nf-sm.c:192)
07/04 17:28:46.997: [nrf] INFO: [3b54bf7a-1a90-41ee-8968-9f3d73a95869] NF registred [Heartbeat:10s] (../src/nrf/nf-sm.c:192)
Open5GS daemon v2.4.4

07/04 21:17:58.936: [app] INFO: Configuration: '/open5gs/install/etc/open5gs/nrf.yaml' (../lib/app/ogs-init.c:129)
07/04 21:17:58.937: [app] INFO: File Logging: '/open5gs/install/var/log/open5gs/nrf.log' (../lib/app/ogs-init.c:132)
07/04 21:17:58.939: [sbi] INFO: nghttp2_server() [127.0.0.10]:7777 (../lib/sbi/nghttp2-server.c:144)
07/04 21:17:58.941: [app] INFO: NRF initialize...done (../src/nrf/app.c:31)
07/04 21:18:04.014: [nrf] INFO: [433def02-1ab0-41ee-b5a4-4d186a538bb4] NF registred [Heartbeat:10s] (../src/nrf/nf-sm.c:192)
07/04 21:18:04.034: [nrf] INFO: [433fb526-1ab0-41ee-a019-e17af1e33f93] NF registred [Heartbeat:10s] (../src/nrf/nf-sm.c:192)
07/04 21:18:04.086: [nrf] INFO: [4349a96e-1ab0-41ee-979c-9fe51e3ce49f] NF registred [Heartbeat:10s] (../src/nrf/nf-sm.c:192)
07/04 21:18:04.090: [nrf] INFO: [434b0be2-1ab0-41ee-aae1-712c0e6d43ce] NF registred [Heartbeat:10s] (../src/nrf/nf-sm.c:192)
07/04 21:18:04.091: [nrf] INFO: [434d3ab6-1ab0-41ee-abd9-e92be83bb167] NF registred [Heartbeat:10s] (../src/nrf/nf-sm.c:192)
07/04 21:18:04.100: [nrf] INFO: [434af346-1ab0-41ee-94fb-abb4c2d629e2] NF registred [Heartbeat:10s] (../src/nrf/nf-sm.c:192)
Open5GS daemon v2.4.4

07/04 21:21:55.811: [app] INFO: Configuration: '/open5gs/install/etc/open5gs/nrf.yaml' (../lib/app/ogs-init.c:129)
07/04 21:21:55.811: [app] INFO: File Logging: '/open5gs/install/var/log/open5gs/nrf.log' (../lib/app/ogs-init.c:132)
07/04 21:21:55.813: [sbi] INFO: nghttp2_server() [127.0.0.10]:7777 (../lib/sbi/nghttp2-server.c:144)
07/04 21:21:55.815: [app] INFO: NRF initialize...done (../src/nrf/app.c:31)
07/04 21:22:00.937: [nrf] INFO: [d0731b04-1ab0-41ee-867d-b180878d36f0] NF registred [Heartbeat:10s] (../src/nrf/nf-sm.c:192)
07/04 21:22:00.947: [nrf] INFO: [d0779d8c-1ab0-41ee-935d-29ef87343fa9] NF registred [Heartbeat:10s] (../src/nrf/nf-sm.c:192)
07/04 21:22:00.959: [nrf] INFO: [d07c74ec-1ab0-41ee-ae74-97fb400302d7] NF registred [Heartbeat:10s] (../src/nrf/nf-sm.c:192)
07/04 21:22:00.966: [nrf] INFO: [d079d110-1ab0-41ee-959c-915a9cbc8588] NF registred [Heartbeat:10s] (../src/nrf/nf-sm.c:192)
07/04 21:22:00.969: [nrf] INFO: [d07e61e4-1ab0-41ee-978f-1f29bafd952e] NF registred [Heartbeat:10s] (../src/nrf/nf-sm.c:192)
07/04 21:22:00.984: [nrf] INFO: [d07f766a-1ab0-41ee-99c8-b3173f8192aa] NF registred [Heartbeat:10s] (../src/nrf/nf-sm.c:192)
07/04 21:22:01.012: [nrf] INFO: [d0824a66-1ab0-41ee-8168-0173e1b4910d] NF registred [Heartbeat:10s] (../src/nrf/nf-sm.c:192)
07/04 21:22:01.122: [nrf] INFO: [d087df12-1ab0-41ee-9e40-93812178fcc2] NF registred [Heartbeat:10s] (../src/nrf/nf-sm.c:192)
Open5GS daemon v2.4.4

07/04 21:23:05.109: [app] INFO: Configuration: '/open5gs/install/etc/open5gs/nrf.yaml' (../lib/app/ogs-init.c:129)
07/04 21:23:05.110: [app] INFO: File Logging: '/open5gs/install/var/log/open5gs/nrf.log' (../lib/app/ogs-init.c:132)
07/04 21:23:05.112: [sbi] INFO: nghttp2_server() [127.0.0.10]:7777 (../lib/sbi/nghttp2-server.c:144)
07/04 21:23:05.133: [app] INFO: NRF initialize...done (../src/nrf/app.c:31)
07/04 21:23:10.137: [nrf] INFO: [f9b548ac-1ab0-41ee-89a4-c5a2f0f534e0] NF registred [Heartbeat:10s] (../src/nrf/nf-sm.c:192)
07/04 21:23:10.158: [nrf] INFO: [f9bba09e-1ab0-41ee-8e60-e3aac05a5d0c] NF registred [Heartbeat:10s] (../src/nrf/nf-sm.c:192)
07/04 21:23:10.179: [nrf] INFO: [f9bf95d2-1ab0-41ee-97ca-3df6637cc35d] NF registred [Heartbeat:10s] (../src/nrf/nf-sm.c:192)
07/04 21:23:10.183: [nrf] INFO: [f9bfcf3e-1ab0-41ee-b6b8-215f793f121a] NF registred [Heartbeat:10s] (../src/nrf/nf-sm.c:192)
07/04 21:23:10.192: [nrf] INFO: [f9bdd2ba-1ab0-41ee-aa36-cfe22de1d95c] NF registred [Heartbeat:10s] (../src/nrf/nf-sm.c:192)
07/04 21:23:10.206: [nrf] INFO: [f9c381e2-1ab0-41ee-8ca7-e156a63f8078] NF registred [Heartbeat:10s] (../src/nrf/nf-sm.c:192)
07/04 21:23:10.237: [nrf] INFO: [f9c6825c-1ab0-41ee-bd30-3b653a860646] NF registred [Heartbeat:10s] (../src/nrf/nf-sm.c:192)
07/04 21:23:10.288: [nrf] INFO: [f9c83e44-1ab0-41ee-a290-0d60e2ff6a55] NF registred [Heartbeat:10s] (../src/nrf/nf-sm.c:192)
Open5GS daemon v2.4.4

07/07 07:43:24.938: [app] INFO: Configuration: '/open5gs/install/etc/open5gs/nrf.yaml' (../lib/app/ogs-init.c:129)
07/07 07:43:24.938: [app] INFO: File Logging: '/open5gs/install/var/log/open5gs/nrf.log' (../lib/app/ogs-init.c:132)
07/07 07:43:24.945: [sbi] INFO: nghttp2_server() [127.0.0.10]:7777 (../lib/sbi/nghttp2-server.c:144)
07/07 07:43:24.947: [app] INFO: NRF initialize...done (../src/nrf/app.c:31)
07/07 07:43:29.787: [nrf] INFO: [f729b8f8-1c99-41ee-97af-61564e3065b6] NF registred [Heartbeat:10s] (../src/nrf/nf-sm.c:192)
07/07 07:43:29.803: [nrf] INFO: [f726fb40-1c99-41ee-953d-49b4f975dbe4] NF registred [Heartbeat:10s] (../src/nrf/nf-sm.c:192)
07/07 07:43:29.811: [nrf] INFO: [f72bb9a0-1c99-41ee-bd50-0935f82f2a79] NF registred [Heartbeat:10s] (../src/nrf/nf-sm.c:192)
07/07 07:43:29.867: [nrf] INFO: [f73c5f6c-1c99-41ee-9ef8-7b9448e93901] NF registred [Heartbeat:10s] (../src/nrf/nf-sm.c:192)
07/07 07:43:29.913: [nrf] INFO: [f7409e88-1c99-41ee-980f-ffc4b5f866d1] NF registred [Heartbeat:10s] (../src/nrf/nf-sm.c:192)
07/07 07:43:29.916: [nrf] INFO: [f74090be-1c99-41ee-aaed-2f222eda78cb] NF registred [Heartbeat:10s] (../src/nrf/nf-sm.c:192)
Open5GS daemon v2.4.4

07/07 07:44:45.331: [app] INFO: Configuration: '/open5gs/install/etc/open5gs/nrf.yaml' (../lib/app/ogs-init.c:129)
07/07 07:44:45.332: [app] INFO: File Logging: '/open5gs/install/var/log/open5gs/nrf.log' (../lib/app/ogs-init.c:132)
07/07 07:44:45.338: [sbi] INFO: nghttp2_server() [127.0.0.10]:7777 (../lib/sbi/nghttp2-server.c:144)
07/07 07:44:45.338: [app] INFO: NRF initialize...done (../src/nrf/app.c:31)
07/07 07:44:50.365: [nrf] INFO: [2737ce72-1c9a-41ee-b0ed-9938171840d2] NF registred [Heartbeat:10s] (../src/nrf/nf-sm.c:192)
07/07 07:44:50.367: [nrf] INFO: [27384bcc-1c9a-41ee-b557-9f8e19931188] NF registred [Heartbeat:10s] (../src/nrf/nf-sm.c:192)
07/07 07:44:50.369: [nrf] INFO: [2738d6f0-1c9a-41ee-97fb-e97ab8b07a14] NF registred [Heartbeat:10s] (../src/nrf/nf-sm.c:192)
07/07 07:44:50.413: [nrf] INFO: [273eefc2-1c9a-41ee-9fa4-990a4b672697] NF registred [Heartbeat:10s] (../src/nrf/nf-sm.c:192)
07/07 07:44:50.426: [nrf] INFO: [273fab74-1c9a-41ee-bb83-8b932499fb4c] NF registred [Heartbeat:10s] (../src/nrf/nf-sm.c:192)
07/07 07:44:50.444: [nrf] INFO: [2741f5d2-1c9a-41ee-abdd-65f9d4fbb103] NF registred [Heartbeat:10s] (../src/nrf/nf-sm.c:192)
07/07 07:44:50.469: [nrf] INFO: [2746825a-1c9a-41ee-9b26-77bb67b66406] NF registred [Heartbeat:10s] (../src/nrf/nf-sm.c:192)
07/07 07:44:50.654: [nrf] INFO: [2749fe62-1c9a-41ee-b6d2-4fc4ae1e9525] NF registred [Heartbeat:10s] (../src/nrf/nf-sm.c:192)
Open5GS daemon v2.4.4

07/07 07:45:34.869: [app] INFO: Configuration: '/open5gs/install/etc/open5gs/nrf.yaml' (../lib/app/ogs-init.c:129)
07/07 07:45:34.869: [app] INFO: File Logging: '/open5gs/install/var/log/open5gs/nrf.log' (../lib/app/ogs-init.c:132)
07/07 07:45:34.872: [sbi] INFO: nghttp2_server() [127.0.0.10]:7777 (../lib/sbi/nghttp2-server.c:144)
07/07 07:45:34.872: [app] INFO: NRF initialize...done (../src/nrf/app.c:31)
07/07 07:45:39.905: [nrf] INFO: [44beb3e8-1c9a-41ee-adb6-ffdfdf962f1c] NF registred [Heartbeat:10s] (../src/nrf/nf-sm.c:192)
07/07 07:45:39.909: [nrf] INFO: [44bf3cdc-1c9a-41ee-935f-531f0dfbbd2f] NF registred [Heartbeat:10s] (../src/nrf/nf-sm.c:192)
07/07 07:45:39.911: [nrf] INFO: [44bf710c-1c9a-41ee-b913-0d3e22f2c9fd] NF registred [Heartbeat:10s] (../src/nrf/nf-sm.c:192)
07/07 07:45:39.914: [nrf] INFO: [44bf7486-1c9a-41ee-bf3c-d5ee63035cc3] NF registred [Heartbeat:10s] (../src/nrf/nf-sm.c:192)
07/07 07:45:39.915: [nrf] INFO: [44bec1a8-1c9a-41ee-9ad3-f92260417b74] NF registred [Heartbeat:10s] (../src/nrf/nf-sm.c:192)
07/07 07:45:39.923: [nrf] INFO: [44c0066c-1c9a-41ee-8516-e1fa64da8276] NF registred [Heartbeat:10s] (../src/nrf/nf-sm.c:192)
07/07 07:45:39.928: [nrf] INFO: [44c2a994-1c9a-41ee-ac8e-6f0357da3a95] NF registred [Heartbeat:10s] (../src/nrf/nf-sm.c:192)
07/07 07:45:39.977: [nrf] INFO: [44c52c64-1c9a-41ee-94f2-3fa72d8ecaf8] NF registred [Heartbeat:10s] (../src/nrf/nf-sm.c:192)
Open5GS daemon v2.4.4

07/07 07:46:39.016: [app] INFO: Configuration: '/open5gs/install/etc/open5gs/nrf.yaml' (../lib/app/ogs-init.c:129)
07/07 07:46:39.016: [app] INFO: File Logging: '/open5gs/install/var/log/open5gs/nrf.log' (../lib/app/ogs-init.c:132)
07/07 07:46:39.019: [sbi] INFO: nghttp2_server() [127.0.0.10]:7777 (../lib/sbi/nghttp2-server.c:144)
07/07 07:46:39.021: [app] INFO: NRF initialize...done (../src/nrf/app.c:31)
07/07 07:46:44.065: [nrf] INFO: [6afd67f2-1c9a-41ee-8747-99878f613cca] NF registred [Heartbeat:10s] (../src/nrf/nf-sm.c:192)
07/07 07:46:44.068: [nrf] INFO: [6afd9aba-1c9a-41ee-b7a5-0dedc085ead6] NF registred [Heartbeat:10s] (../src/nrf/nf-sm.c:192)
07/07 07:46:44.071: [nrf] INFO: [6afe03ba-1c9a-41ee-91c2-7f171e4a4355] NF registred [Heartbeat:10s] (../src/nrf/nf-sm.c:192)
07/07 07:46:44.077: [nrf] INFO: [6afe13be-1c9a-41ee-9456-15b524c0d7ea] NF registred [Heartbeat:10s] (../src/nrf/nf-sm.c:192)
07/07 07:46:44.079: [nrf] INFO: [6aff4d56-1c9a-41ee-b99b-214bd961a213] NF registred [Heartbeat:10s] (../src/nrf/nf-sm.c:192)
07/07 07:46:44.101: [nrf] INFO: [6afdc71a-1c9a-41ee-84fb-c5ebc31e3b4e] NF registred [Heartbeat:10s] (../src/nrf/nf-sm.c:192)
07/07 07:46:44.102: [nrf] INFO: [6b038f6a-1c9a-41ee-af3c-9fc840de52c2] NF registred [Heartbeat:10s] (../src/nrf/nf-sm.c:192)
07/07 07:46:44.159: [nrf] INFO: [6b030860-1c9a-41ee-a037-3d5445180a45] NF registred [Heartbeat:10s] (../src/nrf/nf-sm.c:192)
Open5GS daemon v2.4.4

07/07 07:47:48.504: [app] INFO: Configuration: '/open5gs/install/etc/open5gs/nrf.yaml' (../lib/app/ogs-init.c:129)
07/07 07:47:48.504: [app] INFO: File Logging: '/open5gs/install/var/log/open5gs/nrf.log' (../lib/app/ogs-init.c:132)
07/07 07:47:48.507: [sbi] INFO: nghttp2_server() [127.0.0.10]:7777 (../lib/sbi/nghttp2-server.c:144)
07/07 07:47:48.510: [app] INFO: NRF initialize...done (../src/nrf/app.c:31)
07/07 07:47:53.532: [nrf] INFO: [9464b96a-1c9a-41ee-a2ed-b7f9a3329e92] NF registred [Heartbeat:10s] (../src/nrf/nf-sm.c:192)
07/07 07:47:53.540: [nrf] INFO: [9465490c-1c9a-41ee-9d57-950db662168e] NF registred [Heartbeat:10s] (../src/nrf/nf-sm.c:192)
07/07 07:47:53.544: [nrf] INFO: [946596be-1c9a-41ee-8e38-2161c27b00af] NF registred [Heartbeat:10s] (../src/nrf/nf-sm.c:192)
07/07 07:47:53.545: [nrf] INFO: [9465a050-1c9a-41ee-9cff-758b838d7ae1] NF registred [Heartbeat:10s] (../src/nrf/nf-sm.c:192)
07/07 07:47:53.548: [nrf] INFO: [946600f4-1c9a-41ee-a7b0-b1d3efef1ddc] NF registred [Heartbeat:10s] (../src/nrf/nf-sm.c:192)
07/07 07:47:53.550: [nrf] INFO: [94662840-1c9a-41ee-80e2-b370a6ff7fd0] NF registred [Heartbeat:10s] (../src/nrf/nf-sm.c:192)
07/07 07:47:53.555: [nrf] INFO: [9468e0d0-1c9a-41ee-ba6a-77d941d9ce54] NF registred [Heartbeat:10s] (../src/nrf/nf-sm.c:192)
07/07 07:47:53.618: [nrf] INFO: [946afa78-1c9a-41ee-acf0-271b0a48d3ff] NF registred [Heartbeat:10s] (../src/nrf/nf-sm.c:192)
Open5GS daemon v2.4.4

07/07 07:51:04.975: [app] INFO: Configuration: '/open5gs/install/etc/open5gs/nrf.yaml' (../lib/app/ogs-init.c:129)
07/07 07:51:04.975: [app] INFO: File Logging: '/open5gs/install/var/log/open5gs/nrf.log' (../lib/app/ogs-init.c:132)
07/07 07:51:04.979: [sbi] INFO: nghttp2_server() [127.0.0.10]:7777 (../lib/sbi/nghttp2-server.c:144)
07/07 07:51:04.987: [app] INFO: NRF initialize...done (../src/nrf/app.c:31)
07/07 07:51:10.014: [nrf] INFO: [0980b7bc-1c9b-41ee-b916-d3b65e37b628] NF registred [Heartbeat:10s] (../src/nrf/nf-sm.c:192)
07/07 07:51:10.015: [nrf] INFO: [0981d6b0-1c9b-41ee-8d2c-49febdb06d36] NF registred [Heartbeat:10s] (../src/nrf/nf-sm.c:192)
07/07 07:51:10.015: [nrf] INFO: [0980f7ea-1c9b-41ee-b762-df9fa21beb44] NF registred [Heartbeat:10s] (../src/nrf/nf-sm.c:192)
07/07 07:51:10.018: [nrf] INFO: [097ff14c-1c9b-41ee-abf0-3bb848f4a7d5] NF registred [Heartbeat:10s] (../src/nrf/nf-sm.c:192)
07/07 07:51:10.027: [nrf] INFO: [09803648-1c9b-41ee-b451-e3dfe3facf71] NF registred [Heartbeat:10s] (../src/nrf/nf-sm.c:192)
07/07 07:51:10.049: [nrf] INFO: [09862526-1c9b-41ee-bfd1-8fc7c1fd8bd5] NF registred [Heartbeat:10s] (../src/nrf/nf-sm.c:192)
07/07 07:51:10.053: [nrf] INFO: [098756a8-1c9b-41ee-a721-2b0d0d062344] NF registred [Heartbeat:10s] (../src/nrf/nf-sm.c:192)
07/07 07:51:10.099: [nrf] INFO: [0985a5b0-1c9b-41ee-b30c-27e07e13a543] NF registred [Heartbeat:10s] (../src/nrf/nf-sm.c:192)
Open5GS daemon v2.4.4

07/07 07:52:27.238: [app] INFO: Configuration: '/open5gs/install/etc/open5gs/nrf.yaml' (../lib/app/ogs-init.c:129)
07/07 07:52:27.239: [app] INFO: File Logging: '/open5gs/install/var/log/open5gs/nrf.log' (../lib/app/ogs-init.c:132)
07/07 07:52:27.246: [sbi] INFO: nghttp2_server() [127.0.0.10]:7777 (../lib/sbi/nghttp2-server.c:144)
07/07 07:52:27.247: [app] INFO: NRF initialize...done (../src/nrf/app.c:31)
07/07 07:52:32.253: [nrf] INFO: [3a865042-1c9b-41ee-a64c-6b4b5c1dd206] NF registred [Heartbeat:10s] (../src/nrf/nf-sm.c:192)
07/07 07:52:32.257: [nrf] INFO: [3a8763e2-1c9b-41ee-af2e-f348875a0589] NF registred [Heartbeat:10s] (../src/nrf/nf-sm.c:192)
07/07 07:52:32.272: [nrf] INFO: [3a89853c-1c9b-41ee-ae00-a7fd344606bf] NF registred [Heartbeat:10s] (../src/nrf/nf-sm.c:192)
07/07 07:52:32.278: [nrf] INFO: [3a8763e2-1c9b-41ee-991b-add769a93ff9] NF registred [Heartbeat:10s] (../src/nrf/nf-sm.c:192)
07/07 07:52:32.284: [nrf] INFO: [3a8a4152-1c9b-41ee-b915-15d34a1a2ae2] NF registred [Heartbeat:10s] (../src/nrf/nf-sm.c:192)
07/07 07:52:32.285: [nrf] INFO: [3a8b452a-1c9b-41ee-a041-4da79e5f47aa] NF registred [Heartbeat:10s] (../src/nrf/nf-sm.c:192)
07/07 07:52:32.287: [nrf] INFO: [3a8ac852-1c9b-41ee-85dc-974d80a7b890] NF registred [Heartbeat:10s] (../src/nrf/nf-sm.c:192)
07/07 07:52:32.389: [nrf] INFO: [3a8b97be-1c9b-41ee-b68f-5d054f42f1ee] NF registred [Heartbeat:10s] (../src/nrf/nf-sm.c:192)
Open5GS daemon v2.4.4

07/07 07:53:12.508: [app] INFO: Configuration: '/open5gs/install/etc/open5gs/nrf.yaml' (../lib/app/ogs-init.c:129)
07/07 07:53:12.508: [app] INFO: File Logging: '/open5gs/install/var/log/open5gs/nrf.log' (../lib/app/ogs-init.c:132)
07/07 07:53:12.509: [sbi] INFO: nghttp2_server() [127.0.0.10]:7777 (../lib/sbi/nghttp2-server.c:144)
07/07 07:53:12.509: [app] INFO: NRF initialize...done (../src/nrf/app.c:31)
07/07 07:53:17.559: [nrf] INFO: [55868218-1c9b-41ee-a46a-e967a07d1da7] NF registred [Heartbeat:10s] (../src/nrf/nf-sm.c:192)
07/07 07:53:17.565: [nrf] INFO: [55835be2-1c9b-41ee-bcca-ef29d15e67c2] NF registred [Heartbeat:10s] (../src/nrf/nf-sm.c:192)
07/07 07:53:17.566: [nrf] INFO: [5586b08a-1c9b-41ee-b2d1-f5c8f374291d] NF registred [Heartbeat:10s] (../src/nrf/nf-sm.c:192)
07/07 07:53:17.571: [nrf] INFO: [558789c4-1c9b-41ee-9938-f3ac84267db2] NF registred [Heartbeat:10s] (../src/nrf/nf-sm.c:192)
07/07 07:53:17.572: [nrf] INFO: [55879b94-1c9b-41ee-b2b0-4b003424475f] NF registred [Heartbeat:10s] (../src/nrf/nf-sm.c:192)
07/07 07:53:17.578: [nrf] INFO: [55879b8a-1c9b-41ee-b9d3-6fef4ee8e66f] NF registred [Heartbeat:10s] (../src/nrf/nf-sm.c:192)
07/07 07:53:17.580: [nrf] INFO: [558aff6e-1c9b-41ee-a93e-a53ddb7f0993] NF registred [Heartbeat:10s] (../src/nrf/nf-sm.c:192)
07/07 07:53:17.648: [nrf] INFO: [55863826-1c9b-41ee-9378-237f09604ca9] NF registred [Heartbeat:10s] (../src/nrf/nf-sm.c:192)
Open5GS daemon v2.4.4

07/07 07:54:35.918: [app] INFO: Configuration: '/open5gs/install/etc/open5gs/nrf.yaml' (../lib/app/ogs-init.c:129)
07/07 07:54:35.918: [app] INFO: File Logging: '/open5gs/install/var/log/open5gs/nrf.log' (../lib/app/ogs-init.c:132)
07/07 07:54:35.920: [sbi] INFO: nghttp2_server() [127.0.0.10]:7777 (../lib/sbi/nghttp2-server.c:144)
07/07 07:54:35.921: [app] INFO: NRF initialize...done (../src/nrf/app.c:31)
07/07 07:54:40.962: [nrf] INFO: [873b9208-1c9b-41ee-91df-7f7c09f275fe] NF registred [Heartbeat:10s] (../src/nrf/nf-sm.c:192)
07/07 07:54:41.006: [nrf] INFO: [8743fde4-1c9b-41ee-b22d-1fde958c1a2e] NF registred [Heartbeat:10s] (../src/nrf/nf-sm.c:192)
07/07 07:54:41.007: [nrf] INFO: [87441f68-1c9b-41ee-86bb-47228ad84c03] NF registred [Heartbeat:10s] (../src/nrf/nf-sm.c:192)
07/07 07:54:41.014: [nrf] INFO: [87424ce2-1c9b-41ee-a94b-c1aaf9fcb0c1] NF registred [Heartbeat:10s] (../src/nrf/nf-sm.c:192)
07/07 07:54:41.040: [nrf] INFO: [8749ab90-1c9b-41ee-b6bf-41772128e9ac] NF registred [Heartbeat:10s] (../src/nrf/nf-sm.c:192)
07/07 07:54:41.058: [nrf] INFO: [874b27f4-1c9b-41ee-bc9c-9d63dd5f5672] NF registred [Heartbeat:10s] (../src/nrf/nf-sm.c:192)
07/07 07:54:41.066: [nrf] INFO: [874a3010-1c9b-41ee-b63c-4b12869f9efe] NF registred [Heartbeat:10s] (../src/nrf/nf-sm.c:192)
07/07 07:54:41.150: [nrf] INFO: [874caaf2-1c9b-41ee-a418-c50209992150] NF registred [Heartbeat:10s] (../src/nrf/nf-sm.c:192)
Open5GS daemon v2.4.4

07/07 08:14:22.437: [app] INFO: Configuration: '/open5gs/install/etc/open5gs/nrf.yaml' (../lib/app/ogs-init.c:129)
07/07 08:14:22.437: [app] INFO: File Logging: '/open5gs/install/var/log/open5gs/nrf.log' (../lib/app/ogs-init.c:132)
07/07 08:14:22.440: [sbi] INFO: nghttp2_server() [127.0.0.10]:7777 (../lib/sbi/nghttp2-server.c:144)
07/07 08:14:22.445: [app] INFO: NRF initialize...done (../src/nrf/app.c:31)
07/07 08:14:27.473: [nrf] INFO: [4a738378-1c9e-41ee-a441-eb683403c352] NF registred [Heartbeat:10s] (../src/nrf/nf-sm.c:192)
07/07 08:14:27.474: [nrf] INFO: [4a7529bc-1c9e-41ee-987b-7d7057aee2b4] NF registred [Heartbeat:10s] (../src/nrf/nf-sm.c:192)
07/07 08:14:27.476: [nrf] INFO: [4a7548ca-1c9e-41ee-a0ef-57b8c2a89e28] NF registred [Heartbeat:10s] (../src/nrf/nf-sm.c:192)
07/07 08:14:27.481: [nrf] INFO: [4a73e598-1c9e-41ee-82ff-9565bf48efbe] NF registred [Heartbeat:10s] (../src/nrf/nf-sm.c:192)
07/07 08:14:27.495: [nrf] INFO: [4a78c770-1c9e-41ee-8a1a-4ba82b669589] NF registred [Heartbeat:10s] (../src/nrf/nf-sm.c:192)
07/07 08:14:27.507: [nrf] INFO: [4a786b5e-1c9e-41ee-983b-93fd1165c1c8] NF registred [Heartbeat:10s] (../src/nrf/nf-sm.c:192)
07/07 08:14:27.509: [nrf] INFO: [4a79ed30-1c9e-41ee-b1c9-fd89e71fa505] NF registred [Heartbeat:10s] (../src/nrf/nf-sm.c:192)
07/07 08:14:27.610: [nrf] INFO: [4a78658c-1c9e-41ee-9f93-7d08bc380bda] NF registred [Heartbeat:10s] (../src/nrf/nf-sm.c:192)
Open5GS daemon v2.4.4

07/07 08:53:32.051: [app] INFO: Configuration: '/open5gs/install/etc/open5gs/nrf.yaml' (../lib/app/ogs-init.c:129)
07/07 08:53:32.051: [app] INFO: File Logging: '/open5gs/install/var/log/open5gs/nrf.log' (../lib/app/ogs-init.c:132)
07/07 08:53:32.052: [sbi] INFO: nghttp2_server() [127.0.0.10]:7777 (../lib/sbi/nghttp2-server.c:144)
07/07 08:53:32.053: [app] INFO: NRF initialize...done (../src/nrf/app.c:31)
07/07 08:53:37.141: [nrf] INFO: [c2f7755c-1ca3-41ee-afe4-f306b4dfe3ca] NF registred [Heartbeat:10s] (../src/nrf/nf-sm.c:192)
07/07 08:53:37.150: [nrf] INFO: [c2f88ef6-1ca3-41ee-8b16-bd8b6f4cc053] NF registred [Heartbeat:10s] (../src/nrf/nf-sm.c:192)
07/07 08:53:37.155: [nrf] INFO: [c2f91632-1ca3-41ee-99ac-e37c27cff894] NF registred [Heartbeat:10s] (../src/nrf/nf-sm.c:192)
07/07 08:53:37.158: [nrf] INFO: [c2f73e3e-1ca3-41ee-9233-1112cb967c1d] NF registred [Heartbeat:10s] (../src/nrf/nf-sm.c:192)
07/07 08:53:37.163: [nrf] INFO: [c2f5e174-1ca3-41ee-8f83-8d2be4d8ff6b] NF registred [Heartbeat:10s] (../src/nrf/nf-sm.c:192)
07/07 08:53:37.199: [nrf] INFO: [c2fdc9d4-1ca3-41ee-b96e-136c57e5bcfd] NF registred [Heartbeat:10s] (../src/nrf/nf-sm.c:192)
07/07 08:53:37.209: [nrf] INFO: [c3012066-1ca3-41ee-b425-e723a8e505f4] NF registred [Heartbeat:10s] (../src/nrf/nf-sm.c:192)
07/07 08:53:37.300: [nrf] INFO: [c2ff4b38-1ca3-41ee-a0d9-c1be21f39498] NF registred [Heartbeat:10s] (../src/nrf/nf-sm.c:192)
Open5GS daemon v2.4.4

07/07 08:58:56.896: [app] INFO: Configuration: '/open5gs/install/etc/open5gs/nrf.yaml' (../lib/app/ogs-init.c:129)
07/07 08:58:56.897: [app] INFO: File Logging: '/open5gs/install/var/log/open5gs/nrf.log' (../lib/app/ogs-init.c:132)
07/07 08:58:56.917: [sbi] INFO: nghttp2_server() [127.0.0.10]:7777 (../lib/sbi/nghttp2-server.c:144)
07/07 08:58:56.920: [app] INFO: NRF initialize...done (../src/nrf/app.c:31)
07/07 08:59:01.951: [nrf] INFO: [84916218-1ca4-41ee-b187-e1ebda1032f5] NF registred [Heartbeat:10s] (../src/nrf/nf-sm.c:192)
07/07 08:59:01.987: [nrf] INFO: [8496b290-1ca4-41ee-85c2-373cbfd0e6db] NF registred [Heartbeat:10s] (../src/nrf/nf-sm.c:192)
07/07 08:59:01.989: [nrf] INFO: [849759d4-1ca4-41ee-91b2-734c144f3e0f] NF registred [Heartbeat:10s] (../src/nrf/nf-sm.c:192)
07/07 08:59:02.006: [nrf] INFO: [849757f4-1ca4-41ee-b1b1-357ec5a88158] NF registred [Heartbeat:10s] (../src/nrf/nf-sm.c:192)
07/07 08:59:02.013: [nrf] INFO: [8498959c-1ca4-41ee-9789-c97e9ff7d50e] NF registred [Heartbeat:10s] (../src/nrf/nf-sm.c:192)
07/07 08:59:02.015: [nrf] INFO: [849796a6-1ca4-41ee-8cc7-b90a523d2bce] NF registred [Heartbeat:10s] (../src/nrf/nf-sm.c:192)
07/07 08:59:02.035: [nrf] INFO: [849bd360-1ca4-41ee-9d40-0d7d235fc7ad] NF registred [Heartbeat:10s] (../src/nrf/nf-sm.c:192)
07/07 08:59:02.082: [nrf] INFO: [8492cd6a-1ca4-41ee-93b0-1dfbadbff35d] NF registred [Heartbeat:10s] (../src/nrf/nf-sm.c:192)
Open5GS daemon v2.4.4

07/07 09:55:54.827: [app] INFO: Configuration: '/open5gs/install/etc/open5gs/nrf.yaml' (../lib/app/ogs-init.c:129)
07/07 09:55:54.827: [app] INFO: File Logging: '/open5gs/install/var/log/open5gs/nrf.log' (../lib/app/ogs-init.c:132)
07/07 09:55:54.830: [sbi] INFO: nghttp2_server() [127.0.0.10]:7777 (../lib/sbi/nghttp2-server.c:144)
07/07 09:55:54.831: [app] INFO: NRF initialize...done (../src/nrf/app.c:31)
07/07 09:55:59.889: [nrf] INFO: [79cd2616-1cac-41ee-a13d-0741b00a13e9] NF registred [Heartbeat:10s] (../src/nrf/nf-sm.c:192)
07/07 09:55:59.891: [nrf] INFO: [79ce0a9a-1cac-41ee-b713-b5e02d1985e7] NF registred [Heartbeat:10s] (../src/nrf/nf-sm.c:192)
07/07 09:55:59.892: [nrf] INFO: [79cdeeca-1cac-41ee-8043-c3a4bec463ce] NF registred [Heartbeat:10s] (../src/nrf/nf-sm.c:192)
07/07 09:55:59.984: [nrf] INFO: [79dae24c-1cac-41ee-be04-632a93c3ae77] NF registred [Heartbeat:10s] (../src/nrf/nf-sm.c:192)
07/07 09:56:00.034: [nrf] INFO: [79dd6d5a-1cac-41ee-bad2-e3eabe8efe50] NF registred [Heartbeat:10s] (../src/nrf/nf-sm.c:192)
07/07 09:56:00.058: [nrf] INFO: [79e97d66-1cac-41ee-880f-63d73e4cba86] NF registred [Heartbeat:10s] (../src/nrf/nf-sm.c:192)
Open5GS daemon v2.4.4

07/07 09:57:21.285: [app] INFO: Configuration: '/open5gs/install/etc/open5gs/nrf.yaml' (../lib/app/ogs-init.c:129)
07/07 09:57:21.286: [app] INFO: File Logging: '/open5gs/install/var/log/open5gs/nrf.log' (../lib/app/ogs-init.c:132)
07/07 09:57:21.288: [sbi] INFO: nghttp2_server() [127.0.0.10]:7777 (../lib/sbi/nghttp2-server.c:144)
07/07 09:57:21.289: [app] INFO: NRF initialize...done (../src/nrf/app.c:31)
07/07 09:57:26.319: [nrf] INFO: [ad540004-1cac-41ee-934a-3fd26cf5d527] NF registred [Heartbeat:10s] (../src/nrf/nf-sm.c:192)
07/07 09:57:26.360: [nrf] INFO: [ad5c9a66-1cac-41ee-b121-713d8dce17b4] NF registred [Heartbeat:10s] (../src/nrf/nf-sm.c:192)
07/07 09:57:26.361: [nrf] INFO: [ad5c5dee-1cac-41ee-a089-9986430717f6] NF registred [Heartbeat:10s] (../src/nrf/nf-sm.c:192)
07/07 09:57:26.366: [nrf] INFO: [ad5d3458-1cac-41ee-b74c-0712f29e5d9d] NF registred [Heartbeat:10s] (../src/nrf/nf-sm.c:192)
07/07 09:57:26.383: [nrf] INFO: [ad5f6ab6-1cac-41ee-a33e-1f2ac3646b0a] NF registred [Heartbeat:10s] (../src/nrf/nf-sm.c:192)
07/07 09:57:26.463: [nrf] INFO: [ad688164-1cac-41ee-914c-49f000afc17a] NF registred [Heartbeat:10s] (../src/nrf/nf-sm.c:192)
07/07 09:57:26.555: [nrf] INFO: [ad6559c6-1cac-41ee-9d6d-a3abda7b4a2c] NF registred [Heartbeat:10s] (../src/nrf/nf-sm.c:192)
Open5GS daemon v2.4.4

07/07 09:58:06.611: [app] INFO: Configuration: '/open5gs/install/etc/open5gs/nrf.yaml' (../lib/app/ogs-init.c:129)
07/07 09:58:06.611: [app] INFO: File Logging: '/open5gs/install/var/log/open5gs/nrf.log' (../lib/app/ogs-init.c:132)
07/07 09:58:06.625: [sbi] INFO: nghttp2_server() [127.0.0.10]:7777 (../lib/sbi/nghttp2-server.c:144)
07/07 09:58:06.626: [app] INFO: NRF initialize...done (../src/nrf/app.c:31)
07/07 09:58:11.676: [nrf] INFO: [c85c949c-1cac-41ee-88aa-e5083dd515e9] NF registred [Heartbeat:10s] (../src/nrf/nf-sm.c:192)
07/07 09:58:11.691: [nrf] INFO: [c85f257c-1cac-41ee-961e-0faeff748e72] NF registred [Heartbeat:10s] (../src/nrf/nf-sm.c:192)
07/07 09:58:11.701: [nrf] INFO: [c85f905c-1cac-41ee-901d-f5be631809a2] NF registred [Heartbeat:10s] (../src/nrf/nf-sm.c:192)
07/07 09:58:11.711: [nrf] INFO: [c8631a6a-1cac-41ee-bf42-159a83f40696] NF registred [Heartbeat:10s] (../src/nrf/nf-sm.c:192)
07/07 09:58:11.715: [nrf] INFO: [c8614c62-1cac-41ee-9772-a10f673f0ebf] NF registred [Heartbeat:10s] (../src/nrf/nf-sm.c:192)
07/07 09:58:11.721: [nrf] INFO: [c8653a20-1cac-41ee-bc2d-65f76565deb7] NF registred [Heartbeat:10s] (../src/nrf/nf-sm.c:192)
07/07 09:58:11.725: [nrf] INFO: [c864fe02-1cac-41ee-9f74-457c9607bd56] NF registred [Heartbeat:10s] (../src/nrf/nf-sm.c:192)
07/07 09:58:11.778: [nrf] INFO: [c8638d6a-1cac-41ee-ab7b-9fb05aa6c29c] NF registred [Heartbeat:10s] (../src/nrf/nf-sm.c:192)
Open5GS daemon v2.4.4

07/07 09:58:44.025: [app] INFO: Configuration: '/open5gs/install/etc/open5gs/nrf.yaml' (../lib/app/ogs-init.c:129)
07/07 09:58:44.026: [app] INFO: File Logging: '/open5gs/install/var/log/open5gs/nrf.log' (../lib/app/ogs-init.c:132)
07/07 09:58:44.030: [sbi] INFO: nghttp2_server() [127.0.0.10]:7777 (../lib/sbi/nghttp2-server.c:144)
07/07 09:58:44.033: [app] INFO: NRF initialize...done (../src/nrf/app.c:31)
07/07 09:58:49.123: [nrf] INFO: [deaacd5e-1cac-41ee-bed0-39176226ccdb] NF registred [Heartbeat:10s] (../src/nrf/nf-sm.c:192)
07/07 09:58:49.126: [nrf] INFO: [deaffb62-1cac-41ee-9549-c3f67d41eb70] NF registred [Heartbeat:10s] (../src/nrf/nf-sm.c:192)
07/07 09:58:49.128: [nrf] INFO: [deb050da-1cac-41ee-a0c0-a51dc3c797df] NF registred [Heartbeat:10s] (../src/nrf/nf-sm.c:192)
07/07 09:58:49.153: [nrf] INFO: [deb5f742-1cac-41ee-8dad-d34cfd8da036] NF registred [Heartbeat:10s] (../src/nrf/nf-sm.c:192)
07/07 09:58:49.154: [nrf] INFO: [deb51cf0-1cac-41ee-8969-2731ae061284] NF registred [Heartbeat:10s] (../src/nrf/nf-sm.c:192)
07/07 09:58:49.158: [nrf] INFO: [deb5e73e-1cac-41ee-a5f0-b1f51c8205a8] NF registred [Heartbeat:10s] (../src/nrf/nf-sm.c:192)
07/07 09:58:49.160: [nrf] INFO: [deb441a4-1cac-41ee-9097-492d5fa6535d] NF registred [Heartbeat:10s] (../src/nrf/nf-sm.c:192)
07/07 09:58:49.209: [nrf] INFO: [deb2ff1a-1cac-41ee-a60e-ed4e99208f8a] NF registred [Heartbeat:10s] (../src/nrf/nf-sm.c:192)
Open5GS daemon v2.4.4

07/13 20:08:17.135: [app] INFO: Configuration: '/open5gs/install/etc/open5gs/nrf.yaml' (../lib/app/ogs-init.c:129)
07/13 20:08:17.136: [app] INFO: File Logging: '/open5gs/install/var/log/open5gs/nrf.log' (../lib/app/ogs-init.c:132)
07/13 20:08:17.137: [sbi] INFO: nghttp2_server() [127.0.0.10]:7777 (../lib/sbi/nghttp2-server.c:144)
07/13 20:08:17.138: [app] INFO: NRF initialize...done (../src/nrf/app.c:31)
07/13 20:08:22.242: [nrf] INFO: [046d5b68-21b9-41ee-9513-a5ff03f0a33a] NF registred [Heartbeat:10s] (../src/nrf/nf-sm.c:192)
07/13 20:08:22.264: [nrf] INFO: [0474c272-21b9-41ee-a071-3def827ac0bb] NF registred [Heartbeat:10s] (../src/nrf/nf-sm.c:192)
07/13 20:08:22.269: [nrf] INFO: [046f9f9a-21b9-41ee-b112-ede598aa7694] NF registred [Heartbeat:10s] (../src/nrf/nf-sm.c:192)
07/13 20:08:22.289: [nrf] INFO: [046e4d02-21b9-41ee-9236-c9c026d723c5] NF registred [Heartbeat:10s] (../src/nrf/nf-sm.c:192)
07/13 20:08:22.307: [nrf] INFO: [047b8260-21b9-41ee-bd0a-c948675406c5] NF registred [Heartbeat:10s] (../src/nrf/nf-sm.c:192)
07/13 20:08:22.316: [nrf] INFO: [0479e89c-21b9-41ee-b9c5-532da6edc4c3] NF registred [Heartbeat:10s] (../src/nrf/nf-sm.c:192)
07/13 20:08:22.328: [nrf] INFO: [047a6772-21b9-41ee-83c6-3be2b7470864] NF registred [Heartbeat:10s] (../src/nrf/nf-sm.c:192)
07/13 20:08:22.439: [nrf] INFO: [04860208-21b9-41ee-ae3e-8779fe9cf0d9] NF registred [Heartbeat:10s] (../src/nrf/nf-sm.c:192)
