Open5GS daemon v2.4.4

06/11 10:27:53.117: [app] INFO: Configuration: '/open5gs/install/etc/open5gs/nssf.yaml' (../lib/app/ogs-init.c:129)
06/11 10:27:53.117: [app] INFO: File Logging: '/open5gs/install/var/log/open5gs/nssf.log' (../lib/app/ogs-init.c:132)
06/11 10:27:53.121: [sbi] INFO: nghttp2_server() [127.0.0.14]:7777 (../lib/sbi/nghttp2-server.c:144)
06/11 10:27:53.132: [app] INFO: NSSF initialize...done (../src/nssf/app.c:31)
06/11 10:27:53.142: [nssf] INFO: [9f758670-0842-41ee-8deb-b585be1e698e] NF registred [Heartbeat:10s] (../src/nssf/nf-sm.c:198)
Open5GS daemon v2.4.4

06/11 10:29:23.425: [app] INFO: Configuration: '/open5gs/install/etc/open5gs/nssf.yaml' (../lib/app/ogs-init.c:129)
06/11 10:29:23.425: [app] INFO: File Logging: '/open5gs/install/var/log/open5gs/nssf.log' (../lib/app/ogs-init.c:132)
06/11 10:29:23.430: [sbi] INFO: nghttp2_server() [127.0.0.14]:7777 (../lib/sbi/nghttp2-server.c:144)
06/11 10:29:23.437: [app] INFO: NSSF initialize...done (../src/nssf/app.c:31)
06/11 10:29:23.438: [nssf] INFO: [d549aa6a-0842-41ee-9496-e5ff4c16584c] NF registred [Heartbeat:10s] (../src/nssf/nf-sm.c:198)
Open5GS daemon v2.4.4

06/11 10:38:34.842: [app] INFO: Configuration: '/open5gs/install/etc/open5gs/nssf.yaml' (../lib/app/ogs-init.c:129)
06/11 10:38:34.842: [app] INFO: File Logging: '/open5gs/install/var/log/open5gs/nssf.log' (../lib/app/ogs-init.c:132)
06/11 10:38:34.845: [sbi] INFO: nghttp2_server() [127.0.0.14]:7777 (../lib/sbi/nghttp2-server.c:144)
06/11 10:38:34.849: [app] INFO: NSSF initialize...done (../src/nssf/app.c:31)
06/11 10:38:34.857: [nssf] INFO: [1df4d98c-0844-41ee-84e0-65c05af7bdcc] NF registred [Heartbeat:10s] (../src/nssf/nf-sm.c:198)
Open5GS daemon v2.4.4

06/11 13:15:54.499: [app] INFO: Configuration: '/open5gs/install/etc/open5gs/nssf.yaml' (../lib/app/ogs-init.c:129)
06/11 13:15:54.499: [app] INFO: File Logging: '/open5gs/install/var/log/open5gs/nssf.log' (../lib/app/ogs-init.c:132)
06/11 13:15:54.502: [sbi] INFO: nghttp2_server() [127.0.0.14]:7777 (../lib/sbi/nghttp2-server.c:144)
06/11 13:15:54.514: [app] INFO: NSSF initialize...done (../src/nssf/app.c:31)
06/11 13:15:54.539: [nssf] INFO: [186e07d4-085a-41ee-8381-673cf22d8a88] NF registred [Heartbeat:10s] (../src/nssf/nf-sm.c:198)
Open5GS daemon v2.4.4

06/11 13:16:32.635: [app] INFO: Configuration: '/open5gs/install/etc/open5gs/nssf.yaml' (../lib/app/ogs-init.c:129)
06/11 13:16:32.637: [app] INFO: File Logging: '/open5gs/install/var/log/open5gs/nssf.log' (../lib/app/ogs-init.c:132)
06/11 13:16:32.640: [sbi] INFO: nghttp2_server() [127.0.0.14]:7777 (../lib/sbi/nghttp2-server.c:144)
06/11 13:16:32.654: [app] INFO: NSSF initialize...done (../src/nssf/app.c:31)
06/11 13:16:32.661: [nssf] INFO: [2f2967e8-085a-41ee-a4bb-c592ad0b8c39] NF registred [Heartbeat:10s] (../src/nssf/nf-sm.c:198)
Open5GS daemon v2.4.4

06/11 13:33:18.513: [app] INFO: Configuration: '/open5gs/install/etc/open5gs/nssf.yaml' (../lib/app/ogs-init.c:129)
06/11 13:33:18.513: [app] INFO: File Logging: '/open5gs/install/var/log/open5gs/nssf.log' (../lib/app/ogs-init.c:132)
06/11 13:33:18.514: [sbi] INFO: nghttp2_server() [127.0.0.14]:7777 (../lib/sbi/nghttp2-server.c:144)
06/11 13:33:18.521: [app] INFO: NSSF initialize...done (../src/nssf/app.c:31)
06/11 13:33:18.529: [nssf] INFO: [86b5e7b4-085c-41ee-a4ac-0fccdb67bb33] NF registred [Heartbeat:10s] (../src/nssf/nf-sm.c:198)
Open5GS daemon v2.4.4

06/11 13:38:56.996: [app] INFO: Configuration: '/open5gs/install/etc/open5gs/nssf.yaml' (../lib/app/ogs-init.c:129)
06/11 13:38:56.997: [app] INFO: File Logging: '/open5gs/install/var/log/open5gs/nssf.log' (../lib/app/ogs-init.c:132)
06/11 13:38:57.000: [sbi] INFO: nghttp2_server() [127.0.0.14]:7777 (../lib/sbi/nghttp2-server.c:144)
06/11 13:38:57.005: [app] INFO: NSSF initialize...done (../src/nssf/app.c:31)
06/11 13:38:57.011: [nssf] INFO: [5076977e-085d-41ee-b17e-a9ba06db2f41] NF registred [Heartbeat:10s] (../src/nssf/nf-sm.c:198)
Open5GS daemon v2.4.4

06/11 13:47:02.456: [app] INFO: Configuration: '/open5gs/install/etc/open5gs/nssf.yaml' (../lib/app/ogs-init.c:129)
06/11 13:47:02.456: [app] INFO: File Logging: '/open5gs/install/var/log/open5gs/nssf.log' (../lib/app/ogs-init.c:132)
06/11 13:47:02.458: [sbi] INFO: nghttp2_server() [127.0.0.14]:7777 (../lib/sbi/nghttp2-server.c:144)
06/11 13:47:02.471: [app] INFO: NSSF initialize...done (../src/nssf/app.c:31)
06/11 13:47:02.488: [nssf] INFO: [71d1c4b0-085e-41ee-9efd-61283abf173a] NF registred [Heartbeat:10s] (../src/nssf/nf-sm.c:198)
Open5GS daemon v2.4.4

<<<<<<< Updated upstream
06/11 15:26:55.516: [app] INFO: Configuration: '/open5gs/install/etc/open5gs/nssf.yaml' (../lib/app/ogs-init.c:129)
06/11 15:26:55.516: [app] INFO: File Logging: '/open5gs/install/var/log/open5gs/nssf.log' (../lib/app/ogs-init.c:132)
06/11 15:26:55.519: [sbi] INFO: nghttp2_server() [127.0.0.14]:7777 (../lib/sbi/nghttp2-server.c:144)
06/11 15:26:55.534: [app] INFO: NSSF initialize...done (../src/nssf/app.c:31)
06/11 15:26:55.540: [nssf] INFO: [65f6413a-086c-41ee-b06e-7f360edc91a2] NF registred [Heartbeat:10s] (../src/nssf/nf-sm.c:198)
=======
06/11 15:10:48.064: [app] INFO: Configuration: '/open5gs/install/etc/open5gs/nssf.yaml' (../lib/app/ogs-init.c:129)
06/11 15:10:48.065: [app] INFO: File Logging: '/open5gs/install/var/log/open5gs/nssf.log' (../lib/app/ogs-init.c:132)
06/11 15:10:48.066: [sbi] INFO: nghttp2_server() [127.0.0.14]:7777 (../lib/sbi/nghttp2-server.c:144)
06/11 15:10:48.084: [app] INFO: NSSF initialize...done (../src/nssf/app.c:31)
06/11 15:10:48.093: [nssf] INFO: [25509db2-086a-41ee-b12d-2121896fca1a] NF registred [Heartbeat:10s] (../src/nssf/nf-sm.c:198)
>>>>>>> Stashed changes
Open5GS daemon v2.4.4

06/11 17:36:54.592: [app] INFO: Configuration: '/open5gs/install/etc/open5gs/nssf.yaml' (../lib/app/ogs-init.c:129)
06/11 17:36:54.595: [app] INFO: File Logging: '/open5gs/install/var/log/open5gs/nssf.log' (../lib/app/ogs-init.c:132)
06/11 17:36:54.597: [sbi] INFO: nghttp2_server() [127.0.0.14]:7777 (../lib/sbi/nghttp2-server.c:144)
06/11 17:36:54.604: [app] INFO: NSSF initialize...done (../src/nssf/app.c:31)
06/11 17:36:54.612: [nssf] INFO: [8e932128-087e-41ee-8c34-6b33559a15b1] NF registred [Heartbeat:10s] (../src/nssf/nf-sm.c:198)
Open5GS daemon v2.4.4

06/12 18:26:05.769: [app] INFO: Configuration: '/open5gs/install/etc/open5gs/nssf.yaml' (../lib/app/ogs-init.c:129)
06/12 18:26:05.773: [app] INFO: File Logging: '/open5gs/install/var/log/open5gs/nssf.log' (../lib/app/ogs-init.c:132)
06/12 18:26:05.776: [sbi] INFO: nghttp2_server() [127.0.0.14]:7777 (../lib/sbi/nghttp2-server.c:144)
06/12 18:26:05.786: [app] INFO: NSSF initialize...done (../src/nssf/app.c:31)
06/12 18:26:05.789: [nssf] INFO: [980708a2-094e-41ee-b08b-6d5140e1d4e4] NF registred [Heartbeat:10s] (../src/nssf/nf-sm.c:198)
Open5GS daemon v2.4.4

06/12 18:26:40.507: [app] INFO: Configuration: '/open5gs/install/etc/open5gs/nssf.yaml' (../lib/app/ogs-init.c:129)
06/12 18:26:40.507: [app] INFO: File Logging: '/open5gs/install/var/log/open5gs/nssf.log' (../lib/app/ogs-init.c:132)
06/12 18:26:40.508: [sbi] INFO: nghttp2_server() [127.0.0.14]:7777 (../lib/sbi/nghttp2-server.c:144)
06/12 18:26:40.510: [app] INFO: NSSF initialize...done (../src/nssf/app.c:31)
06/12 18:26:40.515: [nssf] INFO: [acbac0f4-094e-41ee-9fd7-9f40d4dc265b] NF registred [Heartbeat:10s] (../src/nssf/nf-sm.c:198)
06/12 18:27:27.372: [app] INFO: SIGHUP received (../src/main.c:58)
Open5GS daemon v2.4.4

06/12 18:37:02.666: [app] INFO: Configuration: '/open5gs/install/etc/open5gs/nssf.yaml' (../lib/app/ogs-init.c:129)
06/12 18:37:02.666: [app] INFO: File Logging: '/open5gs/install/var/log/open5gs/nssf.log' (../lib/app/ogs-init.c:132)
06/12 18:37:02.667: [sbi] INFO: nghttp2_server() [127.0.0.14]:7777 (../lib/sbi/nghttp2-server.c:144)
06/12 18:37:02.671: [app] INFO: NSSF initialize...done (../src/nssf/app.c:31)
06/12 18:37:02.684: [nssf] INFO: [1f90a688-0950-41ee-abad-915fe1bc8940] NF registred [Heartbeat:10s] (../src/nssf/nf-sm.c:198)
Open5GS daemon v2.4.4

06/12 18:48:09.846: [app] INFO: Configuration: '/open5gs/install/etc/open5gs/nssf.yaml' (../lib/app/ogs-init.c:129)
06/12 18:48:09.847: [app] INFO: File Logging: '/open5gs/install/var/log/open5gs/nssf.log' (../lib/app/ogs-init.c:132)
06/12 18:48:09.848: [sbi] INFO: nghttp2_server() [127.0.0.14]:7777 (../lib/sbi/nghttp2-server.c:144)
06/12 18:48:09.852: [app] INFO: NSSF initialize...done (../src/nssf/app.c:31)
06/12 18:48:09.854: [nssf] INFO: [ad3c7b78-0951-41ee-939b-add3ba999a10] NF registred [Heartbeat:10s] (../src/nssf/nf-sm.c:198)
Open5GS daemon v2.4.4

06/12 19:06:47.454: [app] INFO: Configuration: '/open5gs/install/etc/open5gs/nssf.yaml' (../lib/app/ogs-init.c:129)
06/12 19:06:47.457: [app] INFO: File Logging: '/open5gs/install/var/log/open5gs/nssf.log' (../lib/app/ogs-init.c:132)
06/12 19:06:47.464: [sbi] INFO: nghttp2_server() [127.0.0.14]:7777 (../lib/sbi/nghttp2-server.c:144)
06/12 19:06:47.466: [app] INFO: NSSF initialize...done (../src/nssf/app.c:31)
06/12 19:06:47.473: [nssf] INFO: [47626314-0954-41ee-b9b3-1bb418d021fc] NF registred [Heartbeat:10s] (../src/nssf/nf-sm.c:198)
Open5GS daemon v2.4.4

06/12 19:17:09.654: [app] INFO: Configuration: '/open5gs/install/etc/open5gs/nssf.yaml' (../lib/app/ogs-init.c:129)
06/12 19:17:09.657: [app] INFO: File Logging: '/open5gs/install/var/log/open5gs/nssf.log' (../lib/app/ogs-init.c:132)
06/12 19:17:09.658: [sbi] INFO: nghttp2_server() [127.0.0.14]:7777 (../lib/sbi/nghttp2-server.c:144)
06/12 19:17:09.668: [app] INFO: NSSF initialize...done (../src/nssf/app.c:31)
06/12 19:17:09.675: [nssf] INFO: [ba3e4de8-0955-41ee-8345-0565145400d4] NF registred [Heartbeat:10s] (../src/nssf/nf-sm.c:198)
Open5GS daemon v2.4.4

06/12 20:45:20.715: [app] INFO: Configuration: '/open5gs/install/etc/open5gs/nssf.yaml' (../lib/app/ogs-init.c:129)
06/12 20:45:20.717: [app] INFO: File Logging: '/open5gs/install/var/log/open5gs/nssf.log' (../lib/app/ogs-init.c:132)
06/12 20:45:20.719: [sbi] INFO: nghttp2_server() [127.0.0.14]:7777 (../lib/sbi/nghttp2-server.c:144)
06/12 20:45:20.725: [app] INFO: NSSF initialize...done (../src/nssf/app.c:31)
06/12 20:45:20.730: [nssf] INFO: [0bf61bdc-0962-41ee-bf66-d9dd683c59df] NF registred [Heartbeat:10s] (../src/nssf/nf-sm.c:198)
06/12 20:57:31.833: [app] INFO: SIGHUP received (../src/main.c:58)
Open5GS daemon v2.4.4

06/12 20:57:41.218: [app] INFO: Configuration: '/open5gs/install/etc/open5gs/nssf.yaml' (../lib/app/ogs-init.c:129)
06/12 20:57:41.219: [app] INFO: File Logging: '/open5gs/install/var/log/open5gs/nssf.log' (../lib/app/ogs-init.c:132)
06/12 20:57:41.221: [sbi] INFO: nghttp2_server() [127.0.0.14]:7777 (../lib/sbi/nghttp2-server.c:144)
06/12 20:57:41.247: [app] INFO: NSSF initialize...done (../src/nssf/app.c:31)
06/12 20:57:41.258: [nssf] INFO: [c555d4e0-0963-41ee-b7ff-b78c9d208b84] NF registred [Heartbeat:10s] (../src/nssf/nf-sm.c:198)
Open5GS daemon v2.4.4

06/12 21:03:49.078: [app] INFO: Configuration: '/open5gs/install/etc/open5gs/nssf.yaml' (../lib/app/ogs-init.c:129)
06/12 21:03:49.078: [app] INFO: File Logging: '/open5gs/install/var/log/open5gs/nssf.log' (../lib/app/ogs-init.c:132)
06/12 21:03:49.079: [sbi] INFO: nghttp2_server() [127.0.0.14]:7777 (../lib/sbi/nghttp2-server.c:144)
06/12 21:03:49.080: [app] INFO: NSSF initialize...done (../src/nssf/app.c:31)
06/12 21:03:49.086: [nssf] INFO: [a0988ac0-0964-41ee-93b2-21593b7f7e82] NF registred [Heartbeat:10s] (../src/nssf/nf-sm.c:198)
Open5GS daemon v2.4.4

06/12 21:05:15.234: [app] INFO: Configuration: '/open5gs/install/etc/open5gs/nssf.yaml' (../lib/app/ogs-init.c:129)
06/12 21:05:15.234: [app] INFO: File Logging: '/open5gs/install/var/log/open5gs/nssf.log' (../lib/app/ogs-init.c:132)
06/12 21:05:15.236: [sbi] INFO: nghttp2_server() [127.0.0.14]:7777 (../lib/sbi/nghttp2-server.c:144)
06/12 21:05:15.237: [app] INFO: NSSF initialize...done (../src/nssf/app.c:31)
06/12 21:05:15.253: [nssf] INFO: [d3f2f3ce-0964-41ee-a1b3-8dac89a3a679] NF registred [Heartbeat:10s] (../src/nssf/nf-sm.c:198)
Open5GS daemon v2.4.4

06/26 17:15:51.209: [app] INFO: Configuration: '/open5gs/install/etc/open5gs/nssf.yaml' (../lib/app/ogs-init.c:129)
06/26 17:15:51.209: [app] INFO: File Logging: '/open5gs/install/var/log/open5gs/nssf.log' (../lib/app/ogs-init.c:132)
06/26 17:15:51.224: [sbi] INFO: nghttp2_server() [127.0.0.14]:7777 (../lib/sbi/nghttp2-server.c:144)
06/26 17:15:51.243: [app] INFO: NSSF initialize...done (../src/nssf/app.c:31)
06/26 17:15:51.261: [nssf] INFO: [19bc6bf2-1445-41ee-a1fa-5164ab2559e2] NF registred [Heartbeat:10s] (../src/nssf/nf-sm.c:198)
Open5GS daemon v2.4.4

06/26 17:16:45.977: [app] INFO: Configuration: '/open5gs/install/etc/open5gs/nssf.yaml' (../lib/app/ogs-init.c:129)
06/26 17:16:45.978: [app] INFO: File Logging: '/open5gs/install/var/log/open5gs/nssf.log' (../lib/app/ogs-init.c:132)
06/26 17:16:45.981: [sbi] INFO: nghttp2_server() [127.0.0.14]:7777 (../lib/sbi/nghttp2-server.c:144)
06/26 17:16:45.988: [app] INFO: NSSF initialize...done (../src/nssf/app.c:31)
06/26 17:16:45.990: [nssf] INFO: [3a611b0a-1445-41ee-8482-5bd8d974ab32] NF registred [Heartbeat:10s] (../src/nssf/nf-sm.c:198)
06/26 17:26:24.693: [app] INFO: SIGHUP received (../src/main.c:58)
Open5GS daemon v2.4.4

06/26 17:27:45.750: [app] INFO: Configuration: '/open5gs/install/etc/open5gs/nssf.yaml' (../lib/app/ogs-init.c:129)
06/26 17:27:45.751: [app] INFO: File Logging: '/open5gs/install/var/log/open5gs/nssf.log' (../lib/app/ogs-init.c:132)
06/26 17:27:45.753: [sbi] INFO: nghttp2_server() [127.0.0.14]:7777 (../lib/sbi/nghttp2-server.c:144)
06/26 17:27:45.757: [app] INFO: NSSF initialize...done (../src/nssf/app.c:31)
06/26 17:27:45.767: [nssf] INFO: [c3a246e0-1446-41ee-b07f-c388551cdf5a] NF registred [Heartbeat:10s] (../src/nssf/nf-sm.c:198)
Open5GS daemon v2.4.4

06/26 17:53:56.212: [app] INFO: Configuration: '/open5gs/install/etc/open5gs/nssf.yaml' (../lib/app/ogs-init.c:129)
06/26 17:53:56.218: [app] INFO: File Logging: '/open5gs/install/var/log/open5gs/nssf.log' (../lib/app/ogs-init.c:132)
06/26 17:53:56.219: [sbi] INFO: nghttp2_server() [127.0.0.14]:7777 (../lib/sbi/nghttp2-server.c:144)
06/26 17:53:56.230: [app] INFO: NSSF initialize...done (../src/nssf/app.c:31)
06/26 17:53:56.236: [nssf] INFO: [6bb488cc-144a-41ee-a7bb-8b7d88880372] NF registred [Heartbeat:10s] (../src/nssf/nf-sm.c:198)
Open5GS daemon v2.4.4

06/26 17:55:35.158: [app] INFO: Configuration: '/open5gs/install/etc/open5gs/nssf.yaml' (../lib/app/ogs-init.c:129)
06/26 17:55:35.161: [app] INFO: File Logging: '/open5gs/install/var/log/open5gs/nssf.log' (../lib/app/ogs-init.c:132)
06/26 17:55:35.165: [sbi] INFO: nghttp2_server() [127.0.0.14]:7777 (../lib/sbi/nghttp2-server.c:144)
06/26 17:55:35.184: [app] INFO: NSSF initialize...done (../src/nssf/app.c:31)
06/26 17:55:35.187: [nssf] INFO: [a6ae1010-144a-41ee-80e0-a51cdeba14a9] NF registred [Heartbeat:10s] (../src/nssf/nf-sm.c:198)
Open5GS daemon v2.4.4

06/26 18:13:04.067: [app] INFO: Configuration: '/open5gs/install/etc/open5gs/nssf.yaml' (../lib/app/ogs-init.c:129)
06/26 18:13:04.067: [app] INFO: File Logging: '/open5gs/install/var/log/open5gs/nssf.log' (../lib/app/ogs-init.c:132)
06/26 18:13:04.073: [sbi] INFO: nghttp2_server() [127.0.0.14]:7777 (../lib/sbi/nghttp2-server.c:144)
06/26 18:13:04.079: [app] INFO: NSSF initialize...done (../src/nssf/app.c:31)
06/26 18:13:04.083: [nssf] INFO: [17e0b2d6-144d-41ee-8860-33d98a665bcd] NF registred [Heartbeat:10s] (../src/nssf/nf-sm.c:198)
Open5GS daemon v2.4.4

06/30 09:19:18.003: [app] INFO: Configuration: '/open5gs/install/etc/open5gs/nssf.yaml' (../lib/app/ogs-init.c:129)
06/30 09:19:18.004: [app] INFO: File Logging: '/open5gs/install/var/log/open5gs/nssf.log' (../lib/app/ogs-init.c:132)
06/30 09:19:18.028: [sbi] INFO: nghttp2_server() [127.0.0.14]:7777 (../lib/sbi/nghttp2-server.c:144)
06/30 09:19:18.070: [app] INFO: NSSF initialize...done (../src/nssf/app.c:31)
06/30 09:19:18.120: [nssf] INFO: [30822202-1727-41ee-ad27-6565e316b54a] NF registred [Heartbeat:10s] (../src/nssf/nf-sm.c:198)
Open5GS daemon v2.4.4

06/30 09:20:45.356: [app] INFO: Configuration: '/open5gs/install/etc/open5gs/nssf.yaml' (../lib/app/ogs-init.c:129)
06/30 09:20:45.356: [app] INFO: File Logging: '/open5gs/install/var/log/open5gs/nssf.log' (../lib/app/ogs-init.c:132)
06/30 09:20:45.358: [sbi] INFO: nghttp2_server() [127.0.0.14]:7777 (../lib/sbi/nghttp2-server.c:144)
06/30 09:20:45.363: [app] INFO: NSSF initialize...done (../src/nssf/app.c:31)
06/30 09:20:45.383: [nssf] INFO: [6492f486-1727-41ee-abde-9b5e5db21072] NF registred [Heartbeat:10s] (../src/nssf/nf-sm.c:198)
Open5GS daemon v2.4.4

06/30 09:55:45.787: [app] INFO: Configuration: '/open5gs/install/etc/open5gs/nssf.yaml' (../lib/app/ogs-init.c:129)
06/30 09:55:45.788: [app] INFO: File Logging: '/open5gs/install/var/log/open5gs/nssf.log' (../lib/app/ogs-init.c:132)
06/30 09:55:45.789: [sbi] INFO: nghttp2_server() [127.0.0.14]:7777 (../lib/sbi/nghttp2-server.c:144)
06/30 09:55:45.803: [app] INFO: NSSF initialize...done (../src/nssf/app.c:31)
06/30 09:55:45.807: [nssf] INFO: [4887520a-172c-41ee-81ec-79cbcb06fb46] NF registred [Heartbeat:10s] (../src/nssf/nf-sm.c:198)
Open5GS daemon v2.4.4

06/30 10:06:02.964: [app] INFO: Configuration: '/open5gs/install/etc/open5gs/nssf.yaml' (../lib/app/ogs-init.c:129)
06/30 10:06:02.964: [app] INFO: File Logging: '/open5gs/install/var/log/open5gs/nssf.log' (../lib/app/ogs-init.c:132)
06/30 10:06:02.978: [sbi] INFO: nghttp2_server() [127.0.0.14]:7777 (../lib/sbi/nghttp2-server.c:144)
06/30 10:06:02.983: [app] INFO: NSSF initialize...done (../src/nssf/app.c:31)
06/30 10:06:02.990: [nssf] INFO: [b866d9aa-172d-41ee-89a9-2f8f29bf9499] NF registred [Heartbeat:10s] (../src/nssf/nf-sm.c:198)
Open5GS daemon v2.4.4

06/30 10:15:20.385: [app] INFO: Configuration: '/open5gs/install/etc/open5gs/nssf.yaml' (../lib/app/ogs-init.c:129)
06/30 10:15:20.386: [app] INFO: File Logging: '/open5gs/install/var/log/open5gs/nssf.log' (../lib/app/ogs-init.c:132)
06/30 10:15:20.387: [sbi] INFO: nghttp2_server() [127.0.0.14]:7777 (../lib/sbi/nghttp2-server.c:144)
06/30 10:15:20.402: [app] INFO: NSSF initialize...done (../src/nssf/app.c:31)
06/30 10:15:20.414: [nssf] INFO: [04a4bb06-172f-41ee-9203-f717ce0aa87c] NF registred [Heartbeat:10s] (../src/nssf/nf-sm.c:198)
Open5GS daemon v2.4.4

06/30 12:19:39.192: [app] INFO: Configuration: '/open5gs/install/etc/open5gs/nssf.yaml' (../lib/app/ogs-init.c:129)
06/30 12:19:39.198: [app] INFO: File Logging: '/open5gs/install/var/log/open5gs/nssf.log' (../lib/app/ogs-init.c:132)
06/30 12:19:39.205: [sbi] INFO: nghttp2_server() [127.0.0.14]:7777 (../lib/sbi/nghttp2-server.c:144)
06/30 12:19:39.218: [app] INFO: NSSF initialize...done (../src/nssf/app.c:31)
06/30 12:19:39.219: [nssf] INFO: [627160de-1740-41ee-afac-9d642d36a60f] NF registred [Heartbeat:10s] (../src/nssf/nf-sm.c:198)
Open5GS daemon v2.4.4

06/30 12:30:32.183: [app] INFO: Configuration: '/open5gs/install/etc/open5gs/nssf.yaml' (../lib/app/ogs-init.c:129)
06/30 12:30:32.187: [app] INFO: File Logging: '/open5gs/install/var/log/open5gs/nssf.log' (../lib/app/ogs-init.c:132)
06/30 12:30:32.200: [sbi] INFO: nghttp2_server() [127.0.0.14]:7777 (../lib/sbi/nghttp2-server.c:144)
06/30 12:30:32.231: [app] INFO: NSSF initialize...done (../src/nssf/app.c:31)
06/30 12:30:32.232: [nssf] INFO: [e7a92182-1741-41ee-af50-5116c7bcde51] NF registred [Heartbeat:10s] (../src/nssf/nf-sm.c:198)
Open5GS daemon v2.4.4

06/30 12:34:19.746: [app] INFO: Configuration: '/open5gs/install/etc/open5gs/nssf.yaml' (../lib/app/ogs-init.c:129)
06/30 12:34:19.752: [app] INFO: File Logging: '/open5gs/install/var/log/open5gs/nssf.log' (../lib/app/ogs-init.c:132)
06/30 12:34:19.754: [sbi] INFO: nghttp2_server() [127.0.0.14]:7777 (../lib/sbi/nghttp2-server.c:144)
06/30 12:34:19.774: [app] INFO: NSSF initialize...done (../src/nssf/app.c:31)
06/30 12:34:19.776: [nssf] INFO: [6f4b1384-1742-41ee-ad66-5574de4b22df] NF registred [Heartbeat:10s] (../src/nssf/nf-sm.c:198)
Open5GS daemon v2.4.4

06/30 12:47:16.652: [app] INFO: Configuration: '/open5gs/install/etc/open5gs/nssf.yaml' (../lib/app/ogs-init.c:129)
06/30 12:47:16.653: [app] INFO: File Logging: '/open5gs/install/var/log/open5gs/nssf.log' (../lib/app/ogs-init.c:132)
06/30 12:47:16.673: [sbi] INFO: nghttp2_server() [127.0.0.14]:7777 (../lib/sbi/nghttp2-server.c:144)
06/30 12:47:16.676: [app] INFO: NSSF initialize...done (../src/nssf/app.c:31)
06/30 12:47:16.681: [nssf] INFO: [3e5d36e2-1744-41ee-bf94-55abcff89c5e] NF registred [Heartbeat:10s] (../src/nssf/nf-sm.c:198)
Open5GS daemon v2.4.4

06/30 12:50:18.449: [app] INFO: Configuration: '/open5gs/install/etc/open5gs/nssf.yaml' (../lib/app/ogs-init.c:129)
06/30 12:50:18.450: [app] INFO: File Logging: '/open5gs/install/var/log/open5gs/nssf.log' (../lib/app/ogs-init.c:132)
06/30 12:50:18.451: [sbi] INFO: nghttp2_server() [127.0.0.14]:7777 (../lib/sbi/nghttp2-server.c:144)
06/30 12:50:18.451: [app] INFO: NSSF initialize...done (../src/nssf/app.c:31)
06/30 12:50:18.460: [nssf] INFO: [aab8a4fc-1744-41ee-abb1-2df4d03f56a3] NF registred [Heartbeat:10s] (../src/nssf/nf-sm.c:198)
Open5GS daemon v2.4.4

06/30 13:05:21.318: [app] INFO: Configuration: '/open5gs/install/etc/open5gs/nssf.yaml' (../lib/app/ogs-init.c:129)
06/30 13:05:21.319: [app] INFO: File Logging: '/open5gs/install/var/log/open5gs/nssf.log' (../lib/app/ogs-init.c:132)
06/30 13:05:21.340: [sbi] INFO: nghttp2_server() [127.0.0.14]:7777 (../lib/sbi/nghttp2-server.c:144)
06/30 13:05:21.359: [app] INFO: NSSF initialize...done (../src/nssf/app.c:31)
06/30 13:05:21.391: [nssf] INFO: [c4e27ac2-1746-41ee-8564-19827234cb04] NF registred [Heartbeat:10s] (../src/nssf/nf-sm.c:198)
06/30 13:07:47.647: [app] INFO: SIGHUP received (../src/main.c:58)
Open5GS daemon v2.4.4

06/30 13:08:47.120: [app] INFO: Configuration: '/open5gs/install/etc/open5gs/nssf.yaml' (../lib/app/ogs-init.c:129)
06/30 13:08:47.125: [app] INFO: File Logging: '/open5gs/install/var/log/open5gs/nssf.log' (../lib/app/ogs-init.c:132)
06/30 13:08:47.150: [sbi] INFO: nghttp2_server() [127.0.0.14]:7777 (../lib/sbi/nghttp2-server.c:144)
06/30 13:08:47.183: [app] INFO: NSSF initialize...done (../src/nssf/app.c:31)
06/30 13:08:47.200: [nssf] INFO: [3f8ec56e-1747-41ee-93cf-45575895e737] NF registred [Heartbeat:10s] (../src/nssf/nf-sm.c:198)
Open5GS daemon v2.4.4

07/04 17:28:46.683: [app] INFO: Configuration: '/open5gs/install/etc/open5gs/nssf.yaml' (../lib/app/ogs-init.c:129)
07/04 17:28:46.685: [app] INFO: File Logging: '/open5gs/install/var/log/open5gs/nssf.log' (../lib/app/ogs-init.c:132)
07/04 17:28:46.690: [sbi] INFO: nghttp2_server() [127.0.0.14]:7777 (../lib/sbi/nghttp2-server.c:144)
07/04 17:28:46.694: [app] INFO: NSSF initialize...done (../src/nssf/app.c:31)
07/04 17:28:46.732: [nssf] INFO: [3b422838-1a90-41ee-afa7-4f10f05c8779] NF registred [Heartbeat:10s] (../src/nssf/nf-sm.c:198)
Open5GS daemon v2.4.4

07/04 21:18:03.970: [app] INFO: Configuration: '/open5gs/install/etc/open5gs/nssf.yaml' (../lib/app/ogs-init.c:129)
07/04 21:18:03.974: [app] INFO: File Logging: '/open5gs/install/var/log/open5gs/nssf.log' (../lib/app/ogs-init.c:132)
07/04 21:18:03.976: [sbi] INFO: nghttp2_server() [127.0.0.14]:7777 (../lib/sbi/nghttp2-server.c:144)
07/04 21:18:03.995: [app] INFO: NSSF initialize...done (../src/nssf/app.c:31)
07/04 21:18:04.016: [nssf] INFO: [433def02-1ab0-41ee-b5a4-4d186a538bb4] NF registred [Heartbeat:10s] (../src/nssf/nf-sm.c:198)
Open5GS daemon v2.4.4

07/04 21:22:00.873: [app] INFO: Configuration: '/open5gs/install/etc/open5gs/nssf.yaml' (../lib/app/ogs-init.c:129)
07/04 21:22:00.878: [app] INFO: File Logging: '/open5gs/install/var/log/open5gs/nssf.log' (../lib/app/ogs-init.c:132)
07/04 21:22:00.884: [sbi] INFO: nghttp2_server() [127.0.0.14]:7777 (../lib/sbi/nghttp2-server.c:144)
07/04 21:22:00.921: [app] INFO: NSSF initialize...done (../src/nssf/app.c:31)
07/04 21:22:00.941: [nssf] INFO: [d0731b04-1ab0-41ee-867d-b180878d36f0] NF registred [Heartbeat:10s] (../src/nssf/nf-sm.c:198)
Open5GS daemon v2.4.4

07/04 21:23:10.146: [app] INFO: Configuration: '/open5gs/install/etc/open5gs/nssf.yaml' (../lib/app/ogs-init.c:129)
07/04 21:23:10.158: [app] INFO: File Logging: '/open5gs/install/var/log/open5gs/nssf.log' (../lib/app/ogs-init.c:132)
07/04 21:23:10.161: [sbi] INFO: nghttp2_server() [127.0.0.14]:7777 (../lib/sbi/nghttp2-server.c:144)
07/04 21:23:10.184: [app] INFO: NSSF initialize...done (../src/nssf/app.c:31)
07/04 21:23:10.199: [nssf] INFO: [f9bdd2ba-1ab0-41ee-aa36-cfe22de1d95c] NF registred [Heartbeat:10s] (../src/nssf/nf-sm.c:198)
Open5GS daemon v2.4.4

07/07 07:43:29.853: [app] INFO: Configuration: '/open5gs/install/etc/open5gs/nssf.yaml' (../lib/app/ogs-init.c:129)
07/07 07:43:29.854: [app] INFO: File Logging: '/open5gs/install/var/log/open5gs/nssf.log' (../lib/app/ogs-init.c:132)
07/07 07:43:29.856: [sbi] INFO: nghttp2_server() [127.0.0.14]:7777 (../lib/sbi/nghttp2-server.c:144)
07/07 07:43:29.859: [app] INFO: NSSF initialize...done (../src/nssf/app.c:31)
07/07 07:43:29.885: [nssf] INFO: [f73c5f6c-1c99-41ee-9ef8-7b9448e93901] NF registred [Heartbeat:10s] (../src/nssf/nf-sm.c:198)
Open5GS daemon v2.4.4

07/07 07:44:50.359: [app] INFO: Configuration: '/open5gs/install/etc/open5gs/nssf.yaml' (../lib/app/ogs-init.c:129)
07/07 07:44:50.360: [app] INFO: File Logging: '/open5gs/install/var/log/open5gs/nssf.log' (../lib/app/ogs-init.c:132)
07/07 07:44:50.361: [sbi] INFO: nghttp2_server() [127.0.0.14]:7777 (../lib/sbi/nghttp2-server.c:144)
07/07 07:44:50.366: [app] INFO: NSSF initialize...done (../src/nssf/app.c:31)
07/07 07:44:50.368: [nssf] INFO: [27384bcc-1c9a-41ee-b557-9f8e19931188] NF registred [Heartbeat:10s] (../src/nssf/nf-sm.c:198)
Open5GS daemon v2.4.4

07/07 07:45:39.892: [app] INFO: Configuration: '/open5gs/install/etc/open5gs/nssf.yaml' (../lib/app/ogs-init.c:129)
07/07 07:45:39.892: [app] INFO: File Logging: '/open5gs/install/var/log/open5gs/nssf.log' (../lib/app/ogs-init.c:132)
07/07 07:45:39.902: [sbi] INFO: nghttp2_server() [127.0.0.14]:7777 (../lib/sbi/nghttp2-server.c:144)
07/07 07:45:39.909: [app] INFO: NSSF initialize...done (../src/nssf/app.c:31)
07/07 07:45:39.914: [nssf] INFO: [44bf7486-1c9a-41ee-bf3c-d5ee63035cc3] NF registred [Heartbeat:10s] (../src/nssf/nf-sm.c:198)
Open5GS daemon v2.4.4

07/07 07:46:44.057: [app] INFO: Configuration: '/open5gs/install/etc/open5gs/nssf.yaml' (../lib/app/ogs-init.c:129)
07/07 07:46:44.058: [app] INFO: File Logging: '/open5gs/install/var/log/open5gs/nssf.log' (../lib/app/ogs-init.c:132)
07/07 07:46:44.060: [sbi] INFO: nghttp2_server() [127.0.0.14]:7777 (../lib/sbi/nghttp2-server.c:144)
07/07 07:46:44.064: [app] INFO: NSSF initialize...done (../src/nssf/app.c:31)
07/07 07:46:44.070: [nssf] INFO: [6afd67f2-1c9a-41ee-8747-99878f613cca] NF registred [Heartbeat:10s] (../src/nssf/nf-sm.c:198)
Open5GS daemon v2.4.4

07/07 07:47:53.525: [app] INFO: Configuration: '/open5gs/install/etc/open5gs/nssf.yaml' (../lib/app/ogs-init.c:129)
07/07 07:47:53.526: [app] INFO: File Logging: '/open5gs/install/var/log/open5gs/nssf.log' (../lib/app/ogs-init.c:132)
07/07 07:47:53.527: [sbi] INFO: nghttp2_server() [127.0.0.14]:7777 (../lib/sbi/nghttp2-server.c:144)
07/07 07:47:53.538: [app] INFO: NSSF initialize...done (../src/nssf/app.c:31)
07/07 07:47:53.542: [nssf] INFO: [9465490c-1c9a-41ee-9d57-950db662168e] NF registred [Heartbeat:10s] (../src/nssf/nf-sm.c:198)
Open5GS daemon v2.4.4

07/07 07:51:09.995: [app] INFO: Configuration: '/open5gs/install/etc/open5gs/nssf.yaml' (../lib/app/ogs-init.c:129)
07/07 07:51:09.996: [app] INFO: File Logging: '/open5gs/install/var/log/open5gs/nssf.log' (../lib/app/ogs-init.c:132)
07/07 07:51:09.997: [sbi] INFO: nghttp2_server() [127.0.0.14]:7777 (../lib/sbi/nghttp2-server.c:144)
07/07 07:51:10.023: [app] INFO: NSSF initialize...done (../src/nssf/app.c:31)
07/07 07:51:10.028: [nssf] INFO: [09803648-1c9b-41ee-b451-e3dfe3facf71] NF registred [Heartbeat:10s] (../src/nssf/nf-sm.c:198)
Open5GS daemon v2.4.4

07/07 07:52:32.251: [app] INFO: Configuration: '/open5gs/install/etc/open5gs/nssf.yaml' (../lib/app/ogs-init.c:129)
07/07 07:52:32.251: [app] INFO: File Logging: '/open5gs/install/var/log/open5gs/nssf.log' (../lib/app/ogs-init.c:132)
07/07 07:52:32.252: [sbi] INFO: nghttp2_server() [127.0.0.14]:7777 (../lib/sbi/nghttp2-server.c:144)
07/07 07:52:32.256: [app] INFO: NSSF initialize...done (../src/nssf/app.c:31)
07/07 07:52:32.257: [nssf] INFO: [3a8763e2-1c9b-41ee-af2e-f348875a0589] NF registred [Heartbeat:10s] (../src/nssf/nf-sm.c:198)
Open5GS daemon v2.4.4

07/07 07:53:17.549: [app] INFO: Configuration: '/open5gs/install/etc/open5gs/nssf.yaml' (../lib/app/ogs-init.c:129)
07/07 07:53:17.550: [app] INFO: File Logging: '/open5gs/install/var/log/open5gs/nssf.log' (../lib/app/ogs-init.c:132)
07/07 07:53:17.552: [sbi] INFO: nghttp2_server() [127.0.0.14]:7777 (../lib/sbi/nghttp2-server.c:144)
07/07 07:53:17.568: [app] INFO: NSSF initialize...done (../src/nssf/app.c:31)
07/07 07:53:17.575: [nssf] INFO: [55879b94-1c9b-41ee-b2b0-4b003424475f] NF registred [Heartbeat:10s] (../src/nssf/nf-sm.c:198)
Open5GS daemon v2.4.4

07/07 07:54:40.931: [app] INFO: Configuration: '/open5gs/install/etc/open5gs/nssf.yaml' (../lib/app/ogs-init.c:129)
07/07 07:54:40.936: [app] INFO: File Logging: '/open5gs/install/var/log/open5gs/nssf.log' (../lib/app/ogs-init.c:132)
07/07 07:54:40.940: [sbi] INFO: nghttp2_server() [127.0.0.14]:7777 (../lib/sbi/nghttp2-server.c:144)
07/07 07:54:40.962: [app] INFO: NSSF initialize...done (../src/nssf/app.c:31)
07/07 07:54:40.966: [nssf] INFO: [873b9208-1c9b-41ee-91df-7f7c09f275fe] NF registred [Heartbeat:10s] (../src/nssf/nf-sm.c:198)
Open5GS daemon v2.4.4

07/07 08:14:27.465: [app] INFO: Configuration: '/open5gs/install/etc/open5gs/nssf.yaml' (../lib/app/ogs-init.c:129)
07/07 08:14:27.466: [app] INFO: File Logging: '/open5gs/install/var/log/open5gs/nssf.log' (../lib/app/ogs-init.c:132)
07/07 08:14:27.466: [sbi] INFO: nghttp2_server() [127.0.0.14]:7777 (../lib/sbi/nghttp2-server.c:144)
07/07 08:14:27.476: [nssf] INFO: [4a7529bc-1c9e-41ee-987b-7d7057aee2b4] NF registred [Heartbeat:10s] (../src/nssf/nf-sm.c:198)
07/07 08:14:27.478: [app] INFO: NSSF initialize...done (../src/nssf/app.c:31)
Open5GS daemon v2.4.4

07/07 08:53:37.135: [app] INFO: Configuration: '/open5gs/install/etc/open5gs/nssf.yaml' (../lib/app/ogs-init.c:129)
07/07 08:53:37.135: [app] INFO: File Logging: '/open5gs/install/var/log/open5gs/nssf.log' (../lib/app/ogs-init.c:132)
07/07 08:53:37.138: [sbi] INFO: nghttp2_server() [127.0.0.14]:7777 (../lib/sbi/nghttp2-server.c:144)
07/07 08:53:37.147: [app] INFO: NSSF initialize...done (../src/nssf/app.c:31)
07/07 08:53:37.151: [nssf] INFO: [c2f88ef6-1ca3-41ee-8b16-bd8b6f4cc053] NF registred [Heartbeat:10s] (../src/nssf/nf-sm.c:198)
Open5GS daemon v2.4.4

07/07 08:59:01.977: [app] INFO: Configuration: '/open5gs/install/etc/open5gs/nssf.yaml' (../lib/app/ogs-init.c:129)
07/07 08:59:01.978: [app] INFO: File Logging: '/open5gs/install/var/log/open5gs/nssf.log' (../lib/app/ogs-init.c:132)
07/07 08:59:01.979: [sbi] INFO: nghttp2_server() [127.0.0.14]:7777 (../lib/sbi/nghttp2-server.c:144)
07/07 08:59:01.989: [nssf] INFO: [849759d4-1ca4-41ee-91b2-734c144f3e0f] NF registred [Heartbeat:10s] (../src/nssf/nf-sm.c:198)
07/07 08:59:01.990: [app] INFO: NSSF initialize...done (../src/nssf/app.c:31)
Open5GS daemon v2.4.4

07/07 09:55:59.921: [app] INFO: Configuration: '/open5gs/install/etc/open5gs/nssf.yaml' (../lib/app/ogs-init.c:129)
07/07 09:55:59.926: [app] INFO: File Logging: '/open5gs/install/var/log/open5gs/nssf.log' (../lib/app/ogs-init.c:132)
07/07 09:55:59.947: [sbi] INFO: nghttp2_server() [127.0.0.14]:7777 (../lib/sbi/nghttp2-server.c:144)
07/07 09:55:59.952: [app] INFO: NSSF initialize...done (../src/nssf/app.c:31)
07/07 09:55:59.986: [nssf] INFO: [79dae24c-1cac-41ee-be04-632a93c3ae77] NF registred [Heartbeat:10s] (../src/nssf/nf-sm.c:198)
Open5GS daemon v2.4.4

07/07 09:57:26.351: [app] INFO: Configuration: '/open5gs/install/etc/open5gs/nssf.yaml' (../lib/app/ogs-init.c:129)
07/07 09:57:26.352: [app] INFO: File Logging: '/open5gs/install/var/log/open5gs/nssf.log' (../lib/app/ogs-init.c:132)
07/07 09:57:26.354: [sbi] INFO: nghttp2_server() [127.0.0.14]:7777 (../lib/sbi/nghttp2-server.c:144)
07/07 09:57:26.356: [app] INFO: NSSF initialize...done (../src/nssf/app.c:31)
07/07 09:57:26.361: [nssf] INFO: [ad5c5dee-1cac-41ee-a089-9986430717f6] NF registred [Heartbeat:10s] (../src/nssf/nf-sm.c:198)
Open5GS daemon v2.4.4

07/07 09:58:11.649: [app] INFO: Configuration: '/open5gs/install/etc/open5gs/nssf.yaml' (../lib/app/ogs-init.c:129)
07/07 09:58:11.649: [app] INFO: File Logging: '/open5gs/install/var/log/open5gs/nssf.log' (../lib/app/ogs-init.c:132)
07/07 09:58:11.655: [sbi] INFO: nghttp2_server() [127.0.0.14]:7777 (../lib/sbi/nghttp2-server.c:144)
07/07 09:58:11.668: [app] INFO: NSSF initialize...done (../src/nssf/app.c:31)
07/07 09:58:11.681: [nssf] INFO: [c85c949c-1cac-41ee-88aa-e5083dd515e9] NF registred [Heartbeat:10s] (../src/nssf/nf-sm.c:198)
Open5GS daemon v2.4.4

07/07 09:58:49.144: [app] INFO: Configuration: '/open5gs/install/etc/open5gs/nssf.yaml' (../lib/app/ogs-init.c:129)
07/07 09:58:49.144: [app] INFO: File Logging: '/open5gs/install/var/log/open5gs/nssf.log' (../lib/app/ogs-init.c:132)
07/07 09:58:49.149: [sbi] INFO: nghttp2_server() [127.0.0.14]:7777 (../lib/sbi/nghttp2-server.c:144)
07/07 09:58:49.150: [app] INFO: NSSF initialize...done (../src/nssf/app.c:31)
07/07 09:58:49.157: [nssf] INFO: [deb5f742-1cac-41ee-8dad-d34cfd8da036] NF registred [Heartbeat:10s] (../src/nssf/nf-sm.c:198)
Open5GS daemon v2.4.4

07/13 20:08:22.196: [app] INFO: Configuration: '/open5gs/install/etc/open5gs/nssf.yaml' (../lib/app/ogs-init.c:129)
07/13 20:08:22.197: [app] INFO: File Logging: '/open5gs/install/var/log/open5gs/nssf.log' (../lib/app/ogs-init.c:132)
07/13 20:08:22.201: [sbi] INFO: nghttp2_server() [127.0.0.14]:7777 (../lib/sbi/nghttp2-server.c:144)
07/13 20:08:22.213: [app] INFO: NSSF initialize...done (../src/nssf/app.c:31)
07/13 20:08:22.243: [nssf] INFO: [046d5b68-21b9-41ee-9513-a5ff03f0a33a] NF registred [Heartbeat:10s] (../src/nssf/nf-sm.c:198)
Open5GS daemon v2.4.4

07/14 09:43:14.394: [app] INFO: Configuration: '/open5gs/install/etc/open5gs/nssf.yaml' (../lib/app/ogs-init.c:129)
07/14 09:43:14.402: [app] INFO: File Logging: '/open5gs/install/var/log/open5gs/nssf.log' (../lib/app/ogs-init.c:132)
07/14 09:43:14.403: [sbi] INFO: nghttp2_server() [127.0.0.14]:7777 (../lib/sbi/nghttp2-server.c:144)
07/14 09:43:14.422: [app] INFO: NSSF initialize...done (../src/nssf/app.c:31)
07/14 09:43:14.442: [nssf] INFO: [da73670e-222a-41ee-856e-1d62da5dd930] NF registred [Heartbeat:10s] (../src/nssf/nf-sm.c:198)
Open5GS daemon v2.4.4

07/14 09:44:25.503: [app] INFO: Configuration: '/open5gs/install/etc/open5gs/nssf.yaml' (../lib/app/ogs-init.c:129)
07/14 09:44:25.505: [app] INFO: File Logging: '/open5gs/install/var/log/open5gs/nssf.log' (../lib/app/ogs-init.c:132)
07/14 09:44:25.506: [sbi] INFO: nghttp2_server() [127.0.0.14]:7777 (../lib/sbi/nghttp2-server.c:144)
07/14 09:44:25.516: [app] INFO: NSSF initialize...done (../src/nssf/app.c:31)
07/14 09:44:25.530: [nssf] INFO: [04d4e96e-222b-41ee-8591-71d73927fd89] NF registred [Heartbeat:10s] (../src/nssf/nf-sm.c:198)
Open5GS daemon v2.4.4

07/14 09:45:23.488: [app] INFO: Configuration: '/open5gs/install/etc/open5gs/nssf.yaml' (../lib/app/ogs-init.c:129)
07/14 09:45:23.496: [app] INFO: File Logging: '/open5gs/install/var/log/open5gs/nssf.log' (../lib/app/ogs-init.c:132)
07/14 09:45:23.505: [sbi] INFO: nghttp2_server() [127.0.0.14]:7777 (../lib/sbi/nghttp2-server.c:144)
07/14 09:45:23.538: [app] INFO: NSSF initialize...done (../src/nssf/app.c:31)
07/14 09:45:23.563: [nssf] INFO: [2766dc30-222b-41ee-95cb-9196a4638831] NF registred [Heartbeat:10s] (../src/nssf/nf-sm.c:198)
Open5GS daemon v2.4.4

07/14 09:49:38.101: [app] INFO: Configuration: '/open5gs/install/etc/open5gs/nssf.yaml' (../lib/app/ogs-init.c:129)
07/14 09:49:38.101: [app] INFO: File Logging: '/open5gs/install/var/log/open5gs/nssf.log' (../lib/app/ogs-init.c:132)
07/14 09:49:38.132: [sbi] INFO: nghttp2_server() [127.0.0.14]:7777 (../lib/sbi/nghttp2-server.c:144)
07/14 09:49:38.200: [app] INFO: NSSF initialize...done (../src/nssf/app.c:31)
07/14 09:49:38.205: [nssf] INFO: [bf27b7ba-222b-41ee-91ec-f7f6b8a5cc70] NF registred [Heartbeat:10s] (../src/nssf/nf-sm.c:198)
Open5GS daemon v2.4.4

07/14 09:50:26.107: [app] INFO: Configuration: '/open5gs/install/etc/open5gs/nssf.yaml' (../lib/app/ogs-init.c:129)
07/14 09:50:26.108: [app] INFO: File Logging: '/open5gs/install/var/log/open5gs/nssf.log' (../lib/app/ogs-init.c:132)
07/14 09:50:26.116: [sbi] INFO: nghttp2_server() [127.0.0.14]:7777 (../lib/sbi/nghttp2-server.c:144)
07/14 09:50:26.134: [app] INFO: NSSF initialize...done (../src/nssf/app.c:31)
07/14 09:50:26.137: [nssf] INFO: [dbc499ce-222b-41ee-9f3c-0d48138ca795] NF registred [Heartbeat:10s] (../src/nssf/nf-sm.c:198)
Open5GS daemon v2.4.4

07/14 09:51:26.698: [app] INFO: Configuration: '/open5gs/install/etc/open5gs/nssf.yaml' (../lib/app/ogs-init.c:129)
07/14 09:51:26.698: [app] INFO: File Logging: '/open5gs/install/var/log/open5gs/nssf.log' (../lib/app/ogs-init.c:132)
07/14 09:51:26.699: [sbi] INFO: nghttp2_server() [127.0.0.14]:7777 (../lib/sbi/nghttp2-server.c:144)
07/14 09:51:26.701: [app] INFO: NSSF initialize...done (../src/nssf/app.c:31)
07/14 09:51:27.139: [nssf] INFO: [ffe1d600-222b-41ee-8a3a-1f2e1ed3978d] NF registred [Heartbeat:10s] (../src/nssf/nf-sm.c:198)
Open5GS daemon v2.4.4

07/14 09:53:44.184: [app] INFO: Configuration: '/open5gs/install/etc/open5gs/nssf.yaml' (../lib/app/ogs-init.c:129)
07/14 09:53:44.200: [app] INFO: File Logging: '/open5gs/install/var/log/open5gs/nssf.log' (../lib/app/ogs-init.c:132)
07/14 09:53:44.208: [sbi] INFO: nghttp2_server() [127.0.0.14]:7777 (../lib/sbi/nghttp2-server.c:144)
07/14 09:53:44.236: [nssf] INFO: [51d7b8ee-222c-41ee-b00a-81db4f91da14] NF registred [Heartbeat:10s] (../src/nssf/nf-sm.c:198)
07/14 09:53:44.255: [app] INFO: NSSF initialize...done (../src/nssf/app.c:31)
Open5GS daemon v2.4.4

07/14 09:54:46.896: [app] INFO: Configuration: '/open5gs/install/etc/open5gs/nssf.yaml' (../lib/app/ogs-init.c:129)
07/14 09:54:46.898: [app] INFO: File Logging: '/open5gs/install/var/log/open5gs/nssf.log' (../lib/app/ogs-init.c:132)
07/14 09:54:46.912: [sbi] INFO: nghttp2_server() [127.0.0.14]:7777 (../lib/sbi/nghttp2-server.c:144)
07/14 09:54:46.918: [app] INFO: NSSF initialize...done (../src/nssf/app.c:31)
07/14 09:54:46.919: [nssf] INFO: [77377ae8-222c-41ee-8927-e9631f4fbb2b] NF registred [Heartbeat:10s] (../src/nssf/nf-sm.c:198)
Open5GS daemon v2.4.4

07/14 09:56:51.669: [app] INFO: Configuration: '/open5gs/install/etc/open5gs/nssf.yaml' (../lib/app/ogs-init.c:129)
07/14 09:56:51.671: [app] INFO: File Logging: '/open5gs/install/var/log/open5gs/nssf.log' (../lib/app/ogs-init.c:132)
07/14 09:56:51.672: [sbi] INFO: nghttp2_server() [127.0.0.14]:7777 (../lib/sbi/nghttp2-server.c:144)
07/14 09:56:51.677: [app] INFO: NSSF initialize...done (../src/nssf/app.c:31)
07/14 09:56:51.686: [nssf] INFO: [c194c532-222c-41ee-88cc-11f25d2d4126] NF registred [Heartbeat:10s] (../src/nssf/nf-sm.c:198)
Open5GS daemon v2.4.4

07/14 10:27:52.830: [app] INFO: Configuration: '/open5gs/install/etc/open5gs/nssf.yaml' (../lib/app/ogs-init.c:129)
07/14 10:27:52.830: [app] INFO: File Logging: '/open5gs/install/var/log/open5gs/nssf.log' (../lib/app/ogs-init.c:132)
07/14 10:27:52.832: [sbi] INFO: nghttp2_server() [127.0.0.14]:7777 (../lib/sbi/nghttp2-server.c:144)
07/14 10:27:52.836: [app] INFO: NSSF initialize...done (../src/nssf/app.c:31)
07/14 10:27:52.845: [nssf] INFO: [16eb1f50-2231-41ee-ad5c-cff9da9fb04a] NF registred [Heartbeat:10s] (../src/nssf/nf-sm.c:198)
Open5GS daemon v2.4.4

07/14 10:28:17.948: [app] INFO: Configuration: '/open5gs/install/etc/open5gs/nssf.yaml' (../lib/app/ogs-init.c:129)
07/14 10:28:17.948: [app] INFO: File Logging: '/open5gs/install/var/log/open5gs/nssf.log' (../lib/app/ogs-init.c:132)
07/14 10:28:17.956: [sbi] INFO: nghttp2_server() [127.0.0.14]:7777 (../lib/sbi/nghttp2-server.c:144)
07/14 10:28:17.966: [app] INFO: NSSF initialize...done (../src/nssf/app.c:31)
07/14 10:28:17.982: [nssf] INFO: [25e3dbe6-2231-41ee-bbc8-ab709afd65bc] NF registred [Heartbeat:10s] (../src/nssf/nf-sm.c:198)
Open5GS daemon v2.4.4

07/14 10:28:45.437: [app] INFO: Configuration: '/open5gs/install/etc/open5gs/nssf.yaml' (../lib/app/ogs-init.c:129)
07/14 10:28:45.439: [app] INFO: File Logging: '/open5gs/install/var/log/open5gs/nssf.log' (../lib/app/ogs-init.c:132)
07/14 10:28:45.441: [sbi] INFO: nghttp2_server() [127.0.0.14]:7777 (../lib/sbi/nghttp2-server.c:144)
07/14 10:28:45.447: [app] INFO: NSSF initialize...done (../src/nssf/app.c:31)
07/14 10:28:45.455: [nssf] INFO: [36469b0e-2231-41ee-87c9-9bd9d4f2aac7] NF registred [Heartbeat:10s] (../src/nssf/nf-sm.c:198)
Open5GS daemon v2.4.4

07/14 10:33:48.984: [app] INFO: Configuration: '/open5gs/install/etc/open5gs/nssf.yaml' (../lib/app/ogs-init.c:129)
07/14 10:33:48.986: [app] INFO: File Logging: '/open5gs/install/var/log/open5gs/nssf.log' (../lib/app/ogs-init.c:132)
07/14 10:33:48.988: [sbi] INFO: nghttp2_server() [127.0.0.14]:7777 (../lib/sbi/nghttp2-server.c:144)
07/14 10:33:48.996: [app] INFO: NSSF initialize...done (../src/nssf/app.c:31)
07/14 10:33:49.009: [nssf] INFO: [eb344eee-2231-41ee-96ef-a92b9e72afa8] NF registred [Heartbeat:10s] (../src/nssf/nf-sm.c:198)
Open5GS daemon v2.4.4

07/14 10:35:51.672: [app] INFO: Configuration: '/open5gs/install/etc/open5gs/nssf.yaml' (../lib/app/ogs-init.c:129)
07/14 10:35:51.672: [app] INFO: File Logging: '/open5gs/install/var/log/open5gs/nssf.log' (../lib/app/ogs-init.c:132)
07/14 10:35:51.673: [sbi] INFO: nghttp2_server() [127.0.0.14]:7777 (../lib/sbi/nghttp2-server.c:144)
07/14 10:35:51.686: [app] INFO: NSSF initialize...done (../src/nssf/app.c:31)
07/14 10:35:51.691: [nssf] INFO: [3454a01a-2232-41ee-9da9-1b61b180cacd] NF registred [Heartbeat:10s] (../src/nssf/nf-sm.c:198)
Open5GS daemon v2.4.4

07/14 11:37:35.693: [app] INFO: Configuration: '/open5gs/install/etc/open5gs/nssf.yaml' (../lib/app/ogs-init.c:129)
07/14 11:37:35.694: [app] INFO: File Logging: '/open5gs/install/var/log/open5gs/nssf.log' (../lib/app/ogs-init.c:132)
07/14 11:37:35.697: [sbi] INFO: nghttp2_server() [127.0.0.14]:7777 (../lib/sbi/nghttp2-server.c:144)
07/14 11:37:35.730: [app] INFO: NSSF initialize...done (../src/nssf/app.c:31)
07/14 11:37:35.754: [nssf] INFO: [d419cc3a-223a-41ee-bc06-4dfb00779d39] NF registred [Heartbeat:10s] (../src/nssf/nf-sm.c:198)
Open5GS daemon v2.4.4

07/14 11:40:04.776: [app] INFO: Configuration: '/open5gs/install/etc/open5gs/nssf.yaml' (../lib/app/ogs-init.c:129)
07/14 11:40:04.777: [app] INFO: File Logging: '/open5gs/install/var/log/open5gs/nssf.log' (../lib/app/ogs-init.c:132)
07/14 11:40:04.785: [sbi] INFO: nghttp2_server() [127.0.0.14]:7777 (../lib/sbi/nghttp2-server.c:144)
07/14 11:40:04.795: [app] INFO: NSSF initialize...done (../src/nssf/app.c:31)
07/14 11:40:04.815: [nssf] INFO: [2cf69252-223b-41ee-864a-272bc981aae9] NF registred [Heartbeat:10s] (../src/nssf/nf-sm.c:198)
Open5GS daemon v2.4.4

07/14 11:42:10.001: [app] INFO: Configuration: '/open5gs/install/etc/open5gs/nssf.yaml' (../lib/app/ogs-init.c:129)
07/14 11:42:10.013: [app] INFO: File Logging: '/open5gs/install/var/log/open5gs/nssf.log' (../lib/app/ogs-init.c:132)
07/14 11:42:10.014: [sbi] INFO: nghttp2_server() [127.0.0.14]:7777 (../lib/sbi/nghttp2-server.c:144)
07/14 11:42:10.019: [app] INFO: NSSF initialize...done (../src/nssf/app.c:31)
07/14 11:42:10.022: [nssf] INFO: [779b4e6a-223b-41ee-96b4-e11920911dee] NF registred [Heartbeat:10s] (../src/nssf/nf-sm.c:198)
Open5GS daemon v2.4.4

07/14 11:45:15.926: [app] INFO: Configuration: '/open5gs/install/etc/open5gs/nssf.yaml' (../lib/app/ogs-init.c:129)
07/14 11:45:15.927: [app] INFO: File Logging: '/open5gs/install/var/log/open5gs/nssf.log' (../lib/app/ogs-init.c:132)
07/14 11:45:15.932: [sbi] INFO: nghttp2_server() [127.0.0.14]:7777 (../lib/sbi/nghttp2-server.c:144)
07/14 11:45:15.943: [app] INFO: NSSF initialize...done (../src/nssf/app.c:31)
07/14 11:45:15.947: [nssf] INFO: [e66b7fea-223b-41ee-9734-e1658cd86137] NF registred [Heartbeat:10s] (../src/nssf/nf-sm.c:198)
Open5GS daemon v2.4.4

07/14 11:45:45.696: [app] INFO: Configuration: '/open5gs/install/etc/open5gs/nssf.yaml' (../lib/app/ogs-init.c:129)
07/14 11:45:45.696: [app] INFO: File Logging: '/open5gs/install/var/log/open5gs/nssf.log' (../lib/app/ogs-init.c:132)
07/14 11:45:45.699: [sbi] INFO: nghttp2_server() [127.0.0.14]:7777 (../lib/sbi/nghttp2-server.c:144)
07/14 11:45:45.702: [app] INFO: NSSF initialize...done (../src/nssf/app.c:31)
07/14 11:45:45.709: [nssf] INFO: [f829e44c-223b-41ee-a89f-1b566d4f6814] NF registred [Heartbeat:10s] (../src/nssf/nf-sm.c:198)
Open5GS daemon v2.4.4

07/14 11:46:30.517: [app] INFO: Configuration: '/open5gs/install/etc/open5gs/nssf.yaml' (../lib/app/ogs-init.c:129)
07/14 11:46:30.525: [app] INFO: File Logging: '/open5gs/install/var/log/open5gs/nssf.log' (../lib/app/ogs-init.c:132)
07/14 11:46:30.526: [sbi] INFO: nghttp2_server() [127.0.0.14]:7777 (../lib/sbi/nghttp2-server.c:144)
07/14 11:46:30.536: [app] INFO: NSSF initialize...done (../src/nssf/app.c:31)
07/14 11:46:30.539: [nssf] INFO: [12e232ee-223c-41ee-9580-63599afeadc2] NF registred [Heartbeat:10s] (../src/nssf/nf-sm.c:198)
Open5GS daemon v2.4.4

07/14 11:50:10.561: [app] INFO: Configuration: '/open5gs/install/etc/open5gs/nssf.yaml' (../lib/app/ogs-init.c:129)
07/14 11:50:10.562: [app] INFO: File Logging: '/open5gs/install/var/log/open5gs/nssf.log' (../lib/app/ogs-init.c:132)
07/14 11:50:10.565: [sbi] INFO: nghttp2_server() [127.0.0.14]:7777 (../lib/sbi/nghttp2-server.c:144)
07/14 11:50:10.601: [app] INFO: NSSF initialize...done (../src/nssf/app.c:31)
07/14 11:50:10.610: [nssf] INFO: [9609904a-223c-41ee-a3f9-a59044f13469] NF registred [Heartbeat:10s] (../src/nssf/nf-sm.c:198)
Open5GS daemon v2.4.4

07/14 12:15:19.877: [app] INFO: Configuration: '/open5gs/install/etc/open5gs/nssf.yaml' (../lib/app/ogs-init.c:129)
07/14 12:15:19.879: [app] INFO: File Logging: '/open5gs/install/var/log/open5gs/nssf.log' (../lib/app/ogs-init.c:132)
07/14 12:15:19.881: [sbi] INFO: nghttp2_server() [127.0.0.14]:7777 (../lib/sbi/nghttp2-server.c:144)
07/14 12:15:19.910: [app] INFO: NSSF initialize...done (../src/nssf/app.c:31)
07/14 12:15:19.911: [nssf] INFO: [19a8bb4e-2240-41ee-9b4f-375e15450e1a] NF registred [Heartbeat:10s] (../src/nssf/nf-sm.c:198)
Open5GS daemon v2.4.4

07/14 12:23:48.243: [app] INFO: Configuration: '/open5gs/install/etc/open5gs/nssf.yaml' (../lib/app/ogs-init.c:129)
07/14 12:23:48.244: [app] INFO: File Logging: '/open5gs/install/var/log/open5gs/nssf.log' (../lib/app/ogs-init.c:132)
07/14 12:23:48.250: [sbi] INFO: nghttp2_server() [127.0.0.14]:7777 (../lib/sbi/nghttp2-server.c:144)
07/14 12:23:48.278: [app] INFO: NSSF initialize...done (../src/nssf/app.c:31)
07/14 12:23:48.288: [nssf] INFO: [48abcc0a-2241-41ee-979b-13737a2d7773] NF registred [Heartbeat:10s] (../src/nssf/nf-sm.c:198)
Open5GS daemon v2.4.4

07/14 13:15:09.614: [app] INFO: Configuration: '/open5gs/install/etc/open5gs/nssf.yaml' (../lib/app/ogs-init.c:129)
07/14 13:15:09.614: [app] INFO: File Logging: '/open5gs/install/var/log/open5gs/nssf.log' (../lib/app/ogs-init.c:132)
07/14 13:15:09.639: [sbi] INFO: nghttp2_server() [127.0.0.14]:7777 (../lib/sbi/nghttp2-server.c:144)
07/14 13:15:09.655: [app] INFO: NSSF initialize...done (../src/nssf/app.c:31)
07/14 13:15:09.661: [nssf] INFO: [7550e428-2248-41ee-91e8-15dc6414773a] NF registred [Heartbeat:10s] (../src/nssf/nf-sm.c:198)
Open5GS daemon v2.4.4

07/14 13:26:54.286: [app] INFO: Configuration: '/open5gs/install/etc/open5gs/nssf.yaml' (../lib/app/ogs-init.c:129)
07/14 13:26:54.286: [app] INFO: File Logging: '/open5gs/install/var/log/open5gs/nssf.log' (../lib/app/ogs-init.c:132)
07/14 13:26:54.287: [sbi] INFO: nghttp2_server() [127.0.0.14]:7777 (../lib/sbi/nghttp2-server.c:144)
07/14 13:26:54.294: [app] INFO: NSSF initialize...done (../src/nssf/app.c:31)
07/14 13:26:54.319: [nssf] INFO: [19533e08-224a-41ee-94f2-a5eed95ac698] NF registred [Heartbeat:10s] (../src/nssf/nf-sm.c:198)
Open5GS daemon v2.4.4

07/14 13:27:39.618: [app] INFO: Configuration: '/open5gs/install/etc/open5gs/nssf.yaml' (../lib/app/ogs-init.c:129)
07/14 13:27:39.619: [app] INFO: File Logging: '/open5gs/install/var/log/open5gs/nssf.log' (../lib/app/ogs-init.c:132)
07/14 13:27:39.621: [sbi] INFO: nghttp2_server() [127.0.0.14]:7777 (../lib/sbi/nghttp2-server.c:144)
07/14 13:27:39.621: [app] INFO: NSSF initialize...done (../src/nssf/app.c:31)
07/14 13:27:39.623: [nssf] INFO: [34588988-224a-41ee-a762-77bd2a22a228] NF registred [Heartbeat:10s] (../src/nssf/nf-sm.c:198)
Open5GS daemon v2.4.4

07/14 13:28:16.592: [app] INFO: Configuration: '/open5gs/install/etc/open5gs/nssf.yaml' (../lib/app/ogs-init.c:129)
07/14 13:28:16.597: [app] INFO: File Logging: '/open5gs/install/var/log/open5gs/nssf.log' (../lib/app/ogs-init.c:132)
07/14 13:28:16.607: [sbi] INFO: nghttp2_server() [127.0.0.14]:7777 (../lib/sbi/nghttp2-server.c:144)
07/14 13:28:16.612: [app] INFO: NSSF initialize...done (../src/nssf/app.c:31)
07/14 13:28:16.619: [nssf] INFO: [4a63cd50-224a-41ee-b297-efdf960fd04c] NF registred [Heartbeat:10s] (../src/nssf/nf-sm.c:198)
Open5GS daemon v2.4.4

07/14 13:30:56.177: [app] INFO: Configuration: '/open5gs/install/etc/open5gs/nssf.yaml' (../lib/app/ogs-init.c:129)
07/14 13:30:56.178: [app] INFO: File Logging: '/open5gs/install/var/log/open5gs/nssf.log' (../lib/app/ogs-init.c:132)
07/14 13:30:56.182: [sbi] INFO: nghttp2_server() [127.0.0.14]:7777 (../lib/sbi/nghttp2-server.c:144)
07/14 13:30:56.202: [app] INFO: NSSF initialize...done (../src/nssf/app.c:31)
07/14 13:30:56.207: [nssf] INFO: [a981816a-224a-41ee-80fe-b371c341f3a9] NF registred [Heartbeat:10s] (../src/nssf/nf-sm.c:198)
Open5GS daemon v2.4.4

07/14 13:44:25.770: [app] INFO: Configuration: '/open5gs/install/etc/open5gs/nssf.yaml' (../lib/app/ogs-init.c:129)
07/14 13:44:25.772: [app] INFO: File Logging: '/open5gs/install/var/log/open5gs/nssf.log' (../lib/app/ogs-init.c:132)
07/14 13:44:25.773: [sbi] INFO: nghttp2_server() [127.0.0.14]:7777 (../lib/sbi/nghttp2-server.c:144)
07/14 13:44:25.783: [app] INFO: NSSF initialize...done (../src/nssf/app.c:31)
07/14 13:44:25.798: [nssf] INFO: [8c0f4494-224c-41ee-884e-c9dce01f148e] NF registred [Heartbeat:10s] (../src/nssf/nf-sm.c:198)
Open5GS daemon v2.4.4

07/14 13:47:24.070: [app] INFO: Configuration: '/open5gs/install/etc/open5gs/nssf.yaml' (../lib/app/ogs-init.c:129)
07/14 13:47:24.082: [app] INFO: File Logging: '/open5gs/install/var/log/open5gs/nssf.log' (../lib/app/ogs-init.c:132)
07/14 13:47:24.090: [sbi] INFO: nghttp2_server() [127.0.0.14]:7777 (../lib/sbi/nghttp2-server.c:144)
07/14 13:47:24.102: [app] INFO: NSSF initialize...done (../src/nssf/app.c:31)
07/14 13:47:24.113: [nssf] INFO: [f65745ea-224c-41ee-9a3f-3b7cc639bdf6] NF registred [Heartbeat:10s] (../src/nssf/nf-sm.c:198)
Open5GS daemon v2.4.4

07/14 13:50:27.839: [app] INFO: Configuration: '/open5gs/install/etc/open5gs/nssf.yaml' (../lib/app/ogs-init.c:129)
07/14 13:50:27.839: [app] INFO: File Logging: '/open5gs/install/var/log/open5gs/nssf.log' (../lib/app/ogs-init.c:132)
07/14 13:50:27.840: [sbi] INFO: nghttp2_server() [127.0.0.14]:7777 (../lib/sbi/nghttp2-server.c:144)
07/14 13:50:27.856: [app] INFO: NSSF initialize...done (../src/nssf/app.c:31)
07/14 13:50:27.870: [nssf] INFO: [63de48b6-224d-41ee-87b6-eb0c784a1818] NF registred [Heartbeat:10s] (../src/nssf/nf-sm.c:198)
Open5GS daemon v2.4.4

07/14 14:05:33.983: [app] INFO: Configuration: '/open5gs/install/etc/open5gs/nssf.yaml' (../lib/app/ogs-init.c:129)
07/14 14:05:33.983: [app] INFO: File Logging: '/open5gs/install/var/log/open5gs/nssf.log' (../lib/app/ogs-init.c:132)
07/14 14:05:33.986: [sbi] INFO: nghttp2_server() [127.0.0.14]:7777 (../lib/sbi/nghttp2-server.c:144)
07/14 14:05:33.987: [app] INFO: NSSF initialize...done (../src/nssf/app.c:31)
07/14 14:05:33.996: [nssf] INFO: [7ff945b2-224f-41ee-ad94-49d44376a0c7] NF registred [Heartbeat:10s] (../src/nssf/nf-sm.c:198)
Open5GS daemon v2.4.4

07/14 14:20:25.817: [app] INFO: Configuration: '/open5gs/install/etc/open5gs/nssf.yaml' (../lib/app/ogs-init.c:129)
07/14 14:20:25.817: [app] INFO: File Logging: '/open5gs/install/var/log/open5gs/nssf.log' (../lib/app/ogs-init.c:132)
07/14 14:20:25.818: [sbi] INFO: nghttp2_server() [127.0.0.14]:7777 (../lib/sbi/nghttp2-server.c:144)
07/14 14:20:25.819: [app] INFO: NSSF initialize...done (../src/nssf/app.c:31)
07/14 14:20:25.820: [nssf] INFO: [938bf884-2251-41ee-9643-3f9e5ec4a3a6] NF registred [Heartbeat:10s] (../src/nssf/nf-sm.c:198)
Open5GS daemon v2.4.4

07/14 14:21:24.066: [app] INFO: Configuration: '/open5gs/install/etc/open5gs/nssf.yaml' (../lib/app/ogs-init.c:129)
07/14 14:21:24.066: [app] INFO: File Logging: '/open5gs/install/var/log/open5gs/nssf.log' (../lib/app/ogs-init.c:132)
07/14 14:21:24.073: [sbi] INFO: nghttp2_server() [127.0.0.14]:7777 (../lib/sbi/nghttp2-server.c:144)
07/14 14:21:24.074: [app] INFO: NSSF initialize...done (../src/nssf/app.c:31)
07/14 14:21:24.096: [nssf] INFO: [b644b5fa-2251-41ee-903c-a1509c42002f] NF registred [Heartbeat:10s] (../src/nssf/nf-sm.c:198)
Open5GS daemon v2.4.4

07/14 14:42:15.006: [app] INFO: Configuration: '/open5gs/install/etc/open5gs/nssf.yaml' (../lib/app/ogs-init.c:129)
07/14 14:42:15.018: [app] INFO: File Logging: '/open5gs/install/var/log/open5gs/nssf.log' (../lib/app/ogs-init.c:132)
07/14 14:42:15.019: [sbi] INFO: nghttp2_server() [127.0.0.14]:7777 (../lib/sbi/nghttp2-server.c:144)
07/14 14:42:15.022: [app] INFO: NSSF initialize...done (../src/nssf/app.c:31)
07/14 14:42:15.039: [nssf] INFO: [9fe42ca2-2254-41ee-90b7-5f96151689ae] NF registred [Heartbeat:10s] (../src/nssf/nf-sm.c:198)
Open5GS daemon v2.4.4

07/14 14:52:31.584: [app] INFO: Configuration: '/open5gs/install/etc/open5gs/nssf.yaml' (../lib/app/ogs-init.c:129)
07/14 14:52:31.585: [app] INFO: File Logging: '/open5gs/install/var/log/open5gs/nssf.log' (../lib/app/ogs-init.c:132)
07/14 14:52:31.586: [sbi] INFO: nghttp2_server() [127.0.0.14]:7777 (../lib/sbi/nghttp2-server.c:144)
07/14 14:52:31.597: [app] INFO: NSSF initialize...done (../src/nssf/app.c:31)
07/14 14:52:31.602: [nssf] INFO: [0f64ce32-2256-41ee-84f1-85fbb6d2a0d2] NF registred [Heartbeat:10s] (../src/nssf/nf-sm.c:198)
