Open5GS daemon v2.4.4

01/12 12:58:03.464: [app] INFO: Configuration: '/open5gs/install/etc/open5gs/pcf.yaml' (../lib/app/ogs-init.c:129)
01/12 12:58:03.469: [app] INFO: File Logging: '/open5gs/install/var/log/open5gs/pcf.log' (../lib/app/ogs-init.c:132)
01/12 12:58:03.630: [dbi] INFO: MongoDB URI: 'mongodb://localhost/open5gs' (../lib/dbi/ogs-mongoc.c:130)
01/12 12:58:03.631: [sbi] INFO: nghttp2_server() [127.0.0.13]:7777 (../lib/sbi/nghttp2-server.c:144)
01/12 12:58:03.633: [app] INFO: PCF initialize...done (../src/pcf/app.c:31)
01/12 12:58:03.674: [pcf] INFO: [c0160660-9278-41ed-9ebb-fffd726b7cc5] NF registred [Heartbeat:10s] (../src/pcf/nf-sm.c:198)
Open5GS daemon v2.4.4

01/12 13:01:03.741: [app] INFO: Configuration: '/open5gs/install/etc/open5gs/pcf.yaml' (../lib/app/ogs-init.c:129)
01/12 13:01:03.741: [app] INFO: File Logging: '/open5gs/install/var/log/open5gs/pcf.log' (../lib/app/ogs-init.c:132)
01/12 13:01:03.790: [dbi] INFO: MongoDB URI: 'mongodb://localhost/open5gs' (../lib/dbi/ogs-mongoc.c:130)
01/12 13:01:03.791: [sbi] INFO: nghttp2_server() [127.0.0.13]:7777 (../lib/sbi/nghttp2-server.c:144)
01/12 13:01:03.803: [app] INFO: PCF initialize...done (../src/pcf/app.c:31)
01/12 13:01:03.806: [pcf] INFO: [2b8f00cc-9279-41ed-9dad-3bf7022bc5a7] NF registred [Heartbeat:10s] (../src/pcf/nf-sm.c:198)
01/12 13:01:26.844: [app] WARNING: Try to discover [UDR] (../lib/sbi/path.c:110)
01/12 13:01:26.846: [pcf] INFO: [2b8775dc-9279-41ed-b604-a9d3e8a7bbff] (NF-discover) NF registered (../src/pcf/nnrf-handler.c:286)
01/12 13:01:26.847: [pcf] INFO: [2b8775dc-9279-41ed-b604-a9d3e8a7bbff] (NF-discover) NF Profile updated (../src/pcf/nnrf-handler.c:346)
01/12 13:01:27.366: [app] WARNING: Try to discover [BSF] (../lib/sbi/path.c:110)
01/12 13:01:27.368: [pcf] INFO: [2b8de958-9279-41ed-b643-0de5784d33b2] (NF-discover) NF registered (../src/pcf/nnrf-handler.c:286)
01/12 13:01:27.368: [pcf] INFO: [2b8de958-9279-41ed-b643-0de5784d33b2] (NF-discover) NF Profile updated (../src/pcf/nnrf-handler.c:346)
Open5GS daemon v2.4.4

01/13 13:17:37.109: [app] INFO: Configuration: '/open5gs/install/etc/open5gs/pcf.yaml' (../lib/app/ogs-init.c:129)
01/13 13:17:37.109: [app] INFO: File Logging: '/open5gs/install/var/log/open5gs/pcf.log' (../lib/app/ogs-init.c:132)
01/13 13:17:37.167: [dbi] INFO: MongoDB URI: 'mongodb://localhost/open5gs' (../lib/dbi/ogs-mongoc.c:130)
01/13 13:17:37.168: [sbi] INFO: nghttp2_server() [127.0.0.13]:7777 (../lib/sbi/nghttp2-server.c:144)
01/13 13:17:37.170: [app] INFO: PCF initialize...done (../src/pcf/app.c:31)
01/13 13:17:37.181: [pcf] INFO: [a60abd34-9344-41ed-98d6-05add2da5d07] NF registred [Heartbeat:10s] (../src/pcf/nf-sm.c:198)
01/13 13:17:37.199: [pcf] INFO: [a6116382-9344-41ed-9608-639146f145b9] (NRF-notify) NF registered (../src/pcf/nnrf-handler.c:180)
01/13 13:17:37.199: [pcf] INFO: [a6116382-9344-41ed-9608-639146f145b9] (NRF-notify) NF Profile updated (../src/pcf/nnrf-handler.c:199)
Open5GS daemon v2.4.4

01/13 13:21:09.975: [app] INFO: Configuration: '/open5gs/install/etc/open5gs/pcf.yaml' (../lib/app/ogs-init.c:129)
01/13 13:21:09.976: [app] INFO: File Logging: '/open5gs/install/var/log/open5gs/pcf.log' (../lib/app/ogs-init.c:132)
01/13 13:21:10.001: [dbi] INFO: MongoDB URI: 'mongodb://localhost/open5gs' (../lib/dbi/ogs-mongoc.c:130)
01/13 13:21:10.004: [sbi] INFO: nghttp2_server() [127.0.0.13]:7777 (../lib/sbi/nghttp2-server.c:144)
01/13 13:21:10.016: [app] INFO: PCF initialize...done (../src/pcf/app.c:31)
01/13 13:21:10.017: [pcf] INFO: [24eb60b8-9345-41ed-bf31-253f8ae8c3c8] NF registred [Heartbeat:10s] (../src/pcf/nf-sm.c:198)
01/13 13:21:36.357: [app] WARNING: Try to discover [UDR] (../lib/sbi/path.c:110)
01/13 13:21:36.359: [pcf] INFO: [24ec8902-9345-41ed-ac99-178f576c796b] (NF-discover) NF registered (../src/pcf/nnrf-handler.c:286)
01/13 13:21:36.361: [pcf] INFO: [24ec8902-9345-41ed-ac99-178f576c796b] (NF-discover) NF Profile updated (../src/pcf/nnrf-handler.c:346)
01/13 13:21:36.907: [app] WARNING: Try to discover [BSF] (../lib/sbi/path.c:110)
01/13 13:21:36.909: [pcf] INFO: [24e96100-9345-41ed-b779-6b89512e6f88] (NF-discover) NF registered (../src/pcf/nnrf-handler.c:286)
01/13 13:21:36.909: [pcf] INFO: [24e96100-9345-41ed-b779-6b89512e6f88] (NF-discover) NF Profile updated (../src/pcf/nnrf-handler.c:346)
Open5GS daemon v2.4.4

01/13 13:31:33.583: [app] INFO: Configuration: '/open5gs/install/etc/open5gs/pcf.yaml' (../lib/app/ogs-init.c:129)
01/13 13:31:33.583: [app] INFO: File Logging: '/open5gs/install/var/log/open5gs/pcf.log' (../lib/app/ogs-init.c:132)
01/13 13:31:33.596: [dbi] INFO: MongoDB URI: 'mongodb://localhost/open5gs' (../lib/dbi/ogs-mongoc.c:130)
01/13 13:31:33.596: [sbi] INFO: nghttp2_server() [127.0.0.13]:7777 (../lib/sbi/nghttp2-server.c:144)
01/13 13:31:33.597: [app] INFO: PCF initialize...done (../src/pcf/app.c:31)
01/13 13:31:33.600: [pcf] INFO: [989e0c6c-9346-41ed-bd11-6d8e6b861967] NF registred [Heartbeat:10s] (../src/pcf/nf-sm.c:198)
01/13 13:31:59.398: [app] WARNING: Try to discover [UDR] (../lib/sbi/path.c:110)
01/13 13:31:59.399: [pcf] INFO: [989d088a-9346-41ed-805d-37ab4e379c6c] (NF-discover) NF registered (../src/pcf/nnrf-handler.c:286)
01/13 13:31:59.400: [pcf] INFO: [989d088a-9346-41ed-805d-37ab4e379c6c] (NF-discover) NF Profile updated (../src/pcf/nnrf-handler.c:346)
01/13 13:31:59.894: [app] WARNING: Try to discover [BSF] (../lib/sbi/path.c:110)
01/13 13:31:59.896: [pcf] INFO: [989ac1ba-9346-41ed-8475-0fd4163d85ef] (NF-discover) NF registered (../src/pcf/nnrf-handler.c:286)
01/13 13:31:59.897: [pcf] INFO: [989ac1ba-9346-41ed-8475-0fd4163d85ef] (NF-discover) NF Profile updated (../src/pcf/nnrf-handler.c:346)
01/13 14:31:59.410: [pcf] INFO: [989d088a-9346-41ed-805d-37ab4e379c6c] NF expired (../src/pcf/nf-sm.c:294)
01/13 14:31:59.897: [pcf] INFO: [989ac1ba-9346-41ed-8475-0fd4163d85ef] NF expired (../src/pcf/nf-sm.c:294)
Open5GS daemon v2.4.4

01/31 16:42:01.356: [app] INFO: Configuration: '/open5gs/install/etc/open5gs/pcf.yaml' (../lib/app/ogs-init.c:129)
01/31 16:42:01.357: [app] INFO: File Logging: '/open5gs/install/var/log/open5gs/pcf.log' (../lib/app/ogs-init.c:132)
01/31 16:42:01.381: [dbi] INFO: MongoDB URI: 'mongodb://localhost/open5gs' (../lib/dbi/ogs-mongoc.c:130)
01/31 16:42:01.381: [sbi] INFO: nghttp2_server() [127.0.0.13]:7777 (../lib/sbi/nghttp2-server.c:144)
01/31 16:42:01.382: [app] INFO: PCF initialize...done (../src/pcf/app.c:31)
01/31 16:42:01.387: [pcf] INFO: [2f8978bc-a186-41ed-9423-15aa96ccd662] NF registred [Heartbeat:10s] (../src/pcf/nf-sm.c:198)
01/31 16:42:36.630: [app] INFO: SIGHUP received (../src/main.c:58)
Open5GS daemon v2.4.4

01/31 16:43:07.284: [app] INFO: Configuration: '/open5gs/install/etc/open5gs/pcf.yaml' (../lib/app/ogs-init.c:129)
01/31 16:43:07.284: [app] INFO: File Logging: '/open5gs/install/var/log/open5gs/pcf.log' (../lib/app/ogs-init.c:132)
01/31 16:43:07.298: [dbi] INFO: MongoDB URI: 'mongodb://localhost/open5gs' (../lib/dbi/ogs-mongoc.c:130)
01/31 16:43:07.299: [sbi] INFO: nghttp2_server() [127.0.0.13]:7777 (../lib/sbi/nghttp2-server.c:144)
01/31 16:43:07.300: [app] INFO: PCF initialize...done (../src/pcf/app.c:31)
01/31 16:43:07.303: [pcf] INFO: [56d53f28-a186-41ed-a3f5-2d62627e4f90] NF registred [Heartbeat:10s] (../src/pcf/nf-sm.c:198)
Open5GS daemon v2.4.4

01/31 16:46:46.904: [app] INFO: Configuration: '/open5gs/install/etc/open5gs/pcf.yaml' (../lib/app/ogs-init.c:129)
01/31 16:46:46.904: [app] INFO: File Logging: '/open5gs/install/var/log/open5gs/pcf.log' (../lib/app/ogs-init.c:132)
01/31 16:46:46.920: [dbi] INFO: MongoDB URI: 'mongodb://localhost/open5gs' (../lib/dbi/ogs-mongoc.c:130)
01/31 16:46:46.920: [sbi] INFO: nghttp2_server() [127.0.0.13]:7777 (../lib/sbi/nghttp2-server.c:144)
01/31 16:46:46.923: [app] INFO: PCF initialize...done (../src/pcf/app.c:31)
01/31 16:46:46.930: [pcf] INFO: [d9bd1dac-a186-41ed-b7db-8da3c5d668e5] NF registred [Heartbeat:10s] (../src/pcf/nf-sm.c:198)
Open5GS daemon v2.4.4

01/31 16:49:21.897: [app] INFO: Configuration: '/open5gs/install/etc/open5gs/pcf.yaml' (../lib/app/ogs-init.c:129)
01/31 16:49:21.898: [app] INFO: File Logging: '/open5gs/install/var/log/open5gs/pcf.log' (../lib/app/ogs-init.c:132)
01/31 16:49:21.944: [dbi] INFO: MongoDB URI: 'mongodb://localhost/open5gs' (../lib/dbi/ogs-mongoc.c:130)
01/31 16:49:21.944: [sbi] INFO: nghttp2_server() [127.0.0.13]:7777 (../lib/sbi/nghttp2-server.c:144)
01/31 16:49:21.957: [app] INFO: PCF initialize...done (../src/pcf/app.c:31)
01/31 16:49:21.967: [pcf] INFO: [3621b990-a187-41ed-a22e-a78793ef10f0] NF registred [Heartbeat:10s] (../src/pcf/nf-sm.c:198)
01/31 16:49:21.985: [pcf] INFO: [3626eca8-a187-41ed-bb8b-75cf369948ec] (NRF-notify) NF registered (../src/pcf/nnrf-handler.c:180)
01/31 16:49:21.987: [pcf] INFO: [3626eca8-a187-41ed-bb8b-75cf369948ec] (NRF-notify) NF Profile updated (../src/pcf/nnrf-handler.c:199)
01/31 16:49:21.989: [pcf] INFO: [3626aef0-a187-41ed-a364-c162e7358676] (NRF-notify) NF registered (../src/pcf/nnrf-handler.c:180)
01/31 16:49:21.989: [pcf] INFO: [3626aef0-a187-41ed-a364-c162e7358676] (NRF-notify) NF Profile updated (../src/pcf/nnrf-handler.c:199)
Open5GS daemon v2.4.4

01/31 17:01:28.225: [app] INFO: Configuration: '/open5gs/install/etc/open5gs/pcf.yaml' (../lib/app/ogs-init.c:129)
01/31 17:01:28.226: [app] INFO: File Logging: '/open5gs/install/var/log/open5gs/pcf.log' (../lib/app/ogs-init.c:132)
01/31 17:01:28.285: [dbi] INFO: MongoDB URI: 'mongodb://localhost/open5gs' (../lib/dbi/ogs-mongoc.c:130)
01/31 17:01:28.287: [sbi] INFO: nghttp2_server() [127.0.0.13]:7777 (../lib/sbi/nghttp2-server.c:144)
01/31 17:01:28.299: [app] INFO: PCF initialize...done (../src/pcf/app.c:31)
01/31 17:01:28.304: [pcf] INFO: [e70e73aa-a188-41ed-a85d-51f2bef0dc54] NF registred [Heartbeat:10s] (../src/pcf/nf-sm.c:198)
01/31 17:01:28.393: [pcf] INFO: [e711c9ba-a188-41ed-8dd8-6125de29451e] (NRF-notify) NF registered (../src/pcf/nnrf-handler.c:180)
01/31 17:01:28.394: [pcf] INFO: [e711c9ba-a188-41ed-8dd8-6125de29451e] (NRF-notify) NF Profile updated (../src/pcf/nnrf-handler.c:199)
Open5GS daemon v2.4.4

01/31 17:03:17.908: [app] INFO: Configuration: '/open5gs/install/etc/open5gs/pcf.yaml' (../lib/app/ogs-init.c:129)
01/31 17:03:17.909: [app] INFO: File Logging: '/open5gs/install/var/log/open5gs/pcf.log' (../lib/app/ogs-init.c:132)
01/31 17:03:17.928: [dbi] INFO: MongoDB URI: 'mongodb://localhost/open5gs' (../lib/dbi/ogs-mongoc.c:130)
01/31 17:03:17.934: [sbi] INFO: nghttp2_server() [127.0.0.13]:7777 (../lib/sbi/nghttp2-server.c:144)
01/31 17:03:17.935: [app] INFO: PCF initialize...done (../src/pcf/app.c:31)
01/31 17:03:17.950: [pcf] INFO: [286ce9ee-a189-41ed-a7fb-637fa83886d0] NF registred [Heartbeat:10s] (../src/pcf/nf-sm.c:198)
01/31 17:03:44.717: [app] WARNING: Try to discover [UDR] (../lib/sbi/path.c:110)
01/31 17:03:44.719: [pcf] INFO: [2866b510-a189-41ed-bc03-f1fa78a76643] (NF-discover) NF registered (../src/pcf/nnrf-handler.c:286)
01/31 17:03:44.721: [pcf] INFO: [2866b510-a189-41ed-bc03-f1fa78a76643] (NF-discover) NF Profile updated (../src/pcf/nnrf-handler.c:346)
01/31 17:03:45.282: [app] WARNING: Try to discover [BSF] (../lib/sbi/path.c:110)
01/31 17:03:45.283: [app] WARNING: Try to discover [BSF] (../lib/sbi/path.c:110)
01/31 17:03:45.284: [pcf] INFO: [285ebefa-a189-41ed-8e67-4d25a604a4d9] (NF-discover) NF registered (../src/pcf/nnrf-handler.c:286)
01/31 17:03:45.285: [pcf] INFO: [285ebefa-a189-41ed-8e67-4d25a604a4d9] (NF-discover) NF Profile updated (../src/pcf/nnrf-handler.c:346)
01/31 17:03:45.288: [pcf] WARNING: [285ebefa-a189-41ed-8e67-4d25a604a4d9] (NF-discover) NF has already been added (../src/pcf/nnrf-handler.c:291)
01/31 17:03:45.291: [pcf] INFO: [285ebefa-a189-41ed-8e67-4d25a604a4d9] (NF-discover) NF Profile updated (../src/pcf/nnrf-handler.c:346)
Open5GS daemon v2.4.4

02/03 11:38:09.832: [app] INFO: Configuration: '/open5gs/install/etc/open5gs/pcf.yaml' (../lib/app/ogs-init.c:129)
02/03 11:38:09.833: [app] INFO: File Logging: '/open5gs/install/var/log/open5gs/pcf.log' (../lib/app/ogs-init.c:132)
02/03 11:38:09.875: [dbi] INFO: MongoDB URI: 'mongodb://localhost/open5gs' (../lib/dbi/ogs-mongoc.c:130)
02/03 11:38:09.875: [sbi] INFO: nghttp2_server() [127.0.0.13]:7777 (../lib/sbi/nghttp2-server.c:144)
02/03 11:38:09.877: [app] INFO: PCF initialize...done (../src/pcf/app.c:31)
02/03 11:38:09.880: [pcf] INFO: [3bf1da8a-a3b7-41ed-a0ea-a5859535f4bc] NF registred [Heartbeat:10s] (../src/pcf/nf-sm.c:198)
02/03 11:38:09.894: [pcf] INFO: [3bf5b790-a3b7-41ed-8237-3fd9e9595f15] (NRF-notify) NF registered (../src/pcf/nnrf-handler.c:180)
02/03 11:38:09.895: [pcf] INFO: [3bf5b790-a3b7-41ed-8237-3fd9e9595f15] (NRF-notify) NF Profile updated (../src/pcf/nnrf-handler.c:199)
Open5GS daemon v2.4.4

02/03 11:40:09.115: [app] INFO: Configuration: '/open5gs/install/etc/open5gs/pcf.yaml' (../lib/app/ogs-init.c:129)
02/03 11:40:09.118: [app] INFO: File Logging: '/open5gs/install/var/log/open5gs/pcf.log' (../lib/app/ogs-init.c:132)
02/03 11:40:09.130: [dbi] INFO: MongoDB URI: 'mongodb://localhost/open5gs' (../lib/dbi/ogs-mongoc.c:130)
02/03 11:40:09.130: [sbi] INFO: nghttp2_server() [127.0.0.13]:7777 (../lib/sbi/nghttp2-server.c:144)
02/03 11:40:09.131: [app] INFO: PCF initialize...done (../src/pcf/app.c:31)
02/03 11:40:09.135: [pcf] INFO: [830abb30-a3b7-41ed-9864-8723a9c0608c] NF registred [Heartbeat:10s] (../src/pcf/nf-sm.c:198)
02/03 11:40:32.615: [app] WARNING: Try to discover [UDR] (../lib/sbi/path.c:110)
02/03 11:40:32.617: [pcf] INFO: [83090240-a3b7-41ed-82d9-ab8492b5aa44] (NF-discover) NF registered (../src/pcf/nnrf-handler.c:286)
02/03 11:40:32.618: [pcf] INFO: [83090240-a3b7-41ed-82d9-ab8492b5aa44] (NF-discover) NF Profile updated (../src/pcf/nnrf-handler.c:346)
02/03 11:40:33.122: [app] WARNING: Try to discover [BSF] (../lib/sbi/path.c:110)
02/03 11:40:33.124: [pcf] INFO: [82f9070a-a3b7-41ed-951b-113b74c4e5d5] (NF-discover) NF registered (../src/pcf/nnrf-handler.c:286)
02/03 11:40:33.125: [pcf] INFO: [82f9070a-a3b7-41ed-951b-113b74c4e5d5] (NF-discover) NF Profile updated (../src/pcf/nnrf-handler.c:346)
02/03 15:56:32.792: [pcf] INFO: [83090240-a3b7-41ed-82d9-ab8492b5aa44] NF expired (../src/pcf/nf-sm.c:294)
02/03 15:56:33.292: [pcf] INFO: [82f9070a-a3b7-41ed-951b-113b74c4e5d5] NF expired (../src/pcf/nf-sm.c:294)
