Open5GS daemon v2.4.4

06/11 10:27:53.117: [app] INFO: Configuration: '/open5gs/install/etc/open5gs/udm.yaml' (../lib/app/ogs-init.c:129)
06/11 10:27:53.117: [app] INFO: File Logging: '/open5gs/install/var/log/open5gs/udm.log' (../lib/app/ogs-init.c:132)
06/11 10:27:53.121: [sbi] INFO: nghttp2_server() [127.0.0.12]:7777 (../lib/sbi/nghttp2-server.c:144)
06/11 10:27:53.131: [app] INFO: UDM initialize...done (../src/udm/app.c:31)
06/11 10:27:53.149: [udm] INFO: [9f759584-0842-41ee-bb13-fd4db4c3e380] NF registred [Heartbeat:10s] (../src/udm/nf-sm.c:198)
Open5GS daemon v2.4.4

06/11 10:29:23.427: [app] INFO: Configuration: '/open5gs/install/etc/open5gs/udm.yaml' (../lib/app/ogs-init.c:129)
06/11 10:29:23.427: [app] INFO: File Logging: '/open5gs/install/var/log/open5gs/udm.log' (../lib/app/ogs-init.c:132)
06/11 10:29:23.429: [sbi] INFO: nghttp2_server() [127.0.0.12]:7777 (../lib/sbi/nghttp2-server.c:144)
06/11 10:29:23.436: [app] INFO: UDM initialize...done (../src/udm/app.c:31)
06/11 10:29:23.444: [udm] INFO: [d549680c-0842-41ee-be3a-871c61e93114] NF registred [Heartbeat:10s] (../src/udm/nf-sm.c:198)
Open5GS daemon v2.4.4

06/11 10:38:34.872: [app] INFO: Configuration: '/open5gs/install/etc/open5gs/udm.yaml' (../lib/app/ogs-init.c:129)
06/11 10:38:34.872: [app] INFO: File Logging: '/open5gs/install/var/log/open5gs/udm.log' (../lib/app/ogs-init.c:132)
06/11 10:38:34.873: [sbi] INFO: nghttp2_server() [127.0.0.12]:7777 (../lib/sbi/nghttp2-server.c:144)
06/11 10:38:34.881: [app] INFO: UDM initialize...done (../src/udm/app.c:31)
06/11 10:38:34.887: [udm] INFO: [1df93cca-0844-41ee-8472-d96ce9d19110] NF registred [Heartbeat:10s] (../src/udm/nf-sm.c:198)
Open5GS daemon v2.4.4

06/11 13:15:54.497: [app] INFO: Configuration: '/open5gs/install/etc/open5gs/udm.yaml' (../lib/app/ogs-init.c:129)
06/11 13:15:54.498: [app] INFO: File Logging: '/open5gs/install/var/log/open5gs/udm.log' (../lib/app/ogs-init.c:132)
06/11 13:15:54.498: [sbi] INFO: nghttp2_server() [127.0.0.12]:7777 (../lib/sbi/nghttp2-server.c:144)
06/11 13:15:54.513: [app] INFO: UDM initialize...done (../src/udm/app.c:31)
06/11 13:15:54.539: [udm] INFO: [186dbf22-085a-41ee-a5af-49594c38bf39] NF registred [Heartbeat:10s] (../src/udm/nf-sm.c:198)
06/11 13:15:54.626: [udm] INFO: [187d0298-085a-41ee-bbf3-cf01663dd94e] (NRF-notify) NF registered (../src/udm/nnrf-handler.c:180)
06/11 13:15:54.629: [udm] INFO: [187d0298-085a-41ee-bbf3-cf01663dd94e] (NRF-notify) NF Profile updated (../src/udm/nnrf-handler.c:199)
Open5GS daemon v2.4.4

06/11 13:16:32.681: [app] INFO: Configuration: '/open5gs/install/etc/open5gs/udm.yaml' (../lib/app/ogs-init.c:129)
06/11 13:16:32.682: [app] INFO: File Logging: '/open5gs/install/var/log/open5gs/udm.log' (../lib/app/ogs-init.c:132)
06/11 13:16:32.683: [sbi] INFO: nghttp2_server() [127.0.0.12]:7777 (../lib/sbi/nghttp2-server.c:144)
06/11 13:16:32.684: [app] INFO: UDM initialize...done (../src/udm/app.c:31)
06/11 13:16:32.696: [udm] INFO: [2f3043e2-085a-41ee-9d3d-e5ad24a08816] NF registred [Heartbeat:10s] (../src/udm/nf-sm.c:198)
06/11 13:16:55.265: [app] WARNING: Try to discover [UDR] (../lib/sbi/path.c:110)
06/11 13:16:55.268: [udm] INFO: [2f2c8310-085a-41ee-8c93-67d9e0f69872] (NF-discover) NF registered (../src/udm/nnrf-handler.c:284)
06/11 13:16:55.269: [udm] INFO: [2f2c8310-085a-41ee-8c93-67d9e0f69872] (NF-discover) NF Profile updated (../src/udm/nnrf-handler.c:330)
Open5GS daemon v2.4.4

06/11 13:33:18.483: [app] INFO: Configuration: '/open5gs/install/etc/open5gs/udm.yaml' (../lib/app/ogs-init.c:129)
06/11 13:33:18.484: [app] INFO: File Logging: '/open5gs/install/var/log/open5gs/udm.log' (../lib/app/ogs-init.c:132)
06/11 13:33:18.487: [sbi] INFO: nghttp2_server() [127.0.0.12]:7777 (../lib/sbi/nghttp2-server.c:144)
06/11 13:33:18.495: [app] INFO: UDM initialize...done (../src/udm/app.c:31)
06/11 13:33:18.508: [udm] INFO: [86b1a050-085c-41ee-93b0-858a5312869e] NF registred [Heartbeat:10s] (../src/udm/nf-sm.c:198)
06/11 13:33:18.536: [udm] INFO: [86b671e8-085c-41ee-a22c-c751938cb39d] (NRF-notify) NF registered (../src/udm/nnrf-handler.c:180)
06/11 13:33:18.538: [udm] INFO: [86b671e8-085c-41ee-a22c-c751938cb39d] (NRF-notify) NF Profile updated (../src/udm/nnrf-handler.c:199)
Open5GS daemon v2.4.4

06/11 13:38:56.941: [app] INFO: Configuration: '/open5gs/install/etc/open5gs/udm.yaml' (../lib/app/ogs-init.c:129)
06/11 13:38:56.946: [app] INFO: File Logging: '/open5gs/install/var/log/open5gs/udm.log' (../lib/app/ogs-init.c:132)
06/11 13:38:56.948: [sbi] INFO: nghttp2_server() [127.0.0.12]:7777 (../lib/sbi/nghttp2-server.c:144)
06/11 13:38:56.976: [app] INFO: UDM initialize...done (../src/udm/app.c:31)
06/11 13:38:56.981: [udm] INFO: [506ebe82-085d-41ee-a2b9-7daf5040f3f6] NF registred [Heartbeat:10s] (../src/udm/nf-sm.c:198)
06/11 13:38:57.024: [udm] INFO: [5077d27e-085d-41ee-b8a7-effc58b1acd4] (NRF-notify) NF registered (../src/udm/nnrf-handler.c:180)
06/11 13:38:57.024: [udm] INFO: [5077d27e-085d-41ee-b8a7-effc58b1acd4] (NRF-notify) NF Profile updated (../src/udm/nnrf-handler.c:199)
Open5GS daemon v2.4.4

06/11 13:47:02.476: [app] INFO: Configuration: '/open5gs/install/etc/open5gs/udm.yaml' (../lib/app/ogs-init.c:129)
06/11 13:47:02.477: [app] INFO: File Logging: '/open5gs/install/var/log/open5gs/udm.log' (../lib/app/ogs-init.c:132)
06/11 13:47:02.478: [sbi] INFO: nghttp2_server() [127.0.0.12]:7777 (../lib/sbi/nghttp2-server.c:144)
06/11 13:47:02.495: [app] INFO: UDM initialize...done (../src/udm/app.c:31)
06/11 13:47:02.500: [udm] INFO: [71d4bfa8-085e-41ee-992e-cd2353780054] NF registred [Heartbeat:10s] (../src/udm/nf-sm.c:198)
06/11 13:47:02.505: [udm] INFO: [71d4ea3c-085e-41ee-8427-4f92bcd3baa4] (NRF-notify) NF registered (../src/udm/nnrf-handler.c:180)
06/11 13:47:02.505: [udm] INFO: [71d4ea3c-085e-41ee-8427-4f92bcd3baa4] (NRF-notify) NF Profile updated (../src/udm/nnrf-handler.c:199)
Open5GS daemon v2.4.4

<<<<<<< Updated upstream
06/11 15:26:55.514: [app] INFO: Configuration: '/open5gs/install/etc/open5gs/udm.yaml' (../lib/app/ogs-init.c:129)
06/11 15:26:55.515: [app] INFO: File Logging: '/open5gs/install/var/log/open5gs/udm.log' (../lib/app/ogs-init.c:132)
06/11 15:26:55.518: [sbi] INFO: nghttp2_server() [127.0.0.12]:7777 (../lib/sbi/nghttp2-server.c:144)
06/11 15:26:55.525: [app] INFO: UDM initialize...done (../src/udm/app.c:31)
06/11 15:26:55.528: [udm] INFO: [65f5c94e-086c-41ee-8e34-951c868c62ed] NF registred [Heartbeat:10s] (../src/udm/nf-sm.c:198)
06/11 15:26:55.572: [udm] INFO: [65fab3b4-086c-41ee-b9fa-81d969de981b] (NRF-notify) NF registered (../src/udm/nnrf-handler.c:180)
06/11 15:26:55.573: [udm] INFO: [65fab3b4-086c-41ee-b9fa-81d969de981b] (NRF-notify) NF Profile updated (../src/udm/nnrf-handler.c:199)
=======
06/11 15:10:48.060: [app] INFO: Configuration: '/open5gs/install/etc/open5gs/udm.yaml' (../lib/app/ogs-init.c:129)
06/11 15:10:48.061: [app] INFO: File Logging: '/open5gs/install/var/log/open5gs/udm.log' (../lib/app/ogs-init.c:132)
06/11 15:10:48.062: [sbi] INFO: nghttp2_server() [127.0.0.12]:7777 (../lib/sbi/nghttp2-server.c:144)
06/11 15:10:48.067: [app] INFO: UDM initialize...done (../src/udm/app.c:31)
06/11 15:10:48.075: [udm] INFO: [25500050-086a-41ee-8976-513c680cb090] NF registred [Heartbeat:10s] (../src/udm/nf-sm.c:198)
06/11 15:10:48.104: [udm] INFO: [25551d38-086a-41ee-a347-5dce4d27c06b] (NRF-notify) NF registered (../src/udm/nnrf-handler.c:180)
06/11 15:10:48.104: [udm] INFO: [25551d38-086a-41ee-a347-5dce4d27c06b] (NRF-notify) NF Profile updated (../src/udm/nnrf-handler.c:199)
>>>>>>> Stashed changes
Open5GS daemon v2.4.4

06/11 17:36:54.631: [app] INFO: Configuration: '/open5gs/install/etc/open5gs/udm.yaml' (../lib/app/ogs-init.c:129)
06/11 17:36:54.632: [app] INFO: File Logging: '/open5gs/install/var/log/open5gs/udm.log' (../lib/app/ogs-init.c:132)
06/11 17:36:54.639: [sbi] INFO: nghttp2_server() [127.0.0.12]:7777 (../lib/sbi/nghttp2-server.c:144)
06/11 17:36:54.653: [app] INFO: UDM initialize...done (../src/udm/app.c:31)
06/11 17:36:54.654: [udm] INFO: [8e991268-087e-41ee-af3a-c387d40b9382] NF registred [Heartbeat:10s] (../src/udm/nf-sm.c:198)
06/11 17:36:54.672: [udm] INFO: [8e97365a-087e-41ee-8553-39dd394fad11] (NRF-notify) NF registered (../src/udm/nnrf-handler.c:180)
06/11 17:36:54.673: [udm] INFO: [8e97365a-087e-41ee-8553-39dd394fad11] (NRF-notify) NF Profile updated (../src/udm/nnrf-handler.c:199)
Open5GS daemon v2.4.4

06/12 18:26:05.731: [app] INFO: Configuration: '/open5gs/install/etc/open5gs/udm.yaml' (../lib/app/ogs-init.c:129)
06/12 18:26:05.731: [app] INFO: File Logging: '/open5gs/install/var/log/open5gs/udm.log' (../lib/app/ogs-init.c:132)
06/12 18:26:05.737: [sbi] INFO: nghttp2_server() [127.0.0.12]:7777 (../lib/sbi/nghttp2-server.c:144)
06/12 18:26:05.744: [app] INFO: UDM initialize...done (../src/udm/app.c:31)
06/12 18:26:05.748: [udm] INFO: [98007dca-094e-41ee-a8c6-9baeaa7d2495] NF registred [Heartbeat:10s] (../src/udm/nf-sm.c:198)
06/12 18:26:05.814: [udm] INFO: [980b0592-094e-41ee-8840-c59988993479] (NRF-notify) NF registered (../src/udm/nnrf-handler.c:180)
06/12 18:26:05.814: [udm] INFO: [980b0592-094e-41ee-8840-c59988993479] (NRF-notify) NF Profile updated (../src/udm/nnrf-handler.c:199)
Open5GS daemon v2.4.4

06/12 18:26:40.495: [app] INFO: Configuration: '/open5gs/install/etc/open5gs/udm.yaml' (../lib/app/ogs-init.c:129)
06/12 18:26:40.495: [app] INFO: File Logging: '/open5gs/install/var/log/open5gs/udm.log' (../lib/app/ogs-init.c:132)
06/12 18:26:40.496: [sbi] INFO: nghttp2_server() [127.0.0.12]:7777 (../lib/sbi/nghttp2-server.c:144)
06/12 18:26:40.500: [app] INFO: UDM initialize...done (../src/udm/app.c:31)
06/12 18:26:40.507: [udm] INFO: [acb8ebb2-094e-41ee-9781-61ba5f944a96] NF registred [Heartbeat:10s] (../src/udm/nf-sm.c:198)
06/12 18:26:40.533: [udm] INFO: [acbc8d94-094e-41ee-ada1-7ff4f15f770a] (NRF-notify) NF registered (../src/udm/nnrf-handler.c:180)
06/12 18:26:40.534: [udm] INFO: [acbc8d94-094e-41ee-ada1-7ff4f15f770a] (NRF-notify) NF Profile updated (../src/udm/nnrf-handler.c:199)
06/12 18:27:27.372: [app] INFO: SIGHUP received (../src/main.c:58)
Open5GS daemon v2.4.4

06/12 18:37:02.654: [app] INFO: Configuration: '/open5gs/install/etc/open5gs/udm.yaml' (../lib/app/ogs-init.c:129)
06/12 18:37:02.655: [app] INFO: File Logging: '/open5gs/install/var/log/open5gs/udm.log' (../lib/app/ogs-init.c:132)
06/12 18:37:02.667: [sbi] INFO: nghttp2_server() [127.0.0.12]:7777 (../lib/sbi/nghttp2-server.c:144)
06/12 18:37:02.672: [app] INFO: UDM initialize...done (../src/udm/app.c:31)
06/12 18:37:02.686: [udm] INFO: [1f903630-0950-41ee-b308-a7af9112a1f1] NF registred [Heartbeat:10s] (../src/udm/nf-sm.c:198)
06/12 18:37:02.702: [udm] INFO: [1f938cfe-0950-41ee-b7ba-bd0ce76439dd] (NRF-notify) NF registered (../src/udm/nnrf-handler.c:180)
06/12 18:37:02.702: [udm] INFO: [1f938cfe-0950-41ee-b7ba-bd0ce76439dd] (NRF-notify) NF Profile updated (../src/udm/nnrf-handler.c:199)
Open5GS daemon v2.4.4

06/12 18:48:09.815: [app] INFO: Configuration: '/open5gs/install/etc/open5gs/udm.yaml' (../lib/app/ogs-init.c:129)
06/12 18:48:09.815: [app] INFO: File Logging: '/open5gs/install/var/log/open5gs/udm.log' (../lib/app/ogs-init.c:132)
06/12 18:48:09.816: [sbi] INFO: nghttp2_server() [127.0.0.12]:7777 (../lib/sbi/nghttp2-server.c:144)
06/12 18:48:09.817: [app] INFO: UDM initialize...done (../src/udm/app.c:31)
06/12 18:48:09.835: [udm] INFO: [ad378334-0951-41ee-a5e5-d7db13ca74d8] NF registred [Heartbeat:10s] (../src/udm/nf-sm.c:198)
06/12 18:48:09.851: [udm] INFO: [ad392b6c-0951-41ee-9f98-3956f2857387] (NRF-notify) NF registered (../src/udm/nnrf-handler.c:180)
06/12 18:48:09.852: [udm] INFO: [ad392b6c-0951-41ee-9f98-3956f2857387] (NRF-notify) NF Profile updated (../src/udm/nnrf-handler.c:199)
Open5GS daemon v2.4.4

06/12 19:06:47.460: [app] INFO: Configuration: '/open5gs/install/etc/open5gs/udm.yaml' (../lib/app/ogs-init.c:129)
06/12 19:06:47.461: [app] INFO: File Logging: '/open5gs/install/var/log/open5gs/udm.log' (../lib/app/ogs-init.c:132)
06/12 19:06:47.464: [sbi] INFO: nghttp2_server() [127.0.0.12]:7777 (../lib/sbi/nghttp2-server.c:144)
06/12 19:06:47.466: [app] INFO: UDM initialize...done (../src/udm/app.c:31)
06/12 19:06:47.472: [udm] INFO: [47630ef4-0954-41ee-8edc-9b119afe0411] NF registred [Heartbeat:10s] (../src/udm/nf-sm.c:198)
06/12 19:06:47.500: [udm] INFO: [476539d6-0954-41ee-92fa-c192829f7321] (NRF-notify) NF registered (../src/udm/nnrf-handler.c:180)
06/12 19:06:47.501: [udm] INFO: [476539d6-0954-41ee-92fa-c192829f7321] (NRF-notify) NF Profile updated (../src/udm/nnrf-handler.c:199)
Open5GS daemon v2.4.4

06/12 19:17:09.659: [app] INFO: Configuration: '/open5gs/install/etc/open5gs/udm.yaml' (../lib/app/ogs-init.c:129)
06/12 19:17:09.662: [app] INFO: File Logging: '/open5gs/install/var/log/open5gs/udm.log' (../lib/app/ogs-init.c:132)
06/12 19:17:09.666: [sbi] INFO: nghttp2_server() [127.0.0.12]:7777 (../lib/sbi/nghttp2-server.c:144)
06/12 19:17:09.669: [app] INFO: UDM initialize...done (../src/udm/app.c:31)
06/12 19:17:09.679: [udm] INFO: [ba3f892e-0955-41ee-96c8-5f009894eb34] NF registred [Heartbeat:10s] (../src/udm/nf-sm.c:198)
Open5GS daemon v2.4.4

06/12 20:45:20.738: [app] INFO: Configuration: '/open5gs/install/etc/open5gs/udm.yaml' (../lib/app/ogs-init.c:129)
06/12 20:45:20.739: [app] INFO: File Logging: '/open5gs/install/var/log/open5gs/udm.log' (../lib/app/ogs-init.c:132)
06/12 20:45:20.741: [sbi] INFO: nghttp2_server() [127.0.0.12]:7777 (../lib/sbi/nghttp2-server.c:144)
06/12 20:45:20.749: [app] INFO: UDM initialize...done (../src/udm/app.c:31)
06/12 20:45:20.756: [udm] INFO: [0bf97f98-0962-41ee-a822-4b86180800bf] NF registred [Heartbeat:10s] (../src/udm/nf-sm.c:198)
06/12 20:45:20.762: [udm] INFO: [0bf9a18a-0962-41ee-98e8-eb555b8f30cf] (NRF-notify) NF registered (../src/udm/nnrf-handler.c:180)
06/12 20:45:20.762: [udm] INFO: [0bf9a18a-0962-41ee-98e8-eb555b8f30cf] (NRF-notify) NF Profile updated (../src/udm/nnrf-handler.c:199)
06/12 20:57:31.829: [app] INFO: SIGHUP received (../src/main.c:58)
Open5GS daemon v2.4.4

06/12 20:57:41.240: [app] INFO: Configuration: '/open5gs/install/etc/open5gs/udm.yaml' (../lib/app/ogs-init.c:129)
06/12 20:57:41.240: [app] INFO: File Logging: '/open5gs/install/var/log/open5gs/udm.log' (../lib/app/ogs-init.c:132)
06/12 20:57:41.242: [sbi] INFO: nghttp2_server() [127.0.0.12]:7777 (../lib/sbi/nghttp2-server.c:144)
06/12 20:57:41.249: [app] INFO: UDM initialize...done (../src/udm/app.c:31)
06/12 20:57:41.259: [udm] INFO: [c559170e-0963-41ee-a34e-7555937fb9d3] NF registred [Heartbeat:10s] (../src/udm/nf-sm.c:198)
06/12 20:57:41.266: [udm] INFO: [c559019c-0963-41ee-a1cd-a1bf4f99b830] (NRF-notify) NF registered (../src/udm/nnrf-handler.c:180)
06/12 20:57:41.267: [udm] INFO: [c559019c-0963-41ee-a1cd-a1bf4f99b830] (NRF-notify) NF Profile updated (../src/udm/nnrf-handler.c:199)
Open5GS daemon v2.4.4

06/12 21:03:49.044: [app] INFO: Configuration: '/open5gs/install/etc/open5gs/udm.yaml' (../lib/app/ogs-init.c:129)
06/12 21:03:49.045: [app] INFO: File Logging: '/open5gs/install/var/log/open5gs/udm.log' (../lib/app/ogs-init.c:132)
06/12 21:03:49.050: [sbi] INFO: nghttp2_server() [127.0.0.12]:7777 (../lib/sbi/nghttp2-server.c:144)
06/12 21:03:49.053: [app] INFO: UDM initialize...done (../src/udm/app.c:31)
06/12 21:03:49.062: [udm] INFO: [a0940c0c-0964-41ee-82bf-0d8b331428a1] NF registred [Heartbeat:10s] (../src/udm/nf-sm.c:198)
06/12 21:03:49.086: [udm] INFO: [a0966ac4-0964-41ee-9285-0d54ad7e4826] (NRF-notify) NF registered (../src/udm/nnrf-handler.c:180)
06/12 21:03:49.087: [udm] INFO: [a0966ac4-0964-41ee-9285-0d54ad7e4826] (NRF-notify) NF Profile updated (../src/udm/nnrf-handler.c:199)
Open5GS daemon v2.4.4

06/12 21:05:15.255: [app] INFO: Configuration: '/open5gs/install/etc/open5gs/udm.yaml' (../lib/app/ogs-init.c:129)
06/12 21:05:15.255: [app] INFO: File Logging: '/open5gs/install/var/log/open5gs/udm.log' (../lib/app/ogs-init.c:132)
06/12 21:05:15.257: [sbi] INFO: nghttp2_server() [127.0.0.12]:7777 (../lib/sbi/nghttp2-server.c:144)
06/12 21:05:15.270: [app] INFO: UDM initialize...done (../src/udm/app.c:31)
06/12 21:05:15.279: [udm] INFO: [d3f62daa-0964-41ee-8fd2-f533c72ef77b] NF registred [Heartbeat:10s] (../src/udm/nf-sm.c:198)
06/12 21:05:15.287: [udm] INFO: [d3f6fc1c-0964-41ee-af0a-a3b26e0e01e8] (NRF-notify) NF registered (../src/udm/nnrf-handler.c:180)
06/12 21:05:15.287: [udm] INFO: [d3f6fc1c-0964-41ee-af0a-a3b26e0e01e8] (NRF-notify) NF Profile updated (../src/udm/nnrf-handler.c:199)
Open5GS daemon v2.4.4

06/26 17:15:51.072: [app] INFO: Configuration: '/open5gs/install/etc/open5gs/udm.yaml' (../lib/app/ogs-init.c:129)
06/26 17:15:51.086: [app] INFO: File Logging: '/open5gs/install/var/log/open5gs/udm.log' (../lib/app/ogs-init.c:132)
06/26 17:15:51.090: [sbi] INFO: nghttp2_server() [127.0.0.12]:7777 (../lib/sbi/nghttp2-server.c:144)
06/26 17:15:51.100: [app] INFO: UDM initialize...done (../src/udm/app.c:31)
06/26 17:15:51.211: [udm] INFO: [19a98000-1445-41ee-8592-73bcae2af417] NF registred [Heartbeat:10s] (../src/udm/nf-sm.c:198)
06/26 17:15:51.284: [udm] INFO: [19bf9552-1445-41ee-8985-dd53db383605] (NRF-notify) NF registered (../src/udm/nnrf-handler.c:180)
06/26 17:15:51.285: [udm] INFO: [19bf9552-1445-41ee-8985-dd53db383605] (NRF-notify) NF Profile updated (../src/udm/nnrf-handler.c:199)
Open5GS daemon v2.4.4

06/26 17:16:45.951: [app] INFO: Configuration: '/open5gs/install/etc/open5gs/udm.yaml' (../lib/app/ogs-init.c:129)
06/26 17:16:45.951: [app] INFO: File Logging: '/open5gs/install/var/log/open5gs/udm.log' (../lib/app/ogs-init.c:132)
06/26 17:16:45.953: [sbi] INFO: nghttp2_server() [127.0.0.12]:7777 (../lib/sbi/nghttp2-server.c:144)
06/26 17:16:45.957: [app] INFO: UDM initialize...done (../src/udm/app.c:31)
06/26 17:16:45.964: [udm] INFO: [3a5ce6a2-1445-41ee-9678-df67329fcf12] NF registred [Heartbeat:10s] (../src/udm/nf-sm.c:198)
06/26 17:16:45.993: [udm] INFO: [3a5f0068-1445-41ee-81e1-418c0b886855] (NRF-notify) NF registered (../src/udm/nnrf-handler.c:180)
06/26 17:16:45.993: [udm] INFO: [3a5f0068-1445-41ee-81e1-418c0b886855] (NRF-notify) NF Profile updated (../src/udm/nnrf-handler.c:199)
06/26 17:26:24.693: [app] INFO: SIGHUP received (../src/main.c:58)
Open5GS daemon v2.4.4

06/26 17:27:45.744: [app] INFO: Configuration: '/open5gs/install/etc/open5gs/udm.yaml' (../lib/app/ogs-init.c:129)
06/26 17:27:45.747: [app] INFO: File Logging: '/open5gs/install/var/log/open5gs/udm.log' (../lib/app/ogs-init.c:132)
06/26 17:27:45.754: [sbi] INFO: nghttp2_server() [127.0.0.12]:7777 (../lib/sbi/nghttp2-server.c:144)
06/26 17:27:45.759: [app] INFO: UDM initialize...done (../src/udm/app.c:31)
06/26 17:27:45.764: [udm] INFO: [c3a1cf12-1446-41ee-a36c-936b869cc745] NF registred [Heartbeat:10s] (../src/udm/nf-sm.c:198)
06/26 17:27:45.791: [udm] INFO: [c3a5a5c4-1446-41ee-a022-5f80c78fbd6c] (NRF-notify) NF registered (../src/udm/nnrf-handler.c:180)
06/26 17:27:45.791: [udm] INFO: [c3a5a5c4-1446-41ee-a022-5f80c78fbd6c] (NRF-notify) NF Profile updated (../src/udm/nnrf-handler.c:199)
Open5GS daemon v2.4.4

06/26 17:53:56.211: [app] INFO: Configuration: '/open5gs/install/etc/open5gs/udm.yaml' (../lib/app/ogs-init.c:129)
06/26 17:53:56.212: [app] INFO: File Logging: '/open5gs/install/var/log/open5gs/udm.log' (../lib/app/ogs-init.c:132)
06/26 17:53:56.217: [sbi] INFO: nghttp2_server() [127.0.0.12]:7777 (../lib/sbi/nghttp2-server.c:144)
06/26 17:53:56.234: [app] INFO: UDM initialize...done (../src/udm/app.c:31)
06/26 17:53:56.239: [udm] INFO: [6bb3c7a2-144a-41ee-9112-ad013f8cfb3d] NF registred [Heartbeat:10s] (../src/udm/nf-sm.c:198)
06/26 17:53:56.248: [udm] INFO: [6bb3c81a-144a-41ee-9a74-19faa989bbb5] (NRF-notify) NF registered (../src/udm/nnrf-handler.c:180)
06/26 17:53:56.249: [udm] INFO: [6bb3c81a-144a-41ee-9a74-19faa989bbb5] (NRF-notify) NF Profile updated (../src/udm/nnrf-handler.c:199)
Open5GS daemon v2.4.4

06/26 17:55:35.195: [app] INFO: Configuration: '/open5gs/install/etc/open5gs/udm.yaml' (../lib/app/ogs-init.c:129)
06/26 17:55:35.197: [app] INFO: File Logging: '/open5gs/install/var/log/open5gs/udm.log' (../lib/app/ogs-init.c:132)
06/26 17:55:35.200: [sbi] INFO: nghttp2_server() [127.0.0.12]:7777 (../lib/sbi/nghttp2-server.c:144)
06/26 17:55:35.202: [app] INFO: UDM initialize...done (../src/udm/app.c:31)
06/26 17:55:35.205: [udm] INFO: [a6b3c780-144a-41ee-8f91-dd341ee15303] NF registred [Heartbeat:10s] (../src/udm/nf-sm.c:198)
06/26 17:55:35.212: [udm] INFO: [a6b3edbe-144a-41ee-85f4-bb9b7675bde3] (NRF-notify) NF registered (../src/udm/nnrf-handler.c:180)
06/26 17:55:35.212: [udm] INFO: [a6b3edbe-144a-41ee-85f4-bb9b7675bde3] (NRF-notify) NF Profile updated (../src/udm/nnrf-handler.c:199)
Open5GS daemon v2.4.4

06/26 18:13:04.093: [app] INFO: Configuration: '/open5gs/install/etc/open5gs/udm.yaml' (../lib/app/ogs-init.c:129)
06/26 18:13:04.093: [app] INFO: File Logging: '/open5gs/install/var/log/open5gs/udm.log' (../lib/app/ogs-init.c:132)
06/26 18:13:04.094: [sbi] INFO: nghttp2_server() [127.0.0.12]:7777 (../lib/sbi/nghttp2-server.c:144)
06/26 18:13:04.097: [app] INFO: UDM initialize...done (../src/udm/app.c:31)
06/26 18:13:04.100: [udm] INFO: [17e46214-144d-41ee-a6cb-69cb766d26ef] NF registred [Heartbeat:10s] (../src/udm/nf-sm.c:198)
Open5GS daemon v2.4.4

06/30 09:19:18.205: [app] INFO: Configuration: '/open5gs/install/etc/open5gs/udm.yaml' (../lib/app/ogs-init.c:129)
06/30 09:19:18.205: [app] INFO: File Logging: '/open5gs/install/var/log/open5gs/udm.log' (../lib/app/ogs-init.c:132)
06/30 09:19:18.211: [sbi] INFO: nghttp2_server() [127.0.0.12]:7777 (../lib/sbi/nghttp2-server.c:144)
06/30 09:19:18.271: [app] INFO: UDM initialize...done (../src/udm/app.c:31)
06/30 09:19:18.292: [udm] INFO: [30a12e22-1727-41ee-8618-f9129f9a4e0b] NF registred [Heartbeat:10s] (../src/udm/nf-sm.c:198)
06/30 09:19:18.367: [udm] INFO: [30a5a86c-1727-41ee-b155-2d7bfe6935a2] (NRF-notify) NF registered (../src/udm/nnrf-handler.c:180)
06/30 09:19:18.367: [udm] INFO: [30a5a86c-1727-41ee-b155-2d7bfe6935a2] (NRF-notify) NF Profile updated (../src/udm/nnrf-handler.c:199)
Open5GS daemon v2.4.4

06/30 09:20:45.406: [app] INFO: Configuration: '/open5gs/install/etc/open5gs/udm.yaml' (../lib/app/ogs-init.c:129)
06/30 09:20:45.406: [app] INFO: File Logging: '/open5gs/install/var/log/open5gs/udm.log' (../lib/app/ogs-init.c:132)
06/30 09:20:45.408: [sbi] INFO: nghttp2_server() [127.0.0.12]:7777 (../lib/sbi/nghttp2-server.c:144)
06/30 09:20:45.414: [app] INFO: UDM initialize...done (../src/udm/app.c:31)
06/30 09:20:45.423: [udm] INFO: [649aa8ca-1727-41ee-bec9-c749f52532c6] NF registred [Heartbeat:10s] (../src/udm/nf-sm.c:198)
06/30 09:20:45.438: [udm] INFO: [649a8336-1727-41ee-b0f8-9dafbe2bbc89] (NRF-notify) NF registered (../src/udm/nnrf-handler.c:180)
06/30 09:20:45.438: [udm] INFO: [649a8336-1727-41ee-b0f8-9dafbe2bbc89] (NRF-notify) NF Profile updated (../src/udm/nnrf-handler.c:199)
Open5GS daemon v2.4.4

06/30 09:55:45.833: [app] INFO: Configuration: '/open5gs/install/etc/open5gs/udm.yaml' (../lib/app/ogs-init.c:129)
06/30 09:55:45.833: [app] INFO: File Logging: '/open5gs/install/var/log/open5gs/udm.log' (../lib/app/ogs-init.c:132)
06/30 09:55:45.836: [sbi] INFO: nghttp2_server() [127.0.0.12]:7777 (../lib/sbi/nghttp2-server.c:144)
06/30 09:55:45.839: [app] INFO: UDM initialize...done (../src/udm/app.c:31)
06/30 09:55:45.849: [udm] INFO: [488e4268-172c-41ee-b941-a3be079012b3] NF registred [Heartbeat:10s] (../src/udm/nf-sm.c:198)
06/30 09:55:45.867: [udm] INFO: [488e9f24-172c-41ee-8395-2f7e212d898b] (NRF-notify) NF registered (../src/udm/nnrf-handler.c:180)
06/30 09:55:45.868: [udm] INFO: [488e9f24-172c-41ee-8395-2f7e212d898b] (NRF-notify) NF Profile updated (../src/udm/nnrf-handler.c:199)
Open5GS daemon v2.4.4

06/30 10:06:02.805: [app] INFO: Configuration: '/open5gs/install/etc/open5gs/udm.yaml' (../lib/app/ogs-init.c:129)
06/30 10:06:02.805: [app] INFO: File Logging: '/open5gs/install/var/log/open5gs/udm.log' (../lib/app/ogs-init.c:132)
06/30 10:06:02.807: [sbi] INFO: nghttp2_server() [127.0.0.12]:7777 (../lib/sbi/nghttp2-server.c:144)
06/30 10:06:02.810: [app] INFO: UDM initialize...done (../src/udm/app.c:31)
06/30 10:06:02.824: [udm] INFO: [b84cbbec-172d-41ee-b505-d7123a76dbfb] NF registred [Heartbeat:10s] (../src/udm/nf-sm.c:198)
06/30 10:06:02.941: [udm] INFO: [b858b0dc-172d-41ee-8f7b-e15cd84c3e7a] (NRF-notify) NF registered (../src/udm/nnrf-handler.c:180)
06/30 10:06:02.942: [udm] INFO: [b858b0dc-172d-41ee-8f7b-e15cd84c3e7a] (NRF-notify) NF Profile updated (../src/udm/nnrf-handler.c:199)
Open5GS daemon v2.4.4

06/30 10:15:20.373: [app] INFO: Configuration: '/open5gs/install/etc/open5gs/udm.yaml' (../lib/app/ogs-init.c:129)
06/30 10:15:20.374: [app] INFO: File Logging: '/open5gs/install/var/log/open5gs/udm.log' (../lib/app/ogs-init.c:132)
06/30 10:15:20.377: [sbi] INFO: nghttp2_server() [127.0.0.12]:7777 (../lib/sbi/nghttp2-server.c:144)
06/30 10:15:20.379: [app] INFO: UDM initialize...done (../src/udm/app.c:31)
06/30 10:15:20.396: [udm] INFO: [04a33c68-172f-41ee-a321-39ef37e4d292] NF registred [Heartbeat:10s] (../src/udm/nf-sm.c:198)
06/30 10:15:20.472: [udm] INFO: [04ac817e-172f-41ee-aac0-37b8017ad302] (NRF-notify) NF registered (../src/udm/nnrf-handler.c:180)
06/30 10:15:20.473: [udm] INFO: [04ac817e-172f-41ee-aac0-37b8017ad302] (NRF-notify) NF Profile updated (../src/udm/nnrf-handler.c:199)
06/30 12:11:34.227: [udm] ERROR: [04a33c68-172f-41ee-a321-39ef37e4d292] No heartbeat (../src/udm/nf-sm.c:285)
06/30 12:11:34.235: [udm] INFO: [04a33c68-172f-41ee-a321-39ef37e4d292] NF de-registered (../src/udm/nf-sm.c:222)
06/30 12:11:34.277: [udm] ERROR: [04a33c68-172f-41ee-a321-39ef37e4d292] HTTP response error [204] (../src/udm/nf-sm.c:135)
06/30 12:11:34.722: [udm] WARNING: [04a33c68-172f-41ee-a321-39ef37e4d292] Retry to registration with NRF (../src/udm/nf-sm.c:373)
06/30 12:11:34.726: [udm] INFO: [04a33c68-172f-41ee-a321-39ef37e4d292] NF registred [Heartbeat:10s] (../src/udm/nf-sm.c:198)
Open5GS daemon v2.4.4

06/30 12:19:39.100: [app] INFO: Configuration: '/open5gs/install/etc/open5gs/udm.yaml' (../lib/app/ogs-init.c:129)
06/30 12:19:39.100: [app] INFO: File Logging: '/open5gs/install/var/log/open5gs/udm.log' (../lib/app/ogs-init.c:132)
06/30 12:19:39.103: [sbi] INFO: nghttp2_server() [127.0.0.12]:7777 (../lib/sbi/nghttp2-server.c:144)
06/30 12:19:39.110: [app] INFO: UDM initialize...done (../src/udm/app.c:31)
06/30 12:19:39.117: [udm] INFO: [626273e4-1740-41ee-8629-5d3117c78060] NF registred [Heartbeat:10s] (../src/udm/nf-sm.c:198)
06/30 12:19:39.638: [udm] INFO: [62aff452-1740-41ee-9b10-13c1e8bc8e1a] (NRF-notify) NF registered (../src/udm/nnrf-handler.c:180)
06/30 12:19:39.647: [udm] INFO: [62aff452-1740-41ee-9b10-13c1e8bc8e1a] (NRF-notify) NF Profile updated (../src/udm/nnrf-handler.c:199)
Open5GS daemon v2.4.4

06/30 12:30:32.153: [app] INFO: Configuration: '/open5gs/install/etc/open5gs/udm.yaml' (../lib/app/ogs-init.c:129)
06/30 12:30:32.154: [app] INFO: File Logging: '/open5gs/install/var/log/open5gs/udm.log' (../lib/app/ogs-init.c:132)
06/30 12:30:32.156: [sbi] INFO: nghttp2_server() [127.0.0.12]:7777 (../lib/sbi/nghttp2-server.c:144)
06/30 12:30:32.182: [app] INFO: UDM initialize...done (../src/udm/app.c:31)
06/30 12:30:32.201: [udm] INFO: [e7a258f2-1741-41ee-b667-f341599e603f] NF registred [Heartbeat:10s] (../src/udm/nf-sm.c:198)
06/30 12:30:32.464: [udm] INFO: [e7c5b7f2-1741-41ee-be3b-4736a23fe677] (NRF-notify) NF registered (../src/udm/nnrf-handler.c:180)
06/30 12:30:32.470: [udm] INFO: [e7c5b7f2-1741-41ee-be3b-4736a23fe677] (NRF-notify) NF Profile updated (../src/udm/nnrf-handler.c:199)
Open5GS daemon v2.4.4

06/30 12:34:19.771: [app] INFO: Configuration: '/open5gs/install/etc/open5gs/udm.yaml' (../lib/app/ogs-init.c:129)
06/30 12:34:19.771: [app] INFO: File Logging: '/open5gs/install/var/log/open5gs/udm.log' (../lib/app/ogs-init.c:132)
06/30 12:34:19.773: [sbi] INFO: nghttp2_server() [127.0.0.12]:7777 (../lib/sbi/nghttp2-server.c:144)
06/30 12:34:19.779: [app] INFO: UDM initialize...done (../src/udm/app.c:31)
06/30 12:34:19.785: [udm] INFO: [6f4e16ba-1742-41ee-9a8e-39c78f123662] NF registred [Heartbeat:10s] (../src/udm/nf-sm.c:198)
06/30 12:34:19.822: [udm] INFO: [6f500b3c-1742-41ee-bdd0-2dcf11a0fc74] (NRF-notify) NF registered (../src/udm/nnrf-handler.c:180)
06/30 12:34:19.822: [udm] INFO: [6f500b3c-1742-41ee-bdd0-2dcf11a0fc74] (NRF-notify) NF Profile updated (../src/udm/nnrf-handler.c:199)
Open5GS daemon v2.4.4

06/30 12:47:16.704: [app] INFO: Configuration: '/open5gs/install/etc/open5gs/udm.yaml' (../lib/app/ogs-init.c:129)
06/30 12:47:16.705: [app] INFO: File Logging: '/open5gs/install/var/log/open5gs/udm.log' (../lib/app/ogs-init.c:132)
06/30 12:47:16.726: [sbi] INFO: nghttp2_server() [127.0.0.12]:7777 (../lib/sbi/nghttp2-server.c:144)
06/30 12:47:16.759: [app] INFO: UDM initialize...done (../src/udm/app.c:31)
06/30 12:47:16.782: [udm] INFO: [3e679696-1744-41ee-88c4-39532783e3eb] NF registred [Heartbeat:10s] (../src/udm/nf-sm.c:198)
Open5GS daemon v2.4.4

06/30 12:50:18.503: [app] INFO: Configuration: '/open5gs/install/etc/open5gs/udm.yaml' (../lib/app/ogs-init.c:129)
06/30 12:50:18.503: [app] INFO: File Logging: '/open5gs/install/var/log/open5gs/udm.log' (../lib/app/ogs-init.c:132)
06/30 12:50:18.512: [sbi] INFO: nghttp2_server() [127.0.0.12]:7777 (../lib/sbi/nghttp2-server.c:144)
06/30 12:50:18.545: [app] INFO: UDM initialize...done (../src/udm/app.c:31)
06/30 12:50:18.561: [udm] INFO: [aac0de9c-1744-41ee-ab82-59d35b3febbd] NF registred [Heartbeat:10s] (../src/udm/nf-sm.c:198)
06/30 12:50:18.597: [udm] INFO: [aac5b62e-1744-41ee-b408-4142f139db01] (NRF-notify) NF registered (../src/udm/nnrf-handler.c:180)
06/30 12:50:18.600: [udm] INFO: [aac5b62e-1744-41ee-b408-4142f139db01] (NRF-notify) NF Profile updated (../src/udm/nnrf-handler.c:199)
Open5GS daemon v2.4.4

06/30 13:05:21.257: [app] INFO: Configuration: '/open5gs/install/etc/open5gs/udm.yaml' (../lib/app/ogs-init.c:129)
06/30 13:05:21.278: [app] INFO: File Logging: '/open5gs/install/var/log/open5gs/udm.log' (../lib/app/ogs-init.c:132)
06/30 13:05:21.288: [sbi] INFO: nghttp2_server() [127.0.0.12]:7777 (../lib/sbi/nghttp2-server.c:144)
06/30 13:05:21.316: [app] INFO: UDM initialize...done (../src/udm/app.c:31)
06/30 13:05:21.340: [udm] INFO: [c4dab440-1746-41ee-9256-ad653ef031bb] NF registred [Heartbeat:10s] (../src/udm/nf-sm.c:198)
06/30 13:07:47.655: [app] INFO: SIGHUP received (../src/main.c:58)
Open5GS daemon v2.4.4

06/30 13:08:47.239: [app] INFO: Configuration: '/open5gs/install/etc/open5gs/udm.yaml' (../lib/app/ogs-init.c:129)
06/30 13:08:47.242: [app] INFO: File Logging: '/open5gs/install/var/log/open5gs/udm.log' (../lib/app/ogs-init.c:132)
06/30 13:08:47.249: [sbi] INFO: nghttp2_server() [127.0.0.12]:7777 (../lib/sbi/nghttp2-server.c:144)
06/30 13:08:47.252: [app] INFO: UDM initialize...done (../src/udm/app.c:31)
06/30 13:08:47.277: [udm] INFO: [3f9df0a2-1747-41ee-b4d0-71aba7ba2ace] NF registred [Heartbeat:10s] (../src/udm/nf-sm.c:198)
06/30 13:08:47.443: [udm] INFO: [3faf5a36-1747-41ee-b920-e1d66c2418f8] (NRF-notify) NF registered (../src/udm/nnrf-handler.c:180)
06/30 13:08:47.443: [udm] INFO: [3faf5a36-1747-41ee-b920-e1d66c2418f8] (NRF-notify) NF Profile updated (../src/udm/nnrf-handler.c:199)
